{"numFailedTestSuites":1,"numFailedTests":2,"numPassedTestSuites":0,"numPassedTests":25,"numPendingTestSuites":0,"numPendingTests":0,"numRuntimeErrorTestSuites":0,"numTodoTests":0,"numTotalTestSuites":1,"numTotalTests":27,"openHandles":[],"snapshot":{"added":0,"didUpdate":false,"failure":false,"filesAdded":0,"filesRemoved":0,"filesRemovedList":[],"filesUnmatched":0,"filesUpdated":0,"matched":0,"total":0,"unchecked":0,"uncheckedKeysByFile":[],"unmatched":0,"updated":0},"startTime":1776591948666,"success":false,"testResults":[{"assertionResults":[{"ancestorTitles":["Practice Hub - Shell"],"duration":98,"failureDetails":[],"failureMessages":[],"fullName":"Practice Hub - Shell renders top bar and global search","invocations":1,"location":null,"numPassingAsserts":3,"retryReasons":[],"status":"passed","title":"renders top bar and global search"},{"ancestorTitles":["Practice Hub - Shell"],"duration":70,"failureDetails":[],"failureMessages":[],"fullName":"Practice Hub - Shell renders primary icon-rail groups","invocations":1,"location":null,"numPassingAsserts":8,"retryReasons":[],"status":"passed","title":"renders primary icon-rail groups"},{"ancestorTitles":["Practice Hub - Shell"],"duration":202,"failureDetails":[],"failureMessages":[],"fullName":"Practice Hub - Shell closes and reopens secondary nav panel","invocations":1,"location":null,"numPassingAsserts":5,"retryReasons":[],"status":"passed","title":"closes and reopens secondary nav panel"},{"ancestorTitles":["Practice Hub - Dashboard"],"duration":50,"failureDetails":[{"name":"TestingLibraryElementError"}],"failureMessages":["TestingLibraryElementError: Unable to find an element with the text: /showing placeholder data/i. This could be because the text is broken up by multiple elements. In this case, you can provide a function for your text matcher to make your matcher more flexible.\n\nIgnored nodes: comments, script, style\n\u001b[36m<body>\u001b[39m\n  \u001b[36m<div>\u001b[39m\n    \u001b[36m<div\u001b[39m\n      \u001b[33mclass\u001b[39m=\u001b[32m\"flex flex-col h-screen bg-slate-100 overflow-hidden\"\u001b[39m\n    \u001b[36m>\u001b[39m\n      \u001b[36m<header\u001b[39m\n        \u001b[33mclass\u001b[39m=\u001b[32m\"flex-shrink-0 h-14 bg-slate-900 flex items-center justify-between px-5 border-b border-slate-700 shadow-xl z-50\"\u001b[39m\n      \u001b[36m>\u001b[39m\n        \u001b[36m<div\u001b[39m\n          \u001b[33mclass\u001b[39m=\u001b[32m\"flex items-center gap-5\"\u001b[39m\n        \u001b[36m>\u001b[39m\n          \u001b[36m<div\u001b[39m\n            \u001b[33mclass\u001b[39m=\u001b[32m\"flex items-center gap-3 pr-5 border-r border-slate-700\"\u001b[39m\n          \u001b[36m>\u001b[39m\n            \u001b[36m<div\u001b[39m\n              \u001b[33mclass\u001b[39m=\u001b[32m\"w-8 h-8 bg-blue-500 rounded-xl flex items-center justify-center shadow-lg shadow-blue-600/30\"\u001b[39m\n            \u001b[36m>\u001b[39m\n              \u001b[36m<svg\u001b[39m\n                \u001b[33maria-hidden\u001b[39m=\u001b[32m\"true\"\u001b[39m\n                \u001b[33mclass\u001b[39m=\u001b[32m\"lucide lucide-briefcase-business text-white\"\u001b[39m\n                \u001b[33mfill\u001b[39m=\u001b[32m\"none\"\u001b[39m\n                \u001b[33mheight\u001b[39m=\u001b[32m\"15\"\u001b[39m\n                \u001b[33mstroke\u001b[39m=\u001b[32m\"currentColor\"\u001b[39m\n                \u001b[33mstroke-linecap\u001b[39m=\u001b[32m\"round\"\u001b[39m\n                \u001b[33mstroke-linejoin\u001b[39m=\u001b[32m\"round\"\u001b[39m\n                \u001b[33mstroke-width\u001b[39m=\u001b[32m\"2\"\u001b[39m\n                \u001b[33mviewBox\u001b[39m=\u001b[32m\"0 0 24 24\"\u001b[39m\n                \u001b[33mwidth\u001b[39m=\u001b[32m\"15\"\u001b[39m\n                \u001b[33mxmlns\u001b[39m=\u001b[32m\"http://www.w3.org/2000/svg\"\u001b[39m\n              \u001b[36m>\u001b[39m\n                \u001b[36m<path\u001b[39m\n                  \u001b[33md\u001b[39m=\u001b[32m\"M12 12h.01\"\u001b[39m\n                \u001b[36m/>\u001b[39m\n                \u001b[36m<path\u001b[39m\n                  \u001b[33md\u001b[39m=\u001b[32m\"M16 6V4a2 2 0 0 0-2-2h-4a2 2 0 0 0-2 2v2\"\u001b[39m\n                \u001b[36m/>\u001b[39m\n                \u001b[36m<path\u001b[39m\n                  \u001b[33md\u001b[39m=\u001b[32m\"M22 13a18.15 18.15 0 0 1-20 0\"\u001b[39m\n                \u001b[36m/>\u001b[39m\n                \u001b[36m<rect\u001b[39m\n                  \u001b[33mheight\u001b[39m=\u001b[32m\"14\"\u001b[39m\n                  \u001b[33mrx\u001b[39m=\u001b[32m\"2\"\u001b[39m\n                  \u001b[33mwidth\u001b[39m=\u001b[32m\"20\"\u001b[39m\n                  \u001b[33mx\u001b[39m=\u001b[32m\"2\"\u001b[39m\n                  \u001b[33my\u001b[39m=\u001b[32m\"6\"\u001b[39m\n                \u001b[36m/>\u001b[39m\n              \u001b[36m</svg>\u001b[39m\n            \u001b[36m</div>\u001b[39m\n            \u001b[36m<div>\u001b[39m\n              \u001b[36m<p\u001b[39m\n                \u001b[33mclass\u001b[39m=\u001b[32m\"text-sm font-black text-white leading-none tracking-tight\"\u001b[39m\n              \u001b[36m>\u001b[39m\n                \u001b[0mHaypbooks\u001b[0m\n              \u001b[36m</p>\u001b[39m\n              \u001b[36m<p\u001b[39m\n                \u001b[33mclass\u001b[39m=\u001b[32m\"text-[9px] text-blue-400 font-bold uppercase tracking-widest leading-none mt-0.5\"\u001b[39m\n              \u001b[36m>\u001b[39m\n                \u001b[0mPractice Hub\u001b[0m\n              \u001b[36m</p>\u001b[39m\n            \u001b[36m</div>\u001b[39m\n          \u001b[36m</div>\u001b[39m\n          \u001b[36m<button\u001b[39m\n            \u001b[33mclass\u001b[39m=\u001b[32m\"hidden md:flex items-center gap-2 bg-slate-800 border border-slate-700 px-3 py-1.5 rounded-xl hover:bg-slate-700 transition-colors group\"\u001b[39m\n          \u001b[36m>\u001b[39m\n            \u001b[36m<svg\u001b[39m\n              \u001b[33maria-hidden\u001b[39m=\u001b[32m\"true\"\u001b[39m\n              \u001b[33mclass\u001b[39m=\u001b[32m\"lucide lucide-layout-grid text-blue-400 group-hover:rotate-90 transition-transform duration-300\"\u001b[39m\n              \u001b[33mfill\u001b[39m=\u001b[32m\"none\"\u001b[39m\n              \u001b[33mheight\u001b[39m=\u001b[32m\"13\"\u001b[39m\n              \u001b[33mstroke\u001b[39m=\u001b[32m\"currentColor\"\u001b[39m\n              \u001b[33mstroke-linecap\u001b[39m=\u001b[32m\"round\"\u001b[39m\n              \u001b[33mstroke-linejoin\u001b[39m=\u001b[32m\"round\"\u001b[39m\n              \u001b[33mstroke-width\u001b[39m=\u001b[32m\"2\"\u001b[39m\n              \u001b[33mviewBox\u001b[39m=\u001b[32m\"0 0 24 24\"\u001b[39m\n              \u001b[33mwidth\u001b[39m=\u001b[32m\"13\"\u001b[39m\n              \u001b[33mxmlns\u001b[39m=\u001b[32m\"http://www.w3.org/2000/svg\"\u001b[39m\n            \u001b[36m>\u001b[39m\n              \u001b[36m<rect\u001b[39m\n                \u001b[33mheight\u001b[39m=\u001b[32m\"7\"\u001b[39m\n                \u001b[33mrx\u001b[39m=\u001b[32m\"1\"\u001b[39m\n                \u001b[33mwidth\u001b[39m=\u001b[32m\"7\"\u001b[39m\n                \u001b[33mx\u001b[39m=\u001b[32m\"3\"\u001b[39m\n                \u001b[33my\u001b[39m=\u001b[32m\"3\"\u001b[39m\n              \u001b[36m/>\u001b[39m\n              \u001b[36m<rect\u001b[39m\n                \u001b[33mheight\u001b[39m=\u001b[32m\"7\"\u001b[39m\n                \u001b[33mrx\u001b[39m=\u001b[32m\"1\"\u001b[39m\n                \u001b[33mwidth\u001b[39m=\u001b[32m\"7\"\u001b[39m\n                \u001b[33mx\u001b[39m=\u001b[32m\"14\"\u001b[39m\n                \u001b[33my\u001b[39m=\u001b[32m\"3\"\u001b[39m\n              \u001b[36m/>\u001b[39m\n              \u001b[36m<rect\u001b[39m\n                \u001b[33mheight\u001b[39m=\u001b[32m\"7\"\u001b[39m\n                \u001b[33mrx\u001b[39m=\u001b[32m\"1\"\u001b[39m\n                \u001b[33mwidth\u001b[39m=\u001b[32m\"7\"\u001b[39m\n                \u001b[33mx\u001b[39m=\u001b[32m\"14\"\u001b[39m\n                \u001b[33my\u001b[39m=\u001b[32m\"14\"\u001b[39m\n              \u001b[36m/>\u001b[39m\n              \u001b[36m<rect\u001b[39m\n                \u001b[33mheight\u001b[39m=\u001b[32m\"7\"\u001b[39m\n                \u001b[33mrx\u001b[39m=\u001b[32m\"1\"\u001b[39m\n                \u001b[33mwidth\u001b[39m=\u001b[32m\"7\"\u001b[39m\n                \u001b[33mx\u001b[39m=\u001b[32m\"3\"\u001b[39m\n                \u001b[33my\u001b[39m=\u001b[32m\"14\"\u001b[39m\n              \u001b[36m/>\u001b[39m\n            \u001b[36m</svg>\u001b[39m\n            \u001b[36m<div\u001b[39m\n              \u001b[33mclass\u001b[39m=\u001b[32m\"flex flex-col items-start\"\u001b[39m\n            \u001b[36m>\u001b[39m\n              \u001b[36m<span\u001b[39m\n                \u001b[33mclass\u001b[39m=\u001b[32m\"text-[8px] text-slate-500 font-bold uppercase tracking-widest leading-none\"\u001b[39m\n              \u001b[36m>\u001b[39m\n                \u001b[0mOrganization\u001b[0m\n              \u001b[36m</span>\u001b[39m\n              \u001b[36m<div\u001b[39m\n                \u001b[33mclass\u001b[39m=\u001b[32m\"flex items-center gap-1 mt-0.5\"\u001b[39m\n              \u001b[36m>\u001b[39m\n                \u001b[36m<span\u001b[39m\n                  \u001b[33mclass\u001b[39m=\u001b[32m\"text-xs font-bold text-white\"\u001b[39m\n                \u001b[36m>\u001b[39m\n                  \u001b[0mMy Practice\u001b[0m\n                \u001b[36m</span>\u001b[39m\n                \u001b[36m<svg\u001b[39m\n                  \u001b[33maria-hidden\u001b[39m=\u001b[32m\"true\"\u001b[39m\n                  \u001b[33mclass\u001b[39m=\u001b[32m\"lucide lucide-chevron-down text-slate-400\"\u001b[39m\n                  \u001b[33mfill\u001b[39m=\u001b[32m\"none\"\u001b[39m\n                  \u001b[33mheight\u001b[39m=\u001b[32m\"10\"\u001b[39m\n                  \u001b[33mstroke\u001b[39m=\u001b[32m\"currentColor\"\u001b[39m\n                  \u001b[33mstroke-linecap\u001b[39m=\u001b[32m\"round\"\u001b[39m\n                  \u001b[33mstroke-linejoin\u001b[39m=\u001b[32m\"round\"\u001b[39m\n                  \u001b[33mstroke-width\u001b[39m=\u001b[32m\"2\"\u001b[39m\n                  \u001b[33mviewBox\u001b[39m=\u001b[32m\"0 0 24 24\"\u001b[39m\n                  \u001b[33mwidth\u001b[39m=\u001b[32m\"10\"\u001b[39m\n                  \u001b[33mxmlns\u001b[39m=\u001b[32m\"http://www.w3.org/2000/svg\"\u001b[39m\n                \u001b[36m>\u001b[39m\n                  \u001b[36m<path\u001b[39m\n                    \u001b[33md\u001b[39m=\u001b[32m\"m6 9 6 6 6-6\"\u001b[39m\n                  \u001b[36m/>\u001b[39m\n                \u001b[36m</svg>\u001b[39m\n              \u001b[36m</div>\u001b[39m\n            \u001b[36m</div>\u001b[39m\n          \u001b[36m</button>\u001b[39m\n        \u001b[36m</div>\u001b[39m\n        \u001b[36m<div\u001b[39m\n          \u001b[33mclass\u001b[39m=\u001b[32m\"flex-1 max-w-xl mx-8 hidden lg:block\"\u001b[39m\n        \u001b[36m>\u001b[39m\n          \u001b[36m<div\u001b[39m\n            \u001b[33mclass\u001b[39m=\u001b[32m\"relative group\"\u001b[39m\n          \u001b[36m>\u001b[39m\n            \u001b[36m<svg\u001b[39m\n              \u001b[33maria-hidden\u001b[39m=\u001b[32m\"true\"\u001b[39m\n              \u001b[33mclass\u001b[39m=\u001b[32m\"lucide lucide-search absolute left-3.5 top-1/2 -translate-y-1/2 text-slate-400 group-focus-within:text-blue-600 t...\n    at Object.getElementError (C:\\Users\\HomePC\\Desktop\\Haypbooksv9\\Haypbooks\\Frontend\\node_modules\\@testing-library\\react\\node_modules\\@testing-library\\dom\\dist\\config.js:37:19)\n    at C:\\Users\\HomePC\\Desktop\\Haypbooksv9\\Haypbooks\\Frontend\\node_modules\\@testing-library\\react\\node_modules\\@testing-library\\dom\\dist\\query-helpers.js:76:38\n    at C:\\Users\\HomePC\\Desktop\\Haypbooksv9\\Haypbooks\\Frontend\\node_modules\\@testing-library\\react\\node_modules\\@testing-library\\dom\\dist\\query-helpers.js:52:17\n    at C:\\Users\\HomePC\\Desktop\\Haypbooksv9\\Haypbooks\\Frontend\\node_modules\\@testing-library\\react\\node_modules\\@testing-library\\dom\\dist\\query-helpers.js:95:19\n    at Object.<anonymous> (C:\\Users\\HomePC\\Desktop\\Haypbooksv9\\Haypbooks\\Frontend\\src\\__tests__\\practice-hub\\PracticeHubPage.test.tsx:126:19)\n    at runNextTicks (node:internal/process/task_queues:65:5)\n    at processImmediate (node:internal/timers:453:9)"],"fullName":"Practice Hub - Dashboard shows dashboard fallback content when API data is unavailable","invocations":1,"location":null,"numPassingAsserts":1,"retryReasons":[],"status":"failed","title":"shows dashboard fallback content when API data is unavailable"},{"ancestorTitles":["Practice Hub - Dashboard"],"duration":99,"failureDetails":[],"failureMessages":[],"fullName":"Practice Hub - Dashboard opens and closes dashboard help modal","invocations":1,"location":null,"numPassingAsserts":2,"retryReasons":[],"status":"passed","title":"opens and closes dashboard help modal"},{"ancestorTitles":["Practice Hub - Client List"],"duration":258,"failureDetails":[{"name":"TestingLibraryElementError"}],"failureMessages":["TestingLibraryElementError: Unable to find an accessible element with the role \"heading\" and name \"My Clients\"\n\nHere are the accessible roles:\n\n  banner:\n\n  Name \"\":\n  \u001b[36m<header\u001b[39m\n    \u001b[33mclass\u001b[39m=\u001b[32m\"flex-shrink-0 h-14 bg-slate-900 flex items-center justify-between px-5 border-b border-slate-700 shadow-xl z-50\"\u001b[39m\n  \u001b[36m/>\u001b[39m\n\n  Name \"\":\n  \u001b[36m<header\u001b[39m\n    \u001b[33mclass\u001b[39m=\u001b[32m\"flex flex-col gap-3 md:flex-row md:items-center md:justify-between\"\u001b[39m\n  \u001b[36m/>\u001b[39m\n\n  --------------------------------------------------\n  button:\n\n  Name \"Organization My Practice\":\n  \u001b[36m<button\u001b[39m\n    \u001b[33mclass\u001b[39m=\u001b[32m\"hidden md:flex items-center gap-2 bg-slate-800 border border-slate-700 px-3 py-1.5 rounded-xl hover:bg-slate-700 transition-colors group\"\u001b[39m\n  \u001b[36m/>\u001b[39m\n\n  Name \"New\":\n  \u001b[36m<button\u001b[39m\n    \u001b[33mclass\u001b[39m=\u001b[32m\"p-2 text-slate-400 hover:bg-slate-700 hover:text-white rounded-xl transition-all\"\u001b[39m\n    \u001b[33mtitle\u001b[39m=\u001b[32m\"New\"\u001b[39m\n  \u001b[36m/>\u001b[39m\n\n  Name \"4\":\n  \u001b[36m<button\u001b[39m\n    \u001b[33mclass\u001b[39m=\u001b[32m\"relative p-2 text-slate-400 hover:bg-slate-700 hover:text-white rounded-xl transition-all\"\u001b[39m\n    \u001b[33mtitle\u001b[39m=\u001b[32m\"Notifications\"\u001b[39m\n  \u001b[36m/>\u001b[39m\n\n  Name \"Help\":\n  \u001b[36m<button\u001b[39m\n    \u001b[33mclass\u001b[39m=\u001b[32m\"p-2 text-slate-400 hover:bg-slate-700 hover:text-white rounded-xl transition-all\"\u001b[39m\n    \u001b[33mtitle\u001b[39m=\u001b[32m\"Help\"\u001b[39m\n  \u001b[36m/>\u001b[39m\n\n  Name \"Checklist\":\n  \u001b[36m<button\u001b[39m\n    \u001b[33mclass\u001b[39m=\u001b[32m\"flex items-center gap-1.5 px-2.5 py-1.5 text-slate-400 hover:bg-slate-700 hover:text-white rounded-xl transition-all text-xs font-bold\"\u001b[39m\n    \u001b[33mtitle\u001b[39m=\u001b[32m\"Development Checklist\"\u001b[39m\n  \u001b[36m/>\u001b[39m\n\n  Name \"... Loading...\":\n  \u001b[36m<button\u001b[39m\n    \u001b[33mclass\u001b[39m=\u001b[32m\"flex items-center gap-2.5 text-left\"\u001b[39m\n    \u001b[33mtype\u001b[39m=\u001b[32m\"button\"\u001b[39m\n  \u001b[36m/>\u001b[39m\n\n  Name \"Home\":\n  \u001b[36m<button\u001b[39m\n    \u001b[33mclass\u001b[39m=\u001b[32m\"relative z-10 w-16 flex flex-col items-center justify-center py-3 rounded-xl transition-all group text-slate-500 hover:bg-slate-800 hover:text-slate-200\"\u001b[39m\n    \u001b[33mtitle\u001b[39m=\u001b[32m\"Home\"\u001b[39m\n  \u001b[36m/>\u001b[39m\n\n  Name \"Clients\":\n  \u001b[36m<button\u001b[39m\n    \u001b[33mclass\u001b[39m=\u001b[32m\"relative z-10 w-16 flex flex-col items-center justify-center py-3 rounded-xl transition-all group bg-slate-700 text-white shadow-lg ring-1 ring-blue-500/40\"\u001b[39m\n    \u001b[33mtitle\u001b[39m=\u001b[32m\"Clients\"\u001b[39m\n  \u001b[36m/>\u001b[39m\n\n  Name \"Work Mgmt\":\n  \u001b[36m<button\u001b[39m\n    \u001b[33mclass\u001b[39m=\u001b[32m\"relative z-10 w-16 flex flex-col items-center justify-center py-3 rounded-xl transition-all group text-slate-500 hover:bg-slate-800 hover:text-slate-200\"\u001b[39m\n    \u001b[33mtitle\u001b[39m=\u001b[32m\"Work Mgmt\"\u001b[39m\n  \u001b[36m/>\u001b[39m\n\n  Name \"Workspace\":\n  \u001b[36m<button\u001b[39m\n    \u001b[33mclass\u001b[39m=\u001b[32m\"relative z-10 w-16 flex flex-col items-center justify-center py-3 rounded-xl transition-all group text-slate-500 hover:bg-slate-800 hover:text-slate-200\"\u001b[39m\n    \u001b[33mtitle\u001b[39m=\u001b[32m\"Workspace\"\u001b[39m\n  \u001b[36m/>\u001b[39m\n\n  Name \"Billing\":\n  \u001b[36m<button\u001b[39m\n    \u001b[33mclass\u001b[39m=\u001b[32m\"relative z-10 w-16 flex flex-col items-center justify-center py-3 rounded-xl transition-all group text-slate-500 hover:bg-slate-800 hover:text-slate-200\"\u001b[39m\n    \u001b[33mtitle\u001b[39m=\u001b[32m\"Billing\"\u001b[39m\n  \u001b[36m/>\u001b[39m\n\n  Name \"Team\":\n  \u001b[36m<button\u001b[39m\n    \u001b[33mclass\u001b[39m=\u001b[32m\"relative z-10 w-16 flex flex-col items-center justify-center py-3 rounded-xl transition-all group text-slate-500 hover:bg-slate-800 hover:text-slate-200\"\u001b[39m\n    \u001b[33mtitle\u001b[39m=\u001b[32m\"Team\"\u001b[39m\n  \u001b[36m/>\u001b[39m\n\n  Name \"Analytics\":\n  \u001b[36m<button\u001b[39m\n    \u001b[33mclass\u001b[39m=\u001b[32m\"relative z-10 w-16 flex flex-col items-center justify-center py-3 rounded-xl transition-all group text-slate-500 hover:bg-slate-800 hover:text-slate-200\"\u001b[39m\n    \u001b[33mtitle\u001b[39m=\u001b[32m\"Analytics\"\u001b[39m\n  \u001b[36m/>\u001b[39m\n\n  Name \"Settings\":\n  \u001b[36m<button\u001b[39m\n    \u001b[33mclass\u001b[39m=\u001b[32m\"relative z-10 w-16 flex flex-col items-center justify-center py-3 rounded-xl transition-all group text-slate-500 hover:bg-slate-800 hover:text-slate-200\"\u001b[39m\n    \u001b[33mtitle\u001b[39m=\u001b[32m\"Settings\"\u001b[39m\n  \u001b[36m/>\u001b[39m\n\n  Name \"Close panel\":\n  \u001b[36m<button\u001b[39m\n    \u001b[33mclass\u001b[39m=\u001b[32m\"p-1.5 rounded-lg bg-slate-100 hover:bg-rose-100 text-slate-500 hover:text-rose-600 transition-all\"\u001b[39m\n    \u001b[33mtitle\u001b[39m=\u001b[32m\"Close panel\"\u001b[39m\n  \u001b[36m/>\u001b[39m\n\n  Name \"Management\":\n  \u001b[36m<button\u001b[39m\n    \u001b[33mclass\u001b[39m=\u001b[32m\"w-full flex items-center justify-between px-3 py-2 mt-3 rounded-lg transition-colors group bg-blue-50\"\u001b[39m\n  \u001b[36m/>\u001b[39m\n\n  Name \"My Clients\":\n  \u001b[36m<button\u001b[39m\n    \u001b[33mclass\u001b[39m=\u001b[32m\"w-full flex items-center gap-2.5 px-3 py-2.5 rounded-xl text-sm font-medium transition-all bg-blue-600/10 text-blue-700 shadow-sm\"\u001b[39m\n  \u001b[36m/>\u001b[39m\n\n  Name \"Client Groups\":\n  \u001b[36m<button\u001b[39m\n    \u001b[33mclass\u001b[39m=\u001b[32m\"w-full flex items-center gap-2.5 px-3 py-2.5 rounded-xl text-sm font-medium transition-all text-slate-600 hover:bg-blue-50 hover:text-blue-700\"\u001b[39m\n  \u001b[36m/>\u001b[39m\n\n  Name \"Client Portal\":\n  \u001b[36m<button\u001b[39m\n    \u001b[33mclass\u001b[39m=\u001b[32m\"w-full flex items-center gap-2.5 px-3 py-2.5 rounded-xl text-sm font-medium transition-all text-slate-600 hover:bg-blue-50 hover:text-blue-700\"\u001b[39m\n  \u001b[36m/>\u001b[39m\n\n  Name \"CRM & Engagement\":\n  \u001b[36m<button\u001b[39m\n    \u001b[33mclass\u001b[39m=\u001b[32m\"w-full flex items-center justify-between px-3 py-2 mt-3 rounded-lg transition-colors group bg-blue-50\"\u001b[39m\n  \u001b[36m/>\u001b[39m\n\n  Name \"Client Relationships\":\n  \u001b[36m<button\u001b[39m\n    \u001b[33mclass\u001b[39m=\u001b[32m\"w-full flex items-center gap-2.5 px-3 py-2.5 rounded-xl text-sm font-medium transition-all text-slate-600 hover:bg-blue-50 hover:text-blue-700\"\u001b[39m\n  \u001b[36m/>\u001b[39m\n\n  Name \"Communications\":\n  \u001b[36m<button\u001b[39m\n    \u001b[33mclass\u001b[39m=\u001b[32m\"w-full flex items-center gap-2.5 px-3 py-2.5 rounded-xl text-sm font-medium transition-all text-slate-600 hover:bg-blue-50 hover:text-blue-700\"\u001b[39m\n  \u001b[36m/>\u001b[39m\n\n  Name \"Client Documents\":\n  \u001b[36m<button\u001b[39m\n    \u001b[33mclass\u001b[39m=\u001b[32m\"w-full flex items-center gap-2.5 px-3 py-2.5 rounded-xl text-sm font-medium transition-all text-slate-600 hover:bg-blue-50 hover:text-blue-700\"\u001b[39m\n  \u001b[36m/>\u001b[39m\n\n  Name \"Engagements\":\n  \u001b[36m<button\u001b[39m\n    \u001b[33mclass\u001b[39m=\u001b[32m\"w-full flex items-center gap-2.5 px-3 py-2.5 rounded-xl text-sm font-medium transition-all text-slate-600 hover:bg-blue-50 hover:text-blue-700\"\u001b[39m\n  \u001b[36m/>\u001b[39m\n\n  Name \"Lifecycle\":\n  \u001b[36m<button\u001b[39m\n    \u001b[33mclass\u001b[39m=\u001b[32m\"w-full flex items-center justify-between px-3 py-2 mt-3 rounded-lg transition-colors group bg-blue-50\"\u001b[39m\n  \u001b[36m/>\u001b[39m\n\n  Name \"Client Onboarding\":\n  \u001b[36m<button\u001b[39m\n    \u001b[33mclass\u001b[39m=\u001b[32m\"w-full flex items-center gap-2.5 px-3 py-2.5 rounded-xl text-sm font-medium transition-all text-slate-600 hover:bg-blue-50 hover:text-blue-700\"\u001b[39m\n  \u001b[36m/>\u001b[39m\n\n  Name \"Transitions & Exits\":\n  \u001b[36m<button\u001b[39m\n    \u001b[33mclass\u001b[39m=\u001b[32m\"w-full flex items-center gap-2.5 px-3 py-2.5 rounded-xl text-sm font-medium transition-all text-slate-600 hover:bg-blue-50 hover:text-blue-700\"\u001b[39m\n  \u001b[36m/>\u001b[39m\n\n  Name \"Refresh\":\n  \u001b[36m<button\u001b[39m\n    \u001b[33mclass\u001b[39m=\u001b[32m\"inline-flex items-center gap-2 rounded-lg border border-slate-200 bg-white px-4 py-2 text-sm font-semibold text-slate-700 shadow-sm hover:bg-slate-50\"\u001b[39m\n  \u001b[36m/>\u001b[39m\n\n  Name \"Add clients\":\n  \u001b[36m<button\u001b[39m\n    \u001b[33mclass\u001b[39m=\u001b[32m\"inline-flex items-center gap-2 rounded-lg bg-emerald-600 px-4 py-2 text-sm font-semibold text-white shadow-sm hover:bg-emerald-700\"\u001b[39m\n  \u001b[36m/>\u001b[39m\n\n  Name \"Open Client List help\":\n  \u001b[36m<button\u001b[39m\n    \u001b[33maria-label\u001b[39m=\u001b[32m\"Open Client List help\"\u001b[39m\n    \u001b[33mclass\u001b[39m=\u001b[32m\"w-9 h-9 rounded-full border border-slate-300 bg-white text-slate-700 hover:bg-slate-50 text-lg font-bold\"\u001b[39m\n  \u001b[36m/>\u001b[39m\n\n  Name \"Connected Clients (0)\":\n  \u001b[36m<button\u001b[39m\n    \u001b[33mclass\u001b[39m=\u001b[32m\"rounded-full px-4 py-2 text-sm font-semibold bg-blue-700 text-white\"\u001b[39m\n    \u001b[33mtype\u001b[39m=\u001b[32m\"button\"\u001b[39m\n  \u001b[36m/>\u001b[39m\n\n  Name \"Incoming Requests (0)\":\n  \u001b[36m<button\u001b[39m\n    \u001b[33mclass\u001b[39m=\u001b[32m\"rounded-full px-4 py-2 text-sm font-semibold bg-white text-slate-600 border border-slate-200 hover:bg-slate-50\"\u001b[39m\n    \u001b[33mtype\u001b[39m=\u001b[32m\"button\"\u001b[39m\n  \u001b[36m/>\u001b[39m\n\n  Name \"Advanced Filter\":\n  \u001b[36m<button\u001b[39m\n    \u001b[33mclass\u001b[39m=\u001b[32m\"inline-flex items-center gap-2 rounded-lg border border-slate-200 bg-white px-4 py-2 text-sm font-medium text-slate-600 hover:bg-slate-50\"\u001b[39m\n    \u001b[33mtype\u001b[39m=\u001b[32m\"button\"\u001b[39m\n  \u001b[36m/>\u001b[39m\n\n  --------------------------------------------------\n  textbox:\n\n  Name \"\":\n  \u001b[36m<input\u001b[39m\n    \u001b[33mclass\u001b[39m=\u001b[32m\"w-full bg-slate-800 border border-slate-700 rounded-xl py-2 pl-9 pr-20 text-sm text-white placeholder:text-slate-500 focus:outline-none focus:ring-2 focus:ring-blue-500/30 focus:border-blue-600 transition-all\"\u001b[39m\n    \u001b[33mplaceholder\u001b[39m=\u001b[32m\"Search clients, tasks, reports...\"\u001b[39m\n  \u001b[36m/>\u001b[39m\n\n  Name \"\":\n  \u001b[36m<input\u001b[39m\n    \u001b[33mclass\u001b[39m=\u001b[32m\"w-[260px] rounded-xl border border-slate-200 bg-white py-2.5 pl-10 pr-4 text-sm text-slate-700 shadow-sm focus:border-emerald-400 focus:outline-none focus:ring-2 focus:ring-emerald-100\"\u001b[39m\n    \u001b[33mplaceholder\u001b[39m=\u001b[32m\"Search by name, email, or company...\"\u001b[39m\n    \u001b[33mvalue\u001b[39m=\u001b[32m\"\"\u001b[39m\n  \u001b[36m/>\u001b[39m\n\n  --------------------------------------------------\n  complementary:\n\n  Name \"\":\n  \u001b[36m<aside\u001b[39m\n    \u001b[33mclass\u001b[39m=\u001b[32m\"relative w-20 flex-shrink-0 bg-slate-900 border-r border-slate-800 flex flex-col items-center py-4 gap-2 overflow-y-auto\"\u001b[39m\n  \u001b[36m/>\u001b[39m\n\n  Name \"\":\n  \u001b[36m<aside\u001b[39m\n    \u001b[33mclass\u001b[39m=\u001b[32m\"w-[220px] flex-shrink-0 bg-white border-r border-slate-200 flex flex-col overflow-hidden shadow-sm\"\u001b[39m\n  \u001b[36m/>\u001b[39m\n\n  --------------------------------------------------\n  navigation:\n\n  Name \"\":\n  \u001b[36m<nav\u001b[39m\n    \u001b[33mclass\u001b[39m=\u001b[32m\"flex-1 overflow-y-auto px-2.5 py-2.5 space-y-0.5\"\u001b[39m\n  \u001b[36m/>\u001b[39m\n\n  --------------------------------------------------\n  main:\n\n  Name \"\":\n  \u001b[36m<main\u001b[39m\n    \u001b[33mclass\u001b[39m=\u001b[32m\"flex-1 overflow-y-auto px-7 py-6 bg-slate-50\"\u001b[39m\n  \u001b[36m/>\u001b[39m\n\n  --------------------------------------------------\n  heading:\n\n  Name \"Clients\":\n  \u001b[36m<h1\u001b[39m\n    \u001b[33mclass\u001b[39m=\u001b[32m\"text-2xl font-bold text-slate-900\"\u001b[39m\n  \u001b[36m/>\u001b[39m\n\n  --------------------------------------------------\n  table:\n\n  Name \"\":\n  \u001b[36m<table\u001b[39m\n    \u001b[33mclass\u001b[39m=\u001b[32m\"w-full text-left text-sm\"\u001b[39m\n  \u001b[36m/>\u001b[39m\n\n  --------------------------------------------------\n  rowgroup:\n\n  Name \"\":\n  \u001b[36m<thead\u001b[39m\n    \u001b[33mclass\u001b[39m=\u001b[32m\"bg-slate-50\"\u001b[39m\n  \u001b[36m/>\u001b[39m\n\n  Name \"\":\n  \u001b[36m<tbody\u001b[39m\n    \u001b[33mclass\u001b[39m=\u001b[32m\"divide-y divide-slate-100\"\u001b[39m\n  \u001b[36m/>\u001b[39m\n\n  --------------------------------------------------\n  row:\n\n  Name \"Client Company Industry Permissions Status Revenue Last Active Tasks Actions\":\n  \u001b[36m<tr />\u001b[39m\n\n  Name \"No clients match your filters.\":\n  \u001b[36m<tr />\u001b[39m\n\n  --------------------------------------------------\n  columnheader:\n\n  Name \"Client\":\n  \u001b[36m<th\u001b[39m\n    \u001b[33mclass\u001b[39m=\u001b[32m\"px-4 py-3 font-medium text-slate-500\"\u001b[39m\n  \u001b[36m/>\u001b[39m\n\n  Name \"Company\":\n  \u001b[36m<th\u001b[39m\n    \u001b[33mclass\u001b[39m=\u001b[32m\"px-4 py-3 font-medium text-slate-500\"\u001b[39m\n  \u001b[36m/>\u001b[39m\n\n  Name \"Industry\":\n  \u001b[36m<th\u001b[39m\n    \u001b[33mclass\u001b[39m=\u001b[32m\"px-4 py-3 font-medium text-slate-500\"\u001b[39m\n  \u001b[36m/>\u001b[39m\n\n  Name \"Permissions\":\n  \u001b[36m<th\u001b[39m\n    \u001b[33mclass\u001b[39m=\u001b[32m\"px-4 py-3 font-medium text-slate-500\"\u001b[39m\n  \u001b[36m/>\u001b[39m\n\n  Name \"Status\":\n  \u001b[36m<th\u001b[39m\n    \u001b[33mclass\u001b[39m=\u001b[32m\"px-4 py-3 font-medium text-slate-500\"\u001b[39m\n  \u001b[36m/>\u001b[39m\n\n  Name \"Revenue\":\n  \u001b[36m<th\u001b[39m\n    \u001b[33mclass\u001b[39m=\u001b[32m\"px-4 py-3 font-medium text-slate-500\"\u001b[39m\n  \u001b[36m/>\u001b[39m\n\n  Name \"Last Active\":\n  \u001b[36m<th\u001b[39m\n    \u001b[33mclass\u001b[39m=\u001b[32m\"px-4 py-3 font-medium text-slate-500\"\u001b[39m\n  \u001b[36m/>\u001b[39m\n\n  Name \"Tasks\":\n  \u001b[36m<th\u001b[39m\n    \u001b[33mclass\u001b[39m=\u001b[32m\"px-4 py-3 font-medium text-slate-500\"\u001b[39m\n  \u001b[36m/>\u001b[39m\n\n  Name \"Actions\":\n  \u001b[36m<th\u001b[39m\n    \u001b[33mclass\u001b[39m=\u001b[32m\"px-4 py-3 font-medium text-slate-500\"\u001b[39m\n  \u001b[36m/>\u001b[39m\n\n  --------------------------------------------------\n  cell:\n\n  Name \"No clients match your filters.\":\n  \u001b[36m<td\u001b[39m\n    \u001b[33mclass\u001b[39m=\u001b[32m\"px-4 py-10 text-center text-sm text-slate-400\"\u001b[39m\n    \u001b[33mcolspan\u001b[39m=\u001b[32m\"9\"\u001b[39m\n  \u001b[36m/>\u001b[39m\n\n  --------------------------------------------------\n\nIgnored nodes: comments, script, style\n\u001b[36m<body>\u001b[39m\n  \u001b[36m<div>\u001b[39m\n    \u001b[36m<div\u001b[39m\n      \u001b[33mclass\u001b[39m=\u001b[32m\"flex flex-col h-screen bg-slate-100 overflow-hidden\"\u001b[39m\n    \u001b[36m>\u001b[39m\n      \u001b[36m<header\u001b[39m\n        \u001b[33mclass\u001b[39m=\u001b[32m\"flex-shrink-0 h-14 bg-slate-900 flex items-center justify-between px-5 border-b border-slate-700 shadow-xl z-50\"\u001b[39m\n      \u001b[36m>\u001b[39m\n        \u001b[36m<div\u001b[39m\n          \u001b[33mclass\u001b[39m=\u001b[32m\"flex items-center gap-5\"\u001b[39m\n        \u001b[36m>\u001b[39m\n          \u001b[36m<div\u001b[39m\n            \u001b[33mclass\u001b[39m=\u001b[32m\"flex items-center gap-3 pr-5 border-r border-slate-700\"\u001b[39m\n          \u001b[36m>\u001b[39m\n            \u001b[36m<div\u001b[39m\n              \u001b[33mclass\u001b[39m=\u001b[32m\"w-8 h-8 bg-blue-500 rounded-xl flex items-center justify-center shadow-lg shadow-blue-600/30\"\u001b[39m\n            \u001b[36m>\u001b[39m\n              \u001b[36m<svg\u001b[39m\n                \u001b[33maria-hidden\u001b[39m=\u001b[32m\"true\"\u001b[39m\n                \u001b[33mclass\u001b[39m=\u001b[32m\"lucide lucide-briefcase-business text-white\"\u001b[39m\n                \u001b[33mfill\u001b[39m=\u001b[32m\"none\"\u001b[39m\n                \u001b[33mheight\u001b[39m=\u001b[32m\"15\"\u001b[39m\n                \u001b[33mstroke\u001b[39m=\u001b[32m\"currentColor\"\u001b[39m\n                \u001b[33mstroke-linecap\u001b[39m=\u001b[32m\"round\"\u001b[39m\n                \u001b[33mstroke-linejoin\u001b[39m=\u001b[32m\"round\"\u001b[39m\n                \u001b[33mstroke-width\u001b[39m=\u001b[32m\"2\"\u001b[39m\n                \u001b[33mviewBox\u001b[39m=\u001b[32m\"0 0 24 24\"\u001b[39m\n                \u001b[33mwidth\u001b[39m=\u001b[32m\"15\"\u001b[39m\n                \u001b[33mxmlns\u001b[39m=\u001b[32m\"http://www.w3.org/2000/svg\"\u001b[39m\n              \u001b[36m>\u001b[39m\n                \u001b[36m<path\u001b[39m\n                  \u001b[33md\u001b[39m=\u001b[32m\"M12 12h.01\"\u001b[39m\n                \u001b[36m/>\u001b[39m\n                \u001b[36m<path\u001b[39m\n                  \u001b[33md\u001b[39m=\u001b[32m\"M16 6V4a2 2 0 0 0-2-2h-4a2 2 0 0 0-2 2v2\"\u001b[39m\n                \u001b[36m/>\u001b[39m\n                \u001b[36m<path\u001b[39m\n                  \u001b[33md\u001b[39m=\u001b[32m\"M22 13a18.15 18.15 0 0 1-20 0\"\u001b[39m\n                \u001b[36m/>\u001b[39m\n                \u001b[36m<rect\u001b[39m\n                  \u001b[33mheight\u001b[39m=\u001b[32m\"14\"\u001b[39m\n                  \u001b[33mrx\u001b[39m=\u001b[32m\"2\"\u001b[39m\n                  \u001b[33mwidth\u001b[39m=\u001b[32m\"20\"\u001b[39m\n                  \u001b[33mx\u001b[39m=\u001b[32m\"2\"\u001b[39m\n                  \u001b[33my\u001b[39m=\u001b[32m\"6\"\u001b[39m\n                \u001b[36m/>\u001b[39m\n              \u001b[36m</svg>\u001b[39m\n            \u001b[36m</div>\u001b[39m\n            \u001b[36m<div>\u001b[39m\n              \u001b[36m<p\u001b[39m\n                \u001b[33mclass\u001b[39m=\u001b[32m\"text-sm font-black text-white leading-none tracking-tight\"\u001b[39m\n              \u001b[36m>\u001b[39m\n                \u001b[0mHaypbooks\u001b[0m\n              \u001b[36m</p>\u001b[39m\n              \u001b[36m<p\u001b[39m\n                \u001b[33mclass\u001b[39m=\u001b[32m\"text-[9px] text-blue-400 font-bold uppercase tracking-widest leading-none mt-0.5\"\u001b[39m\n              \u001b[36m>\u001b[39m\n                \u001b[0mPractice Hub\u001b[0m\n              \u001b[36m</p>\u001b[39m\n            \u001b[36m</div>\u001b[39m\n          \u001b[36m</div>\u001b[39m\n          \u001b[36m<button\u001b[39m\n            \u001b[33mclass\u001b[39m=\u001b[32m\"hidden md:flex items-center gap-2 bg-slate-800 border border-slate-700 px-3 py-1.5 rounded-xl hover:bg-slate-700 transition-colors group\"\u001b[39m\n          \u001b[36m>\u001b[39m\n            \u001b[36m<svg\u001b[39m\n              \u001b[33maria-hidden\u001b[39m=\u001b[32m\"true\"\u001b[39m\n              \u001b[33mclass\u001b[39m=\u001b[32m\"lucide lucide-layout-grid text-blue-400 group-hover:rotate-90 transition-transform duration-300\"\u001b[39m\n              \u001b[33mfill\u001b[39m=\u001b[32m\"none\"\u001b[39m\n              \u001b[33mheight\u001b[39m=\u001b[32m\"13\"\u001b[39m\n              \u001b[33mstroke\u001b[39m=\u001b[32m\"currentColor\"\u001b[39m\n              \u001b[33mstroke-linecap\u001b[39m=\u001b[32m\"round\"\u001b[39m\n              \u001b[33mstroke-linejoin\u001b[39m=\u001b[32m\"round\"\u001b[39m\n              \u001b[33mstroke-width\u001b[39m=\u001b[32m\"2\"\u001b[39m\n              \u001b[33mviewBox\u001b[39m=\u001b[32m\"0 0 24 24\"\u001b[39m\n              \u001b[33mwidth\u001b[39m=\u001b[32m\"13\"\u001b[39m\n              \u001b[33mxmlns\u001b[39m=\u001b[32m\"http://www.w3.org/2000/svg\"\u001b[39m\n            \u001b[36m>\u001b[39m\n              \u001b[36m<rect\u001b[39m\n                \u001b[33mheight\u001b[39m=\u001b[32m\"7\"\u001b[39m\n                \u001b[33mrx\u001b[39m=\u001b[32m\"1\"\u001b[39m\n                \u001b[33mwidth\u001b[39m=\u001b[32m\"7\"\u001b[39m\n                \u001b[33mx\u001b[39m=\u001b[32m\"3\"\u001b[39m\n                \u001b[33my\u001b[39m=\u001b[32m\"3\"\u001b[39m\n              \u001b[36m/>\u001b[39m\n              \u001b[36m<rect\u001b[39m\n                \u001b[33mheight\u001b[39m=\u001b[32m\"7\"\u001b[39m\n                \u001b[33mrx\u001b[39m=\u001b[32m\"1\"\u001b[39m\n                \u001b[33mwidth\u001b[39m=\u001b[32m\"7\"\u001b[39m\n                \u001b[33mx\u001b[39m=\u001b[32m\"14\"\u001b[39m\n                \u001b[33my\u001b[39m=\u001b[32m\"3\"\u001b[39m\n              \u001b[36m/>\u001b[39m\n              \u001b[36m<rect\u001b[39m\n                \u001b[33mheight\u001b[39m=\u001b[32m\"7\"\u001b[39m\n                \u001b[33mrx\u001b[39m=\u001b[32m\"1\"\u001b[39m\n                \u001b[33mwidth\u001b[39m=\u001b[32m\"7\"\u001b[39m\n                \u001b[33mx\u001b[39m=\u001b[32m\"14\"\u001b[39m\n                \u001b[33my\u001b[39m=\u001b[32m\"14\"\u001b[39m\n              \u001b[36m/>\u001b[39m\n              \u001b[36m<rect\u001b[39m\n                \u001b[33mheight\u001b[39m=\u001b[32m\"7\"\u001b[39m\n                \u001b[33mrx\u001b[39m=\u001b[32m\"1\"\u001b[39m\n                \u001b[33mwidth\u001b[39m=\u001b[32m\"7\"\u001b[39m\n                \u001b[33mx\u001b[39m=\u001b[32m\"3\"\u001b[39m\n                \u001b[33my\u001b[39m=\u001b[32m\"14\"\u001b[39m\n              \u001b[36m/>\u001b[39m\n            \u001b[36m</svg>\u001b[39m\n            \u001b[36m<div\u001b[39m\n              \u001b[33mclass\u001b[39m=\u001b[32m\"flex flex-col items-start\"\u001b[39m\n            \u001b[36m>\u001b[39m\n              \u001b[36m<span\u001b[39m\n                \u001b[33mclass\u001b[39m=\u001b[32m\"text-[8px] text-slate-500 font-bold uppercase tracking-widest leading-none\"\u001b[39m\n              \u001b[36m>\u001b[39m\n                \u001b[0mOrganization\u001b[0m\n              \u001b[36m</span>\u001b[39m\n              \u001b[36m<div\u001b[39m\n                \u001b[33mclass\u001b[39m=\u001b[32m\"flex items-center gap-1 mt-0.5\"\u001b[39m\n              \u001b[36m>\u001b[39m\n                \u001b[36m<span\u001b[39m\n                  \u001b[33mclass\u001b[39m=\u001b[32m\"text-xs font-bold text-white\"\u001b[39m\n                \u001b[36m>\u001b[39m\n                  \u001b[0mMy Practice\u001b[0m\n                \u001b[36m</span>\u001b[39m\n                \u001b[36m<svg\u001b[39m\n                  \u001b[33maria-hidden\u001b[39m=\u001b[32m\"true\"\u001b[39m\n                  \u001b[33mclass\u001b[39m=\u001b[32m\"lucide lucide-chevron-down text-slate-400\"\u001b[39m\n                  \u001b[33mfill\u001b[39m=\u001b[32m\"none\"\u001b[39m\n                  \u001b[33mheight\u001b[39m=\u001b[32m\"10\"\u001b[39m\n                  \u001b[33mstroke\u001b[39m=\u001b[32m\"currentColor\"\u001b[39m\n                  \u001b[33mstroke-linecap\u001b[39m=\u001b[32m\"round\"\u001b[39m\n                  \u001b[33mstroke-linejoin\u001b[39m=\u001b[32m\"round\"\u001b[39m\n                  \u001b[33mstroke-width\u001b[39m=\u001b[32m\"2\"\u001b[39m\n                  \u001b[33mviewBox\u001b[39m=\u001b[32m\"0 0 24 24\"\u001b[39m\n                  \u001b[33mwidth\u001b[39m=\u001b[32m\"10\"\u001b[39m\n                  \u001b[33mxmlns\u001b[39m=\u001b[32m\"http://www.w3.org/2000/svg\"\u001b[39m\n                \u001b[36m>\u001b[39m\n                  \u001b[36m<path\u001b[39m\n                    \u001b[33md\u001b[39m=\u001b[32m\"m6 9 6 6 6-6\"\u001b[39m\n                  \u001b[36m/>\u001b[39m\n                \u001b[36m</svg>\u001b[39m\n              \u001b[36m</div>\u001b[39m\n            \u001b[36m</div>\u001b[39m\n          \u001b[36m</button>\u001b[39m\n        \u001b[36m</div>\u001b[39m\n        \u001b[36m<div\u001b[39m\n          \u001b[33mclass\u001b[39m=\u001b[32m\"flex-1 max-w-xl mx-8 hidden lg:block\"\u001b[39m\n        \u001b[36m>\u001b[39m\n          \u001b[36m<div\u001b[39m\n            \u001b[33mclass\u001b[39m=\u001b[32m\"relative group\"\u001b[39m\n          \u001b[36m>\u001b[39m\n            \u001b[36m<svg\u001b[39m\n              \u001b[33maria-hidden\u001b[39m=\u001b[32m\"true\"\u001b[39m\n              \u001b[33mclass\u001b[39m=\u001b[32m\"lucide lucide-search absolute left-3.5 top-1/2 -translate-y-1/2 text-slate-400 group-focus-within:text-blue-600 t...\n    at Object.getElementError (C:\\Users\\HomePC\\Desktop\\Haypbooksv9\\Haypbooks\\Frontend\\node_modules\\@testing-library\\react\\node_modules\\@testing-library\\dom\\dist\\config.js:37:19)\n    at C:\\Users\\HomePC\\Desktop\\Haypbooksv9\\Haypbooks\\Frontend\\node_modules\\@testing-library\\react\\node_modules\\@testing-library\\dom\\dist\\query-helpers.js:76:38\n    at C:\\Users\\HomePC\\Desktop\\Haypbooksv9\\Haypbooks\\Frontend\\node_modules\\@testing-library\\react\\node_modules\\@testing-library\\dom\\dist\\query-helpers.js:52:17\n    at C:\\Users\\HomePC\\Desktop\\Haypbooksv9\\Haypbooks\\Frontend\\node_modules\\@testing-library\\react\\node_modules\\@testing-library\\dom\\dist\\query-helpers.js:95:19\n    at Object.<anonymous> (C:\\Users\\HomePC\\Desktop\\Haypbooksv9\\Haypbooks\\Frontend\\src\\__tests__\\practice-hub\\PracticeHubPage.test.tsx:156:19)"],"fullName":"Practice Hub - Client List renders empty-state fallback and help modal","invocations":1,"location":null,"numPassingAsserts":0,"retryReasons":[],"status":"failed","title":"renders empty-state fallback and help modal"},{"ancestorTitles":["Practice Hub docs panel - Practice Health"],"duration":108,"failureDetails":[],"failureMessages":[],"fullName":"Practice Hub docs panel - Practice Health renders docs prompt and modal flow","invocations":1,"location":null,"numPassingAsserts":4,"retryReasons":[],"status":"passed","title":"renders docs prompt and modal flow"},{"ancestorTitles":["Practice Hub docs panel - Shortcuts"],"duration":107,"failureDetails":[],"failureMessages":[],"fullName":"Practice Hub docs panel - Shortcuts renders docs prompt and modal flow","invocations":1,"location":null,"numPassingAsserts":4,"retryReasons":[],"status":"passed","title":"renders docs prompt and modal flow"},{"ancestorTitles":["Practice Hub docs panel - Client Onboarding"],"duration":126,"failureDetails":[],"failureMessages":[],"fullName":"Practice Hub docs panel - Client Onboarding renders docs prompt and modal flow","invocations":1,"location":null,"numPassingAsserts":4,"retryReasons":[],"status":"passed","title":"renders docs prompt and modal flow"},{"ancestorTitles":["Practice Hub docs panel - Client Documents"],"duration":128,"failureDetails":[],"failureMessages":[],"fullName":"Practice Hub docs panel - Client Documents renders docs prompt and modal flow","invocations":1,"location":null,"numPassingAsserts":4,"retryReasons":[],"status":"passed","title":"renders docs prompt and modal flow"},{"ancestorTitles":["Practice Hub docs panel - Client CRM & Leads"],"duration":122,"failureDetails":[],"failureMessages":[],"fullName":"Practice Hub docs panel - Client CRM & Leads renders docs prompt and modal flow","invocations":1,"location":null,"numPassingAsserts":4,"retryReasons":[],"status":"passed","title":"renders docs prompt and modal flow"},{"ancestorTitles":["Practice Hub docs panel - Communications"],"duration":112,"failureDetails":[],"failureMessages":[],"fullName":"Practice Hub docs panel - Communications renders docs prompt and modal flow","invocations":1,"location":null,"numPassingAsserts":4,"retryReasons":[],"status":"passed","title":"renders docs prompt and modal flow"},{"ancestorTitles":["Practice Hub docs panel - Work Queue"],"duration":96,"failureDetails":[],"failureMessages":[],"fullName":"Practice Hub docs panel - Work Queue renders docs prompt and modal flow","invocations":1,"location":null,"numPassingAsserts":4,"retryReasons":[],"status":"passed","title":"renders docs prompt and modal flow"},{"ancestorTitles":["Practice Hub docs panel - WIP Ledger"],"duration":98,"failureDetails":[],"failureMessages":[],"fullName":"Practice Hub docs panel - WIP Ledger renders docs prompt and modal flow","invocations":1,"location":null,"numPassingAsserts":4,"retryReasons":[],"status":"passed","title":"renders docs prompt and modal flow"},{"ancestorTitles":["Practice Hub docs panel - Calendar"],"duration":93,"failureDetails":[],"failureMessages":[],"fullName":"Practice Hub docs panel - Calendar renders docs prompt and modal flow","invocations":1,"location":null,"numPassingAsserts":4,"retryReasons":[],"status":"passed","title":"renders docs prompt and modal flow"},{"ancestorTitles":["Practice Hub docs panel - Books Review"],"duration":102,"failureDetails":[],"failureMessages":[],"fullName":"Practice Hub docs panel - Books Review renders docs prompt and modal flow","invocations":1,"location":null,"numPassingAsserts":4,"retryReasons":[],"status":"passed","title":"renders docs prompt and modal flow"},{"ancestorTitles":["Practice Hub docs panel - Reconciliation Hub"],"duration":107,"failureDetails":[],"failureMessages":[],"fullName":"Practice Hub docs panel - Reconciliation Hub renders docs prompt and modal flow","invocations":1,"location":null,"numPassingAsserts":4,"retryReasons":[],"status":"passed","title":"renders docs prompt and modal flow"},{"ancestorTitles":["Practice Hub docs panel - Adjusting Entries"],"duration":107,"failureDetails":[],"failureMessages":[],"fullName":"Practice Hub docs panel - Adjusting Entries renders docs prompt and modal flow","invocations":1,"location":null,"numPassingAsserts":4,"retryReasons":[],"status":"passed","title":"renders docs prompt and modal flow"},{"ancestorTitles":["Practice Hub docs panel - Client Requests"],"duration":120,"failureDetails":[],"failureMessages":[],"fullName":"Practice Hub docs panel - Client Requests renders docs prompt and modal flow","invocations":1,"location":null,"numPassingAsserts":4,"retryReasons":[],"status":"passed","title":"renders docs prompt and modal flow"},{"ancestorTitles":["Practice Hub docs panel - Invoice List"],"duration":130,"failureDetails":[],"failureMessages":[],"fullName":"Practice Hub docs panel - Invoice List renders docs prompt and modal flow","invocations":1,"location":null,"numPassingAsserts":4,"retryReasons":[],"status":"passed","title":"renders docs prompt and modal flow"},{"ancestorTitles":["Practice Hub docs panel - Rate Cards"],"duration":117,"failureDetails":[],"failureMessages":[],"fullName":"Practice Hub docs panel - Rate Cards renders docs prompt and modal flow","invocations":1,"location":null,"numPassingAsserts":4,"retryReasons":[],"status":"passed","title":"renders docs prompt and modal flow"},{"ancestorTitles":["Practice Hub docs panel - Practice Profile"],"duration":110,"failureDetails":[],"failureMessages":[],"fullName":"Practice Hub docs panel - Practice Profile renders docs prompt and modal flow","invocations":1,"location":null,"numPassingAsserts":4,"retryReasons":[],"status":"passed","title":"renders docs prompt and modal flow"},{"ancestorTitles":["Practice Hub docs panel - Subscriptions"],"duration":113,"failureDetails":[],"failureMessages":[],"fullName":"Practice Hub docs panel - Subscriptions renders docs prompt and modal flow","invocations":1,"location":null,"numPassingAsserts":4,"retryReasons":[],"status":"passed","title":"renders docs prompt and modal flow"},{"ancestorTitles":["Practice Hub docs panel - Templates"],"duration":105,"failureDetails":[],"failureMessages":[],"fullName":"Practice Hub docs panel - Templates renders docs prompt and modal flow","invocations":1,"location":null,"numPassingAsserts":4,"retryReasons":[],"status":"passed","title":"renders docs prompt and modal flow"},{"ancestorTitles":["Practice Hub docs panel - Integrations"],"duration":115,"failureDetails":[],"failureMessages":[],"fullName":"Practice Hub docs panel - Integrations renders docs prompt and modal flow","invocations":1,"location":null,"numPassingAsserts":4,"retryReasons":[],"status":"passed","title":"renders docs prompt and modal flow"},{"ancestorTitles":["Practice Hub docs panel - Team Members"],"duration":119,"failureDetails":[],"failureMessages":[],"fullName":"Practice Hub docs panel - Team Members renders docs prompt and modal flow","invocations":1,"location":null,"numPassingAsserts":4,"retryReasons":[],"status":"passed","title":"renders docs prompt and modal flow"},{"ancestorTitles":["Practice Hub docs panel - Client Analytics"],"duration":98,"failureDetails":[],"failureMessages":[],"fullName":"Practice Hub docs panel - Client Analytics renders docs prompt and modal flow","invocations":1,"location":null,"numPassingAsserts":4,"retryReasons":[],"status":"passed","title":"renders docs prompt and modal flow"}],"endTime":1776591953862,"message":"\u001b[1m\u001b[31m  \u001b[1m● \u001b[22m\u001b[1mPractice Hub - Dashboard › shows dashboard fallback content when API data is unavailable\u001b[39m\u001b[22m\n\n    TestingLibraryElementError: Unable to find an element with the text: /showing placeholder data/i. This could be because the text is broken up by multiple elements. In this case, you can provide a function for your text matcher to make your matcher more flexible.\n\n    Ignored nodes: comments, script, style\n    \u001b[36m<body>\u001b[39m\n      \u001b[36m<div>\u001b[39m\n        \u001b[36m<div\u001b[39m\n          \u001b[33mclass\u001b[39m=\u001b[32m\"flex flex-col h-screen bg-slate-100 overflow-hidden\"\u001b[39m\n        \u001b[36m>\u001b[39m\n          \u001b[36m<header\u001b[39m\n            \u001b[33mclass\u001b[39m=\u001b[32m\"flex-shrink-0 h-14 bg-slate-900 flex items-center justify-between px-5 border-b border-slate-700 shadow-xl z-50\"\u001b[39m\n          \u001b[36m>\u001b[39m\n            \u001b[36m<div\u001b[39m\n              \u001b[33mclass\u001b[39m=\u001b[32m\"flex items-center gap-5\"\u001b[39m\n            \u001b[36m>\u001b[39m\n              \u001b[36m<div\u001b[39m\n                \u001b[33mclass\u001b[39m=\u001b[32m\"flex items-center gap-3 pr-5 border-r border-slate-700\"\u001b[39m\n              \u001b[36m>\u001b[39m\n                \u001b[36m<div\u001b[39m\n                  \u001b[33mclass\u001b[39m=\u001b[32m\"w-8 h-8 bg-blue-500 rounded-xl flex items-center justify-center shadow-lg shadow-blue-600/30\"\u001b[39m\n                \u001b[36m>\u001b[39m\n                  \u001b[36m<svg\u001b[39m\n                    \u001b[33maria-hidden\u001b[39m=\u001b[32m\"true\"\u001b[39m\n                    \u001b[33mclass\u001b[39m=\u001b[32m\"lucide lucide-briefcase-business text-white\"\u001b[39m\n                    \u001b[33mfill\u001b[39m=\u001b[32m\"none\"\u001b[39m\n                    \u001b[33mheight\u001b[39m=\u001b[32m\"15\"\u001b[39m\n                    \u001b[33mstroke\u001b[39m=\u001b[32m\"currentColor\"\u001b[39m\n                    \u001b[33mstroke-linecap\u001b[39m=\u001b[32m\"round\"\u001b[39m\n                    \u001b[33mstroke-linejoin\u001b[39m=\u001b[32m\"round\"\u001b[39m\n                    \u001b[33mstroke-width\u001b[39m=\u001b[32m\"2\"\u001b[39m\n                    \u001b[33mviewBox\u001b[39m=\u001b[32m\"0 0 24 24\"\u001b[39m\n                    \u001b[33mwidth\u001b[39m=\u001b[32m\"15\"\u001b[39m\n                    \u001b[33mxmlns\u001b[39m=\u001b[32m\"http://www.w3.org/2000/svg\"\u001b[39m\n                  \u001b[36m>\u001b[39m\n                    \u001b[36m<path\u001b[39m\n                      \u001b[33md\u001b[39m=\u001b[32m\"M12 12h.01\"\u001b[39m\n                    \u001b[36m/>\u001b[39m\n                    \u001b[36m<path\u001b[39m\n                      \u001b[33md\u001b[39m=\u001b[32m\"M16 6V4a2 2 0 0 0-2-2h-4a2 2 0 0 0-2 2v2\"\u001b[39m\n                    \u001b[36m/>\u001b[39m\n                    \u001b[36m<path\u001b[39m\n                      \u001b[33md\u001b[39m=\u001b[32m\"M22 13a18.15 18.15 0 0 1-20 0\"\u001b[39m\n                    \u001b[36m/>\u001b[39m\n                    \u001b[36m<rect\u001b[39m\n                      \u001b[33mheight\u001b[39m=\u001b[32m\"14\"\u001b[39m\n                      \u001b[33mrx\u001b[39m=\u001b[32m\"2\"\u001b[39m\n                      \u001b[33mwidth\u001b[39m=\u001b[32m\"20\"\u001b[39m\n                      \u001b[33mx\u001b[39m=\u001b[32m\"2\"\u001b[39m\n                      \u001b[33my\u001b[39m=\u001b[32m\"6\"\u001b[39m\n                    \u001b[36m/>\u001b[39m\n                  \u001b[36m</svg>\u001b[39m\n                \u001b[36m</div>\u001b[39m\n                \u001b[36m<div>\u001b[39m\n                  \u001b[36m<p\u001b[39m\n                    \u001b[33mclass\u001b[39m=\u001b[32m\"text-sm font-black text-white leading-none tracking-tight\"\u001b[39m\n                  \u001b[36m>\u001b[39m\n                    \u001b[0mHaypbooks\u001b[0m\n                  \u001b[36m</p>\u001b[39m\n                  \u001b[36m<p\u001b[39m\n                    \u001b[33mclass\u001b[39m=\u001b[32m\"text-[9px] text-blue-400 font-bold uppercase tracking-widest leading-none mt-0.5\"\u001b[39m\n                  \u001b[36m>\u001b[39m\n                    \u001b[0mPractice Hub\u001b[0m\n                  \u001b[36m</p>\u001b[39m\n                \u001b[36m</div>\u001b[39m\n              \u001b[36m</div>\u001b[39m\n              \u001b[36m<button\u001b[39m\n                \u001b[33mclass\u001b[39m=\u001b[32m\"hidden md:flex items-center gap-2 bg-slate-800 border border-slate-700 px-3 py-1.5 rounded-xl hover:bg-slate-700 transition-colors group\"\u001b[39m\n              \u001b[36m>\u001b[39m\n                \u001b[36m<svg\u001b[39m\n                  \u001b[33maria-hidden\u001b[39m=\u001b[32m\"true\"\u001b[39m\n                  \u001b[33mclass\u001b[39m=\u001b[32m\"lucide lucide-layout-grid text-blue-400 group-hover:rotate-90 transition-transform duration-300\"\u001b[39m\n                  \u001b[33mfill\u001b[39m=\u001b[32m\"none\"\u001b[39m\n                  \u001b[33mheight\u001b[39m=\u001b[32m\"13\"\u001b[39m\n                  \u001b[33mstroke\u001b[39m=\u001b[32m\"currentColor\"\u001b[39m\n                  \u001b[33mstroke-linecap\u001b[39m=\u001b[32m\"round\"\u001b[39m\n                  \u001b[33mstroke-linejoin\u001b[39m=\u001b[32m\"round\"\u001b[39m\n                  \u001b[33mstroke-width\u001b[39m=\u001b[32m\"2\"\u001b[39m\n                  \u001b[33mviewBox\u001b[39m=\u001b[32m\"0 0 24 24\"\u001b[39m\n                  \u001b[33mwidth\u001b[39m=\u001b[32m\"13\"\u001b[39m\n                  \u001b[33mxmlns\u001b[39m=\u001b[32m\"http://www.w3.org/2000/svg\"\u001b[39m\n                \u001b[36m>\u001b[39m\n                  \u001b[36m<rect\u001b[39m\n                    \u001b[33mheight\u001b[39m=\u001b[32m\"7\"\u001b[39m\n                    \u001b[33mrx\u001b[39m=\u001b[32m\"1\"\u001b[39m\n                    \u001b[33mwidth\u001b[39m=\u001b[32m\"7\"\u001b[39m\n                    \u001b[33mx\u001b[39m=\u001b[32m\"3\"\u001b[39m\n                    \u001b[33my\u001b[39m=\u001b[32m\"3\"\u001b[39m\n                  \u001b[36m/>\u001b[39m\n                  \u001b[36m<rect\u001b[39m\n                    \u001b[33mheight\u001b[39m=\u001b[32m\"7\"\u001b[39m\n                    \u001b[33mrx\u001b[39m=\u001b[32m\"1\"\u001b[39m\n                    \u001b[33mwidth\u001b[39m=\u001b[32m\"7\"\u001b[39m\n                    \u001b[33mx\u001b[39m=\u001b[32m\"14\"\u001b[39m\n                    \u001b[33my\u001b[39m=\u001b[32m\"3\"\u001b[39m\n                  \u001b[36m/>\u001b[39m\n                  \u001b[36m<rect\u001b[39m\n                    \u001b[33mheight\u001b[39m=\u001b[32m\"7\"\u001b[39m\n                    \u001b[33mrx\u001b[39m=\u001b[32m\"1\"\u001b[39m\n                    \u001b[33mwidth\u001b[39m=\u001b[32m\"7\"\u001b[39m\n                    \u001b[33mx\u001b[39m=\u001b[32m\"14\"\u001b[39m\n                    \u001b[33my\u001b[39m=\u001b[32m\"14\"\u001b[39m\n                  \u001b[36m/>\u001b[39m\n                  \u001b[36m<rect\u001b[39m\n                    \u001b[33mheight\u001b[39m=\u001b[32m\"7\"\u001b[39m\n                    \u001b[33mrx\u001b[39m=\u001b[32m\"1\"\u001b[39m\n                    \u001b[33mwidth\u001b[39m=\u001b[32m\"7\"\u001b[39m\n                    \u001b[33mx\u001b[39m=\u001b[32m\"3\"\u001b[39m\n                    \u001b[33my\u001b[39m=\u001b[32m\"14\"\u001b[39m\n                  \u001b[36m/>\u001b[39m\n                \u001b[36m</svg>\u001b[39m\n                \u001b[36m<div\u001b[39m\n                  \u001b[33mclass\u001b[39m=\u001b[32m\"flex flex-col items-start\"\u001b[39m\n                \u001b[36m>\u001b[39m\n                  \u001b[36m<span\u001b[39m\n                    \u001b[33mclass\u001b[39m=\u001b[32m\"text-[8px] text-slate-500 font-bold uppercase tracking-widest leading-none\"\u001b[39m\n                  \u001b[36m>\u001b[39m\n                    \u001b[0mOrganization\u001b[0m\n                  \u001b[36m</span>\u001b[39m\n                  \u001b[36m<div\u001b[39m\n                    \u001b[33mclass\u001b[39m=\u001b[32m\"flex items-center gap-1 mt-0.5\"\u001b[39m\n                  \u001b[36m>\u001b[39m\n                    \u001b[36m<span\u001b[39m\n                      \u001b[33mclass\u001b[39m=\u001b[32m\"text-xs font-bold text-white\"\u001b[39m\n                    \u001b[36m>\u001b[39m\n                      \u001b[0mMy Practice\u001b[0m\n                    \u001b[36m</span>\u001b[39m\n                    \u001b[36m<svg\u001b[39m\n                      \u001b[33maria-hidden\u001b[39m=\u001b[32m\"true\"\u001b[39m\n                      \u001b[33mclass\u001b[39m=\u001b[32m\"lucide lucide-chevron-down text-slate-400\"\u001b[39m\n                      \u001b[33mfill\u001b[39m=\u001b[32m\"none\"\u001b[39m\n                      \u001b[33mheight\u001b[39m=\u001b[32m\"10\"\u001b[39m\n                      \u001b[33mstroke\u001b[39m=\u001b[32m\"currentColor\"\u001b[39m\n                      \u001b[33mstroke-linecap\u001b[39m=\u001b[32m\"round\"\u001b[39m\n                      \u001b[33mstroke-linejoin\u001b[39m=\u001b[32m\"round\"\u001b[39m\n                      \u001b[33mstroke-width\u001b[39m=\u001b[32m\"2\"\u001b[39m\n                      \u001b[33mviewBox\u001b[39m=\u001b[32m\"0 0 24 24\"\u001b[39m\n                      \u001b[33mwidth\u001b[39m=\u001b[32m\"10\"\u001b[39m\n                      \u001b[33mxmlns\u001b[39m=\u001b[32m\"http://www.w3.org/2000/svg\"\u001b[39m\n                    \u001b[36m>\u001b[39m\n                      \u001b[36m<path\u001b[39m\n                        \u001b[33md\u001b[39m=\u001b[32m\"m6 9 6 6 6-6\"\u001b[39m\n                      \u001b[36m/>\u001b[39m\n                    \u001b[36m</svg>\u001b[39m\n                  \u001b[36m</div>\u001b[39m\n                \u001b[36m</div>\u001b[39m\n              \u001b[36m</button>\u001b[39m\n            \u001b[36m</div>\u001b[39m\n            \u001b[36m<div\u001b[39m\n              \u001b[33mclass\u001b[39m=\u001b[32m\"flex-1 max-w-xl mx-8 hidden lg:block\"\u001b[39m\n            \u001b[36m>\u001b[39m\n              \u001b[36m<div\u001b[39m\n                \u001b[33mclass\u001b[39m=\u001b[32m\"relative group\"\u001b[39m\n              \u001b[36m>\u001b[39m\n                \u001b[36m<svg\u001b[39m\n                  \u001b[33maria-hidden\u001b[39m=\u001b[32m\"true\"\u001b[39m\n                  \u001b[33mclass\u001b[39m=\u001b[32m\"lucide lucide-search absolute left-3.5 top-1/2 -translate-y-1/2 text-slate-400 group-focus-within:text-blue-600 t...\n\u001b[2m\u001b[22m\n\u001b[2m    \u001b[0m \u001b[90m 124 |\u001b[39m     \u001b[36mawait\u001b[39m renderHub()\u001b[22m\n\u001b[2m     \u001b[90m 125 |\u001b[39m     expect(screen\u001b[33m.\u001b[39mgetByRole(\u001b[32m'heading'\u001b[39m\u001b[33m,\u001b[39m { name\u001b[33m:\u001b[39m \u001b[32m'Practice Dashboard'\u001b[39m }))\u001b[33m.\u001b[39mtoBeInTheDocument()\u001b[22m\n\u001b[2m    \u001b[31m\u001b[1m>\u001b[22m\u001b[2m\u001b[39m\u001b[90m 126 |\u001b[39m     expect(screen\u001b[33m.\u001b[39mgetByText(\u001b[35m/showing placeholder data/i\u001b[39m))\u001b[33m.\u001b[39mtoBeInTheDocument()\u001b[22m\n\u001b[2m     \u001b[90m     |\u001b[39m                   \u001b[31m\u001b[1m^\u001b[22m\u001b[2m\u001b[39m\u001b[22m\n\u001b[2m     \u001b[90m 127 |\u001b[39m     expect(screen\u001b[33m.\u001b[39mgetByRole(\u001b[32m'button'\u001b[39m\u001b[33m,\u001b[39m { name\u001b[33m:\u001b[39m \u001b[35m/refresh dashboard/i\u001b[39m }))\u001b[33m.\u001b[39mtoBeInTheDocument()\u001b[22m\n\u001b[2m     \u001b[90m 128 |\u001b[39m     expect(screen\u001b[33m.\u001b[39mgetByRole(\u001b[32m'button'\u001b[39m\u001b[33m,\u001b[39m { name\u001b[33m:\u001b[39m \u001b[35m/refresh clients/i\u001b[39m }))\u001b[33m.\u001b[39mtoBeInTheDocument()\u001b[22m\n\u001b[2m     \u001b[90m 129 |\u001b[39m     expect(screen\u001b[33m.\u001b[39mgetByText(\u001b[32m'My Clients'\u001b[39m))\u001b[33m.\u001b[39mtoBeInTheDocument()\u001b[0m\u001b[22m\n\u001b[2m\u001b[22m\n\u001b[2m      \u001b[2mat Object.getElementError (\u001b[22m\u001b[2mnode_modules/@testing-library/react/node_modules/@testing-library/dom/dist/config.js\u001b[2m:37:19)\u001b[22m\u001b[2m\u001b[22m\n\u001b[2m      \u001b[2mat \u001b[22m\u001b[2mnode_modules/@testing-library/react/node_modules/@testing-library/dom/dist/query-helpers.js\u001b[2m:76:38\u001b[22m\u001b[2m\u001b[22m\n\u001b[2m      \u001b[2mat \u001b[22m\u001b[2mnode_modules/@testing-library/react/node_modules/@testing-library/dom/dist/query-helpers.js\u001b[2m:52:17\u001b[22m\u001b[2m\u001b[22m\n\u001b[2m      \u001b[2mat \u001b[22m\u001b[2mnode_modules/@testing-library/react/node_modules/@testing-library/dom/dist/query-helpers.js\u001b[2m:95:19\u001b[22m\u001b[2m\u001b[22m\n\u001b[2m      \u001b[2mat Object.<anonymous> (\u001b[22m\u001b[2m\u001b[0m\u001b[36msrc/__tests__/practice-hub/PracticeHubPage.test.tsx\u001b[39m\u001b[0m\u001b[2m:126:19)\u001b[22m\u001b[2m\u001b[22m\n\n\u001b[1m\u001b[31m  \u001b[1m● \u001b[22m\u001b[1mPractice Hub - Client List › renders empty-state fallback and help modal\u001b[39m\u001b[22m\n\n    TestingLibraryElementError: Unable to find an accessible element with the role \"heading\" and name \"My Clients\"\n\n    Here are the accessible roles:\n\n      banner:\n\n      Name \"\":\n      \u001b[36m<header\u001b[39m\n        \u001b[33mclass\u001b[39m=\u001b[32m\"flex-shrink-0 h-14 bg-slate-900 flex items-center justify-between px-5 border-b border-slate-700 shadow-xl z-50\"\u001b[39m\n      \u001b[36m/>\u001b[39m\n\n      Name \"\":\n      \u001b[36m<header\u001b[39m\n        \u001b[33mclass\u001b[39m=\u001b[32m\"flex flex-col gap-3 md:flex-row md:items-center md:justify-between\"\u001b[39m\n      \u001b[36m/>\u001b[39m\n\n      --------------------------------------------------\n      button:\n\n      Name \"Organization My Practice\":\n      \u001b[36m<button\u001b[39m\n        \u001b[33mclass\u001b[39m=\u001b[32m\"hidden md:flex items-center gap-2 bg-slate-800 border border-slate-700 px-3 py-1.5 rounded-xl hover:bg-slate-700 transition-colors group\"\u001b[39m\n      \u001b[36m/>\u001b[39m\n\n      Name \"New\":\n      \u001b[36m<button\u001b[39m\n        \u001b[33mclass\u001b[39m=\u001b[32m\"p-2 text-slate-400 hover:bg-slate-700 hover:text-white rounded-xl transition-all\"\u001b[39m\n        \u001b[33mtitle\u001b[39m=\u001b[32m\"New\"\u001b[39m\n      \u001b[36m/>\u001b[39m\n\n      Name \"4\":\n      \u001b[36m<button\u001b[39m\n        \u001b[33mclass\u001b[39m=\u001b[32m\"relative p-2 text-slate-400 hover:bg-slate-700 hover:text-white rounded-xl transition-all\"\u001b[39m\n        \u001b[33mtitle\u001b[39m=\u001b[32m\"Notifications\"\u001b[39m\n      \u001b[36m/>\u001b[39m\n\n      Name \"Help\":\n      \u001b[36m<button\u001b[39m\n        \u001b[33mclass\u001b[39m=\u001b[32m\"p-2 text-slate-400 hover:bg-slate-700 hover:text-white rounded-xl transition-all\"\u001b[39m\n        \u001b[33mtitle\u001b[39m=\u001b[32m\"Help\"\u001b[39m\n      \u001b[36m/>\u001b[39m\n\n      Name \"Checklist\":\n      \u001b[36m<button\u001b[39m\n        \u001b[33mclass\u001b[39m=\u001b[32m\"flex items-center gap-1.5 px-2.5 py-1.5 text-slate-400 hover:bg-slate-700 hover:text-white rounded-xl transition-all text-xs font-bold\"\u001b[39m\n        \u001b[33mtitle\u001b[39m=\u001b[32m\"Development Checklist\"\u001b[39m\n      \u001b[36m/>\u001b[39m\n\n      Name \"... Loading...\":\n      \u001b[36m<button\u001b[39m\n        \u001b[33mclass\u001b[39m=\u001b[32m\"flex items-center gap-2.5 text-left\"\u001b[39m\n        \u001b[33mtype\u001b[39m=\u001b[32m\"button\"\u001b[39m\n      \u001b[36m/>\u001b[39m\n\n      Name \"Home\":\n      \u001b[36m<button\u001b[39m\n        \u001b[33mclass\u001b[39m=\u001b[32m\"relative z-10 w-16 flex flex-col items-center justify-center py-3 rounded-xl transition-all group text-slate-500 hover:bg-slate-800 hover:text-slate-200\"\u001b[39m\n        \u001b[33mtitle\u001b[39m=\u001b[32m\"Home\"\u001b[39m\n      \u001b[36m/>\u001b[39m\n\n      Name \"Clients\":\n      \u001b[36m<button\u001b[39m\n        \u001b[33mclass\u001b[39m=\u001b[32m\"relative z-10 w-16 flex flex-col items-center justify-center py-3 rounded-xl transition-all group bg-slate-700 text-white shadow-lg ring-1 ring-blue-500/40\"\u001b[39m\n        \u001b[33mtitle\u001b[39m=\u001b[32m\"Clients\"\u001b[39m\n      \u001b[36m/>\u001b[39m\n\n      Name \"Work Mgmt\":\n      \u001b[36m<button\u001b[39m\n        \u001b[33mclass\u001b[39m=\u001b[32m\"relative z-10 w-16 flex flex-col items-center justify-center py-3 rounded-xl transition-all group text-slate-500 hover:bg-slate-800 hover:text-slate-200\"\u001b[39m\n        \u001b[33mtitle\u001b[39m=\u001b[32m\"Work Mgmt\"\u001b[39m\n      \u001b[36m/>\u001b[39m\n\n      Name \"Workspace\":\n      \u001b[36m<button\u001b[39m\n        \u001b[33mclass\u001b[39m=\u001b[32m\"relative z-10 w-16 flex flex-col items-center justify-center py-3 rounded-xl transition-all group text-slate-500 hover:bg-slate-800 hover:text-slate-200\"\u001b[39m\n        \u001b[33mtitle\u001b[39m=\u001b[32m\"Workspace\"\u001b[39m\n      \u001b[36m/>\u001b[39m\n\n      Name \"Billing\":\n      \u001b[36m<button\u001b[39m\n        \u001b[33mclass\u001b[39m=\u001b[32m\"relative z-10 w-16 flex flex-col items-center justify-center py-3 rounded-xl transition-all group text-slate-500 hover:bg-slate-800 hover:text-slate-200\"\u001b[39m\n        \u001b[33mtitle\u001b[39m=\u001b[32m\"Billing\"\u001b[39m\n      \u001b[36m/>\u001b[39m\n\n      Name \"Team\":\n      \u001b[36m<button\u001b[39m\n        \u001b[33mclass\u001b[39m=\u001b[32m\"relative z-10 w-16 flex flex-col items-center justify-center py-3 rounded-xl transition-all group text-slate-500 hover:bg-slate-800 hover:text-slate-200\"\u001b[39m\n        \u001b[33mtitle\u001b[39m=\u001b[32m\"Team\"\u001b[39m\n      \u001b[36m/>\u001b[39m\n\n      Name \"Analytics\":\n      \u001b[36m<button\u001b[39m\n        \u001b[33mclass\u001b[39m=\u001b[32m\"relative z-10 w-16 flex flex-col items-center justify-center py-3 rounded-xl transition-all group text-slate-500 hover:bg-slate-800 hover:text-slate-200\"\u001b[39m\n        \u001b[33mtitle\u001b[39m=\u001b[32m\"Analytics\"\u001b[39m\n      \u001b[36m/>\u001b[39m\n\n      Name \"Settings\":\n      \u001b[36m<button\u001b[39m\n        \u001b[33mclass\u001b[39m=\u001b[32m\"relative z-10 w-16 flex flex-col items-center justify-center py-3 rounded-xl transition-all group text-slate-500 hover:bg-slate-800 hover:text-slate-200\"\u001b[39m\n        \u001b[33mtitle\u001b[39m=\u001b[32m\"Settings\"\u001b[39m\n      \u001b[36m/>\u001b[39m\n\n      Name \"Close panel\":\n      \u001b[36m<button\u001b[39m\n        \u001b[33mclass\u001b[39m=\u001b[32m\"p-1.5 rounded-lg bg-slate-100 hover:bg-rose-100 text-slate-500 hover:text-rose-600 transition-all\"\u001b[39m\n        \u001b[33mtitle\u001b[39m=\u001b[32m\"Close panel\"\u001b[39m\n      \u001b[36m/>\u001b[39m\n\n      Name \"Management\":\n      \u001b[36m<button\u001b[39m\n        \u001b[33mclass\u001b[39m=\u001b[32m\"w-full flex items-center justify-between px-3 py-2 mt-3 rounded-lg transition-colors group bg-blue-50\"\u001b[39m\n      \u001b[36m/>\u001b[39m\n\n      Name \"My Clients\":\n      \u001b[36m<button\u001b[39m\n        \u001b[33mclass\u001b[39m=\u001b[32m\"w-full flex items-center gap-2.5 px-3 py-2.5 rounded-xl text-sm font-medium transition-all bg-blue-600/10 text-blue-700 shadow-sm\"\u001b[39m\n      \u001b[36m/>\u001b[39m\n\n      Name \"Client Groups\":\n      \u001b[36m<button\u001b[39m\n        \u001b[33mclass\u001b[39m=\u001b[32m\"w-full flex items-center gap-2.5 px-3 py-2.5 rounded-xl text-sm font-medium transition-all text-slate-600 hover:bg-blue-50 hover:text-blue-700\"\u001b[39m\n      \u001b[36m/>\u001b[39m\n\n      Name \"Client Portal\":\n      \u001b[36m<button\u001b[39m\n        \u001b[33mclass\u001b[39m=\u001b[32m\"w-full flex items-center gap-2.5 px-3 py-2.5 rounded-xl text-sm font-medium transition-all text-slate-600 hover:bg-blue-50 hover:text-blue-700\"\u001b[39m\n      \u001b[36m/>\u001b[39m\n\n      Name \"CRM & Engagement\":\n      \u001b[36m<button\u001b[39m\n        \u001b[33mclass\u001b[39m=\u001b[32m\"w-full flex items-center justify-between px-3 py-2 mt-3 rounded-lg transition-colors group bg-blue-50\"\u001b[39m\n      \u001b[36m/>\u001b[39m\n\n      Name \"Client Relationships\":\n      \u001b[36m<button\u001b[39m\n        \u001b[33mclass\u001b[39m=\u001b[32m\"w-full flex items-center gap-2.5 px-3 py-2.5 rounded-xl text-sm font-medium transition-all text-slate-600 hover:bg-blue-50 hover:text-blue-700\"\u001b[39m\n      \u001b[36m/>\u001b[39m\n\n      Name \"Communications\":\n      \u001b[36m<button\u001b[39m\n        \u001b[33mclass\u001b[39m=\u001b[32m\"w-full flex items-center gap-2.5 px-3 py-2.5 rounded-xl text-sm font-medium transition-all text-slate-600 hover:bg-blue-50 hover:text-blue-700\"\u001b[39m\n      \u001b[36m/>\u001b[39m\n\n      Name \"Client Documents\":\n      \u001b[36m<button\u001b[39m\n        \u001b[33mclass\u001b[39m=\u001b[32m\"w-full flex items-center gap-2.5 px-3 py-2.5 rounded-xl text-sm font-medium transition-all text-slate-600 hover:bg-blue-50 hover:text-blue-700\"\u001b[39m\n      \u001b[36m/>\u001b[39m\n\n      Name \"Engagements\":\n      \u001b[36m<button\u001b[39m\n        \u001b[33mclass\u001b[39m=\u001b[32m\"w-full flex items-center gap-2.5 px-3 py-2.5 rounded-xl text-sm font-medium transition-all text-slate-600 hover:bg-blue-50 hover:text-blue-700\"\u001b[39m\n      \u001b[36m/>\u001b[39m\n\n      Name \"Lifecycle\":\n      \u001b[36m<button\u001b[39m\n        \u001b[33mclass\u001b[39m=\u001b[32m\"w-full flex items-center justify-between px-3 py-2 mt-3 rounded-lg transition-colors group bg-blue-50\"\u001b[39m\n      \u001b[36m/>\u001b[39m\n\n      Name \"Client Onboarding\":\n      \u001b[36m<button\u001b[39m\n        \u001b[33mclass\u001b[39m=\u001b[32m\"w-full flex items-center gap-2.5 px-3 py-2.5 rounded-xl text-sm font-medium transition-all text-slate-600 hover:bg-blue-50 hover:text-blue-700\"\u001b[39m\n      \u001b[36m/>\u001b[39m\n\n      Name \"Transitions & Exits\":\n      \u001b[36m<button\u001b[39m\n        \u001b[33mclass\u001b[39m=\u001b[32m\"w-full flex items-center gap-2.5 px-3 py-2.5 rounded-xl text-sm font-medium transition-all text-slate-600 hover:bg-blue-50 hover:text-blue-700\"\u001b[39m\n      \u001b[36m/>\u001b[39m\n\n      Name \"Refresh\":\n      \u001b[36m<button\u001b[39m\n        \u001b[33mclass\u001b[39m=\u001b[32m\"inline-flex items-center gap-2 rounded-lg border border-slate-200 bg-white px-4 py-2 text-sm font-semibold text-slate-700 shadow-sm hover:bg-slate-50\"\u001b[39m\n      \u001b[36m/>\u001b[39m\n\n      Name \"Add clients\":\n      \u001b[36m<button\u001b[39m\n        \u001b[33mclass\u001b[39m=\u001b[32m\"inline-flex items-center gap-2 rounded-lg bg-emerald-600 px-4 py-2 text-sm font-semibold text-white shadow-sm hover:bg-emerald-700\"\u001b[39m\n      \u001b[36m/>\u001b[39m\n\n      Name \"Open Client List help\":\n      \u001b[36m<button\u001b[39m\n        \u001b[33maria-label\u001b[39m=\u001b[32m\"Open Client List help\"\u001b[39m\n        \u001b[33mclass\u001b[39m=\u001b[32m\"w-9 h-9 rounded-full border border-slate-300 bg-white text-slate-700 hover:bg-slate-50 text-lg font-bold\"\u001b[39m\n      \u001b[36m/>\u001b[39m\n\n      Name \"Connected Clients (0)\":\n      \u001b[36m<button\u001b[39m\n        \u001b[33mclass\u001b[39m=\u001b[32m\"rounded-full px-4 py-2 text-sm font-semibold bg-blue-700 text-white\"\u001b[39m\n        \u001b[33mtype\u001b[39m=\u001b[32m\"button\"\u001b[39m\n      \u001b[36m/>\u001b[39m\n\n      Name \"Incoming Requests (0)\":\n      \u001b[36m<button\u001b[39m\n        \u001b[33mclass\u001b[39m=\u001b[32m\"rounded-full px-4 py-2 text-sm font-semibold bg-white text-slate-600 border border-slate-200 hover:bg-slate-50\"\u001b[39m\n        \u001b[33mtype\u001b[39m=\u001b[32m\"button\"\u001b[39m\n      \u001b[36m/>\u001b[39m\n\n      Name \"Advanced Filter\":\n      \u001b[36m<button\u001b[39m\n        \u001b[33mclass\u001b[39m=\u001b[32m\"inline-flex items-center gap-2 rounded-lg border border-slate-200 bg-white px-4 py-2 text-sm font-medium text-slate-600 hover:bg-slate-50\"\u001b[39m\n        \u001b[33mtype\u001b[39m=\u001b[32m\"button\"\u001b[39m\n      \u001b[36m/>\u001b[39m\n\n      --------------------------------------------------\n      textbox:\n\n      Name \"\":\n      \u001b[36m<input\u001b[39m\n        \u001b[33mclass\u001b[39m=\u001b[32m\"w-full bg-slate-800 border border-slate-700 rounded-xl py-2 pl-9 pr-20 text-sm text-white placeholder:text-slate-500 focus:outline-none focus:ring-2 focus:ring-blue-500/30 focus:border-blue-600 transition-all\"\u001b[39m\n        \u001b[33mplaceholder\u001b[39m=\u001b[32m\"Search clients, tasks, reports...\"\u001b[39m\n      \u001b[36m/>\u001b[39m\n\n      Name \"\":\n      \u001b[36m<input\u001b[39m\n        \u001b[33mclass\u001b[39m=\u001b[32m\"w-[260px] rounded-xl border border-slate-200 bg-white py-2.5 pl-10 pr-4 text-sm text-slate-700 shadow-sm focus:border-emerald-400 focus:outline-none focus:ring-2 focus:ring-emerald-100\"\u001b[39m\n        \u001b[33mplaceholder\u001b[39m=\u001b[32m\"Search by name, email, or company...\"\u001b[39m\n        \u001b[33mvalue\u001b[39m=\u001b[32m\"\"\u001b[39m\n      \u001b[36m/>\u001b[39m\n\n      --------------------------------------------------\n      complementary:\n\n      Name \"\":\n      \u001b[36m<aside\u001b[39m\n        \u001b[33mclass\u001b[39m=\u001b[32m\"relative w-20 flex-shrink-0 bg-slate-900 border-r border-slate-800 flex flex-col items-center py-4 gap-2 overflow-y-auto\"\u001b[39m\n      \u001b[36m/>\u001b[39m\n\n      Name \"\":\n      \u001b[36m<aside\u001b[39m\n        \u001b[33mclass\u001b[39m=\u001b[32m\"w-[220px] flex-shrink-0 bg-white border-r border-slate-200 flex flex-col overflow-hidden shadow-sm\"\u001b[39m\n      \u001b[36m/>\u001b[39m\n\n      --------------------------------------------------\n      navigation:\n\n      Name \"\":\n      \u001b[36m<nav\u001b[39m\n        \u001b[33mclass\u001b[39m=\u001b[32m\"flex-1 overflow-y-auto px-2.5 py-2.5 space-y-0.5\"\u001b[39m\n      \u001b[36m/>\u001b[39m\n\n      --------------------------------------------------\n      main:\n\n      Name \"\":\n      \u001b[36m<main\u001b[39m\n        \u001b[33mclass\u001b[39m=\u001b[32m\"flex-1 overflow-y-auto px-7 py-6 bg-slate-50\"\u001b[39m\n      \u001b[36m/>\u001b[39m\n\n      --------------------------------------------------\n      heading:\n\n      Name \"Clients\":\n      \u001b[36m<h1\u001b[39m\n        \u001b[33mclass\u001b[39m=\u001b[32m\"text-2xl font-bold text-slate-900\"\u001b[39m\n      \u001b[36m/>\u001b[39m\n\n      --------------------------------------------------\n      table:\n\n      Name \"\":\n      \u001b[36m<table\u001b[39m\n        \u001b[33mclass\u001b[39m=\u001b[32m\"w-full text-left text-sm\"\u001b[39m\n      \u001b[36m/>\u001b[39m\n\n      --------------------------------------------------\n      rowgroup:\n\n      Name \"\":\n      \u001b[36m<thead\u001b[39m\n        \u001b[33mclass\u001b[39m=\u001b[32m\"bg-slate-50\"\u001b[39m\n      \u001b[36m/>\u001b[39m\n\n      Name \"\":\n      \u001b[36m<tbody\u001b[39m\n        \u001b[33mclass\u001b[39m=\u001b[32m\"divide-y divide-slate-100\"\u001b[39m\n      \u001b[36m/>\u001b[39m\n\n      --------------------------------------------------\n      row:\n\n      Name \"Client Company Industry Permissions Status Revenue Last Active Tasks Actions\":\n      \u001b[36m<tr />\u001b[39m\n\n      Name \"No clients match your filters.\":\n      \u001b[36m<tr />\u001b[39m\n\n      --------------------------------------------------\n      columnheader:\n\n      Name \"Client\":\n      \u001b[36m<th\u001b[39m\n        \u001b[33mclass\u001b[39m=\u001b[32m\"px-4 py-3 font-medium text-slate-500\"\u001b[39m\n      \u001b[36m/>\u001b[39m\n\n      Name \"Company\":\n      \u001b[36m<th\u001b[39m\n        \u001b[33mclass\u001b[39m=\u001b[32m\"px-4 py-3 font-medium text-slate-500\"\u001b[39m\n      \u001b[36m/>\u001b[39m\n\n      Name \"Industry\":\n      \u001b[36m<th\u001b[39m\n        \u001b[33mclass\u001b[39m=\u001b[32m\"px-4 py-3 font-medium text-slate-500\"\u001b[39m\n      \u001b[36m/>\u001b[39m\n\n      Name \"Permissions\":\n      \u001b[36m<th\u001b[39m\n        \u001b[33mclass\u001b[39m=\u001b[32m\"px-4 py-3 font-medium text-slate-500\"\u001b[39m\n      \u001b[36m/>\u001b[39m\n\n      Name \"Status\":\n      \u001b[36m<th\u001b[39m\n        \u001b[33mclass\u001b[39m=\u001b[32m\"px-4 py-3 font-medium text-slate-500\"\u001b[39m\n      \u001b[36m/>\u001b[39m\n\n      Name \"Revenue\":\n      \u001b[36m<th\u001b[39m\n        \u001b[33mclass\u001b[39m=\u001b[32m\"px-4 py-3 font-medium text-slate-500\"\u001b[39m\n      \u001b[36m/>\u001b[39m\n\n      Name \"Last Active\":\n      \u001b[36m<th\u001b[39m\n        \u001b[33mclass\u001b[39m=\u001b[32m\"px-4 py-3 font-medium text-slate-500\"\u001b[39m\n      \u001b[36m/>\u001b[39m\n\n      Name \"Tasks\":\n      \u001b[36m<th\u001b[39m\n        \u001b[33mclass\u001b[39m=\u001b[32m\"px-4 py-3 font-medium text-slate-500\"\u001b[39m\n      \u001b[36m/>\u001b[39m\n\n      Name \"Actions\":\n      \u001b[36m<th\u001b[39m\n        \u001b[33mclass\u001b[39m=\u001b[32m\"px-4 py-3 font-medium text-slate-500\"\u001b[39m\n      \u001b[36m/>\u001b[39m\n\n      --------------------------------------------------\n      cell:\n\n      Name \"No clients match your filters.\":\n      \u001b[36m<td\u001b[39m\n        \u001b[33mclass\u001b[39m=\u001b[32m\"px-4 py-10 text-center text-sm text-slate-400\"\u001b[39m\n        \u001b[33mcolspan\u001b[39m=\u001b[32m\"9\"\u001b[39m\n      \u001b[36m/>\u001b[39m\n\n      --------------------------------------------------\n\n    Ignored nodes: comments, script, style\n    \u001b[36m<body>\u001b[39m\n      \u001b[36m<div>\u001b[39m\n        \u001b[36m<div\u001b[39m\n          \u001b[33mclass\u001b[39m=\u001b[32m\"flex flex-col h-screen bg-slate-100 overflow-hidden\"\u001b[39m\n        \u001b[36m>\u001b[39m\n          \u001b[36m<header\u001b[39m\n            \u001b[33mclass\u001b[39m=\u001b[32m\"flex-shrink-0 h-14 bg-slate-900 flex items-center justify-between px-5 border-b border-slate-700 shadow-xl z-50\"\u001b[39m\n          \u001b[36m>\u001b[39m\n            \u001b[36m<div\u001b[39m\n              \u001b[33mclass\u001b[39m=\u001b[32m\"flex items-center gap-5\"\u001b[39m\n            \u001b[36m>\u001b[39m\n              \u001b[36m<div\u001b[39m\n                \u001b[33mclass\u001b[39m=\u001b[32m\"flex items-center gap-3 pr-5 border-r border-slate-700\"\u001b[39m\n              \u001b[36m>\u001b[39m\n                \u001b[36m<div\u001b[39m\n                  \u001b[33mclass\u001b[39m=\u001b[32m\"w-8 h-8 bg-blue-500 rounded-xl flex items-center justify-center shadow-lg shadow-blue-600/30\"\u001b[39m\n                \u001b[36m>\u001b[39m\n                  \u001b[36m<svg\u001b[39m\n                    \u001b[33maria-hidden\u001b[39m=\u001b[32m\"true\"\u001b[39m\n                    \u001b[33mclass\u001b[39m=\u001b[32m\"lucide lucide-briefcase-business text-white\"\u001b[39m\n                    \u001b[33mfill\u001b[39m=\u001b[32m\"none\"\u001b[39m\n                    \u001b[33mheight\u001b[39m=\u001b[32m\"15\"\u001b[39m\n                    \u001b[33mstroke\u001b[39m=\u001b[32m\"currentColor\"\u001b[39m\n                    \u001b[33mstroke-linecap\u001b[39m=\u001b[32m\"round\"\u001b[39m\n                    \u001b[33mstroke-linejoin\u001b[39m=\u001b[32m\"round\"\u001b[39m\n                    \u001b[33mstroke-width\u001b[39m=\u001b[32m\"2\"\u001b[39m\n                    \u001b[33mviewBox\u001b[39m=\u001b[32m\"0 0 24 24\"\u001b[39m\n                    \u001b[33mwidth\u001b[39m=\u001b[32m\"15\"\u001b[39m\n                    \u001b[33mxmlns\u001b[39m=\u001b[32m\"http://www.w3.org/2000/svg\"\u001b[39m\n                  \u001b[36m>\u001b[39m\n                    \u001b[36m<path\u001b[39m\n                      \u001b[33md\u001b[39m=\u001b[32m\"M12 12h.01\"\u001b[39m\n                    \u001b[36m/>\u001b[39m\n                    \u001b[36m<path\u001b[39m\n                      \u001b[33md\u001b[39m=\u001b[32m\"M16 6V4a2 2 0 0 0-2-2h-4a2 2 0 0 0-2 2v2\"\u001b[39m\n                    \u001b[36m/>\u001b[39m\n                    \u001b[36m<path\u001b[39m\n                      \u001b[33md\u001b[39m=\u001b[32m\"M22 13a18.15 18.15 0 0 1-20 0\"\u001b[39m\n                    \u001b[36m/>\u001b[39m\n                    \u001b[36m<rect\u001b[39m\n                      \u001b[33mheight\u001b[39m=\u001b[32m\"14\"\u001b[39m\n                      \u001b[33mrx\u001b[39m=\u001b[32m\"2\"\u001b[39m\n                      \u001b[33mwidth\u001b[39m=\u001b[32m\"20\"\u001b[39m\n                      \u001b[33mx\u001b[39m=\u001b[32m\"2\"\u001b[39m\n                      \u001b[33my\u001b[39m=\u001b[32m\"6\"\u001b[39m\n                    \u001b[36m/>\u001b[39m\n                  \u001b[36m</svg>\u001b[39m\n                \u001b[36m</div>\u001b[39m\n                \u001b[36m<div>\u001b[39m\n                  \u001b[36m<p\u001b[39m\n                    \u001b[33mclass\u001b[39m=\u001b[32m\"text-sm font-black text-white leading-none tracking-tight\"\u001b[39m\n                  \u001b[36m>\u001b[39m\n                    \u001b[0mHaypbooks\u001b[0m\n                  \u001b[36m</p>\u001b[39m\n                  \u001b[36m<p\u001b[39m\n                    \u001b[33mclass\u001b[39m=\u001b[32m\"text-[9px] text-blue-400 font-bold uppercase tracking-widest leading-none mt-0.5\"\u001b[39m\n                  \u001b[36m>\u001b[39m\n                    \u001b[0mPractice Hub\u001b[0m\n                  \u001b[36m</p>\u001b[39m\n                \u001b[36m</div>\u001b[39m\n              \u001b[36m</div>\u001b[39m\n              \u001b[36m<button\u001b[39m\n                \u001b[33mclass\u001b[39m=\u001b[32m\"hidden md:flex items-center gap-2 bg-slate-800 border border-slate-700 px-3 py-1.5 rounded-xl hover:bg-slate-700 transition-colors group\"\u001b[39m\n              \u001b[36m>\u001b[39m\n                \u001b[36m<svg\u001b[39m\n                  \u001b[33maria-hidden\u001b[39m=\u001b[32m\"true\"\u001b[39m\n                  \u001b[33mclass\u001b[39m=\u001b[32m\"lucide lucide-layout-grid text-blue-400 group-hover:rotate-90 transition-transform duration-300\"\u001b[39m\n                  \u001b[33mfill\u001b[39m=\u001b[32m\"none\"\u001b[39m\n                  \u001b[33mheight\u001b[39m=\u001b[32m\"13\"\u001b[39m\n                  \u001b[33mstroke\u001b[39m=\u001b[32m\"currentColor\"\u001b[39m\n                  \u001b[33mstroke-linecap\u001b[39m=\u001b[32m\"round\"\u001b[39m\n                  \u001b[33mstroke-linejoin\u001b[39m=\u001b[32m\"round\"\u001b[39m\n                  \u001b[33mstroke-width\u001b[39m=\u001b[32m\"2\"\u001b[39m\n                  \u001b[33mviewBox\u001b[39m=\u001b[32m\"0 0 24 24\"\u001b[39m\n                  \u001b[33mwidth\u001b[39m=\u001b[32m\"13\"\u001b[39m\n                  \u001b[33mxmlns\u001b[39m=\u001b[32m\"http://www.w3.org/2000/svg\"\u001b[39m\n                \u001b[36m>\u001b[39m\n                  \u001b[36m<rect\u001b[39m\n                    \u001b[33mheight\u001b[39m=\u001b[32m\"7\"\u001b[39m\n                    \u001b[33mrx\u001b[39m=\u001b[32m\"1\"\u001b[39m\n                    \u001b[33mwidth\u001b[39m=\u001b[32m\"7\"\u001b[39m\n                    \u001b[33mx\u001b[39m=\u001b[32m\"3\"\u001b[39m\n                    \u001b[33my\u001b[39m=\u001b[32m\"3\"\u001b[39m\n                  \u001b[36m/>\u001b[39m\n                  \u001b[36m<rect\u001b[39m\n                    \u001b[33mheight\u001b[39m=\u001b[32m\"7\"\u001b[39m\n                    \u001b[33mrx\u001b[39m=\u001b[32m\"1\"\u001b[39m\n                    \u001b[33mwidth\u001b[39m=\u001b[32m\"7\"\u001b[39m\n                    \u001b[33mx\u001b[39m=\u001b[32m\"14\"\u001b[39m\n                    \u001b[33my\u001b[39m=\u001b[32m\"3\"\u001b[39m\n                  \u001b[36m/>\u001b[39m\n                  \u001b[36m<rect\u001b[39m\n                    \u001b[33mheight\u001b[39m=\u001b[32m\"7\"\u001b[39m\n                    \u001b[33mrx\u001b[39m=\u001b[32m\"1\"\u001b[39m\n                    \u001b[33mwidth\u001b[39m=\u001b[32m\"7\"\u001b[39m\n                    \u001b[33mx\u001b[39m=\u001b[32m\"14\"\u001b[39m\n                    \u001b[33my\u001b[39m=\u001b[32m\"14\"\u001b[39m\n                  \u001b[36m/>\u001b[39m\n                  \u001b[36m<rect\u001b[39m\n                    \u001b[33mheight\u001b[39m=\u001b[32m\"7\"\u001b[39m\n                    \u001b[33mrx\u001b[39m=\u001b[32m\"1\"\u001b[39m\n                    \u001b[33mwidth\u001b[39m=\u001b[32m\"7\"\u001b[39m\n                    \u001b[33mx\u001b[39m=\u001b[32m\"3\"\u001b[39m\n                    \u001b[33my\u001b[39m=\u001b[32m\"14\"\u001b[39m\n                  \u001b[36m/>\u001b[39m\n                \u001b[36m</svg>\u001b[39m\n                \u001b[36m<div\u001b[39m\n                  \u001b[33mclass\u001b[39m=\u001b[32m\"flex flex-col items-start\"\u001b[39m\n                \u001b[36m>\u001b[39m\n                  \u001b[36m<span\u001b[39m\n                    \u001b[33mclass\u001b[39m=\u001b[32m\"text-[8px] text-slate-500 font-bold uppercase tracking-widest leading-none\"\u001b[39m\n                  \u001b[36m>\u001b[39m\n                    \u001b[0mOrganization\u001b[0m\n                  \u001b[36m</span>\u001b[39m\n                  \u001b[36m<div\u001b[39m\n                    \u001b[33mclass\u001b[39m=\u001b[32m\"flex items-center gap-1 mt-0.5\"\u001b[39m\n                  \u001b[36m>\u001b[39m\n                    \u001b[36m<span\u001b[39m\n                      \u001b[33mclass\u001b[39m=\u001b[32m\"text-xs font-bold text-white\"\u001b[39m\n                    \u001b[36m>\u001b[39m\n                      \u001b[0mMy Practice\u001b[0m\n                    \u001b[36m</span>\u001b[39m\n                    \u001b[36m<svg\u001b[39m\n                      \u001b[33maria-hidden\u001b[39m=\u001b[32m\"true\"\u001b[39m\n                      \u001b[33mclass\u001b[39m=\u001b[32m\"lucide lucide-chevron-down text-slate-400\"\u001b[39m\n                      \u001b[33mfill\u001b[39m=\u001b[32m\"none\"\u001b[39m\n                      \u001b[33mheight\u001b[39m=\u001b[32m\"10\"\u001b[39m\n                      \u001b[33mstroke\u001b[39m=\u001b[32m\"currentColor\"\u001b[39m\n                      \u001b[33mstroke-linecap\u001b[39m=\u001b[32m\"round\"\u001b[39m\n                      \u001b[33mstroke-linejoin\u001b[39m=\u001b[32m\"round\"\u001b[39m\n                      \u001b[33mstroke-width\u001b[39m=\u001b[32m\"2\"\u001b[39m\n                      \u001b[33mviewBox\u001b[39m=\u001b[32m\"0 0 24 24\"\u001b[39m\n                      \u001b[33mwidth\u001b[39m=\u001b[32m\"10\"\u001b[39m\n                      \u001b[33mxmlns\u001b[39m=\u001b[32m\"http://www.w3.org/2000/svg\"\u001b[39m\n                    \u001b[36m>\u001b[39m\n                      \u001b[36m<path\u001b[39m\n                        \u001b[33md\u001b[39m=\u001b[32m\"m6 9 6 6 6-6\"\u001b[39m\n                      \u001b[36m/>\u001b[39m\n                    \u001b[36m</svg>\u001b[39m\n                  \u001b[36m</div>\u001b[39m\n                \u001b[36m</div>\u001b[39m\n              \u001b[36m</button>\u001b[39m\n            \u001b[36m</div>\u001b[39m\n            \u001b[36m<div\u001b[39m\n              \u001b[33mclass\u001b[39m=\u001b[32m\"flex-1 max-w-xl mx-8 hidden lg:block\"\u001b[39m\n            \u001b[36m>\u001b[39m\n              \u001b[36m<div\u001b[39m\n                \u001b[33mclass\u001b[39m=\u001b[32m\"relative group\"\u001b[39m\n              \u001b[36m>\u001b[39m\n                \u001b[36m<svg\u001b[39m\n                  \u001b[33maria-hidden\u001b[39m=\u001b[32m\"true\"\u001b[39m\n                  \u001b[33mclass\u001b[39m=\u001b[32m\"lucide lucide-search absolute left-3.5 top-1/2 -translate-y-1/2 text-slate-400 group-focus-within:text-blue-600 t...\n\u001b[2m\u001b[22m\n\u001b[2m    \u001b[0m \u001b[90m 154 |\u001b[39m     \u001b[36mawait\u001b[39m navigateToSection(result\u001b[33m.\u001b[39mcontainer\u001b[33m,\u001b[39m \u001b[32m'Clients'\u001b[39m\u001b[33m,\u001b[39m \u001b[32m'My Clients'\u001b[39m)\u001b[22m\n\u001b[2m     \u001b[90m 155 |\u001b[39m\u001b[22m\n\u001b[2m    \u001b[31m\u001b[1m>\u001b[22m\u001b[2m\u001b[39m\u001b[90m 156 |\u001b[39m     expect(screen\u001b[33m.\u001b[39mgetByRole(\u001b[32m'heading'\u001b[39m\u001b[33m,\u001b[39m { name\u001b[33m:\u001b[39m \u001b[32m'My Clients'\u001b[39m }))\u001b[33m.\u001b[39mtoBeInTheDocument()\u001b[22m\n\u001b[2m     \u001b[90m     |\u001b[39m                   \u001b[31m\u001b[1m^\u001b[22m\u001b[2m\u001b[39m\u001b[22m\n\u001b[2m     \u001b[90m 157 |\u001b[39m     expect(screen\u001b[33m.\u001b[39mgetByText(\u001b[35m/no clients yet\\. connect a client to see this list/i\u001b[39m))\u001b[33m.\u001b[39mtoBeInTheDocument()\u001b[22m\n\u001b[2m     \u001b[90m 158 |\u001b[39m\u001b[22m\n\u001b[2m     \u001b[90m 159 |\u001b[39m     \u001b[36mawait\u001b[39m act(\u001b[36masync\u001b[39m () \u001b[33m=>\u001b[39m {\u001b[0m\u001b[22m\n\u001b[2m\u001b[22m\n\u001b[2m      \u001b[2mat Object.getElementError (\u001b[22m\u001b[2mnode_modules/@testing-library/react/node_modules/@testing-library/dom/dist/config.js\u001b[2m:37:19)\u001b[22m\u001b[2m\u001b[22m\n\u001b[2m      \u001b[2mat \u001b[22m\u001b[2mnode_modules/@testing-library/react/node_modules/@testing-library/dom/dist/query-helpers.js\u001b[2m:76:38\u001b[22m\u001b[2m\u001b[22m\n\u001b[2m      \u001b[2mat \u001b[22m\u001b[2mnode_modules/@testing-library/react/node_modules/@testing-library/dom/dist/query-helpers.js\u001b[2m:52:17\u001b[22m\u001b[2m\u001b[22m\n\u001b[2m      \u001b[2mat \u001b[22m\u001b[2mnode_modules/@testing-library/react/node_modules/@testing-library/dom/dist/query-helpers.js\u001b[2m:95:19\u001b[22m\u001b[2m\u001b[22m\n\u001b[2m      \u001b[2mat Object.<anonymous> (\u001b[22m\u001b[2m\u001b[0m\u001b[36msrc/__tests__/practice-hub/PracticeHubPage.test.tsx\u001b[39m\u001b[0m\u001b[2m:156:19)\u001b[22m\u001b[2m\u001b[22m\n","name":"C:\\Users\\HomePC\\Desktop\\Haypbooksv9\\Haypbooks\\Frontend\\src\\__tests__\\practice-hub\\PracticeHubPage.test.tsx","startTime":1776591949493,"status":"failed","summary":""}],"wasInterrupted":false}
