{"numFailedTestSuites":0,"numFailedTests":0,"numPassedTestSuites":19,"numPassedTests":59,"numPendingTestSuites":1,"numPendingTests":1,"numRuntimeErrorTestSuites":0,"numTodoTests":0,"numTotalTestSuites":20,"numTotalTests":60,"openHandles":[],"snapshot":{"added":0,"didUpdate":false,"failure":false,"filesAdded":0,"filesRemoved":0,"filesRemovedList":[],"filesUnmatched":0,"filesUpdated":0,"matched":0,"total":0,"unchecked":0,"uncheckedKeysByFile":[],"unmatched":0,"updated":0},"startTime":1768727038686,"success":true,"testResults":[{"assertionResults":[{"ancestorTitles":["OnboardingService (integration)"],"duration":413,"failureDetails":[],"failureMessages":[],"fullName":"OnboardingService (integration) saving business step creates tenant workspaceName when none exists","invocations":1,"location":null,"numPassingAsserts":0,"retryReasons":[],"status":"passed","title":"saving business step creates tenant workspaceName when none exists"},{"ancestorTitles":["OnboardingService (integration)"],"duration":7,"failureDetails":[],"failureMessages":[],"fullName":"OnboardingService (integration) saving business step updates workspaceName for existing owner tenant","invocations":1,"location":null,"numPassingAsserts":0,"retryReasons":[],"status":"passed","title":"saving business step updates workspaceName for existing owner tenant"},{"ancestorTitles":["OnboardingService (integration)"],"duration":40,"failureDetails":[],"failureMessages":[],"fullName":"OnboardingService (integration) completing OWNER onboarding creates a Company and returns it","invocations":1,"location":null,"numPassingAsserts":3,"retryReasons":[],"status":"passed","title":"completing OWNER onboarding creates a Company and returns it"}],"endTime":1768727044069,"message":"","name":"C:\\Users\\HomePC\\Desktop\\Haypbooksv9\\Haypbooks\\Backend\\src\\onboarding\\onboarding.integration.spec.ts","startTime":1768727038930,"status":"passed","summary":""},{"assertionResults":[{"ancestorTitles":["CompanyRepository (integration) - findForUser owned filter"],"duration":265,"failureDetails":[],"failureMessages":[],"fullName":"CompanyRepository (integration) - findForUser owned filter owned filter returns only companies where tenantUser.isOwner = true for user","invocations":1,"location":null,"numPassingAsserts":0,"retryReasons":[],"status":"passed","title":"owned filter returns only companies where tenantUser.isOwner = true for user"}],"endTime":1768727044951,"message":"","name":"C:\\Users\\HomePC\\Desktop\\Haypbooksv9\\Haypbooks\\Backend\\src\\companies\\__tests__\\company.findforuser.integration.spec.ts","startTime":1768727044077,"status":"passed","summary":""},{"assertionResults":[{"ancestorTitles":["PendingSignupService TTL expiry (db integration)"],"duration":2245,"failureDetails":[],"failureMessages":[],"fullName":"PendingSignupService TTL expiry (db integration) token expires after short TTL and get() returns null","invocations":1,"location":null,"numPassingAsserts":4,"retryReasons":[],"status":"passed","title":"token expires after short TTL and get() returns null"}],"endTime":1768727068929,"message":"","name":"C:\\Users\\HomePC\\Desktop\\Haypbooksv9\\Haypbooks\\Backend\\src\\auth\\pending-signup.ttl.integration.spec.ts","startTime":1768727044956,"status":"passed","summary":""},{"assertionResults":[{"ancestorTitles":["PendingSignupService (db integration)"],"duration":938,"failureDetails":[],"failureMessages":[],"fullName":"PendingSignupService (db integration) creates an EmailVerificationToken row and get() can retrieve data (requires EmailVerificationToken table)","invocations":1,"location":null,"numPassingAsserts":9,"retryReasons":[],"status":"passed","title":"creates an EmailVerificationToken row and get() can retrieve data (requires EmailVerificationToken table)"}],"endTime":1768727092156,"message":"","name":"C:\\Users\\HomePC\\Desktop\\Haypbooksv9\\Haypbooks\\Backend\\src\\auth\\pending-signup.db.integration.spec.ts","startTime":1768727068937,"status":"passed","summary":""},{"assertionResults":[{"ancestorTitles":["AuthController pre-signup/complete-signup"],"duration":170,"failureDetails":[],"failureMessages":[],"fullName":"AuthController pre-signup/complete-signup preSignup creates pending and starts OTP","invocations":1,"location":null,"numPassingAsserts":3,"retryReasons":[],"status":"passed","title":"preSignup creates pending and starts OTP"},{"ancestorTitles":["AuthController pre-signup/complete-signup"],"duration":196,"failureDetails":[],"failureMessages":[],"fullName":"AuthController pre-signup/complete-signup preSignup accepts companyName and firmName and completeSignup persists them to user","invocations":1,"location":null,"numPassingAsserts":4,"retryReasons":[],"status":"passed","title":"preSignup accepts companyName and firmName and completeSignup persists them to user"},{"ancestorTitles":["AuthController pre-signup/complete-signup"],"duration":208,"failureDetails":[],"failureMessages":[],"fullName":"AuthController pre-signup/complete-signup completeSignup completes after either email OR phone OTP (OR policy)","invocations":1,"location":null,"numPassingAsserts":3,"retryReasons":[],"status":"passed","title":"completeSignup completes after either email OR phone OTP (OR policy)"},{"ancestorTitles":["AuthController pre-signup/complete-signup"],"duration":289,"failureDetails":[],"failureMessages":[],"fullName":"AuthController pre-signup/complete-signup completeSignup fails when another verified user is present and removes pending","invocations":1,"location":null,"numPassingAsserts":2,"retryReasons":[],"status":"passed","title":"completeSignup fails when another verified user is present and removes pending"},{"ancestorTitles":["AuthController pre-signup/complete-signup"],"duration":124,"failureDetails":[],"failureMessages":[],"fullName":"AuthController pre-signup/complete-signup signup routes to preSignup when ENFORCE_PRE_SIGNUP is true","invocations":1,"location":null,"numPassingAsserts":2,"retryReasons":[],"status":"passed","title":"signup routes to preSignup when ENFORCE_PRE_SIGNUP is true"},{"ancestorTitles":["AuthController pre-signup/complete-signup"],"duration":2,"failureDetails":[],"failureMessages":[],"fullName":"AuthController pre-signup/complete-signup login sets cookies with correct secure/httpOnly flags","invocations":1,"location":null,"numPassingAsserts":5,"retryReasons":[],"status":"passed","title":"login sets cookies with correct secure/httpOnly flags"},{"ancestorTitles":["AuthController pre-signup/complete-signup"],"duration":240,"failureDetails":[],"failureMessages":[],"fullName":"AuthController pre-signup/complete-signup completeSignup upgrades existing unverified user instead of creating duplicate","invocations":1,"location":null,"numPassingAsserts":2,"retryReasons":[],"status":"passed","title":"completeSignup upgrades existing unverified user instead of creating duplicate"},{"ancestorTitles":["AuthController pre-signup/complete-signup"],"duration":173,"failureDetails":[],"failureMessages":[],"fullName":"AuthController pre-signup/complete-signup PendingSignupService create/get/update/delete with in-memory fake prisma","invocations":1,"location":null,"numPassingAsserts":7,"retryReasons":[],"status":"passed","title":"PendingSignupService create/get/update/delete with in-memory fake prisma"}],"endTime":1768727094230,"message":"","name":"C:\\Users\\HomePC\\Desktop\\Haypbooksv9\\Haypbooks\\Backend\\src\\auth\\auth.controller.spec.ts","startTime":1768727092163,"status":"passed","summary":""},{"assertionResults":[{"ancestorTitles":["PrismaAuthService (phone normalization)"],"duration":136,"failureDetails":[],"failureMessages":[],"fullName":"PrismaAuthService (phone normalization) login rejects when no phone and email is not verified","invocations":1,"location":null,"numPassingAsserts":1,"retryReasons":[],"status":"passed","title":"login rejects when no phone and email is not verified"},{"ancestorTitles":["PrismaAuthService (phone normalization)"],"duration":120,"failureDetails":[],"failureMessages":[],"fullName":"PrismaAuthService (phone normalization) login succeeds when email is verified even if phone is not (OR policy)","invocations":1,"location":null,"numPassingAsserts":3,"retryReasons":[],"status":"passed","title":"login succeeds when email is verified even if phone is not (OR policy)"},{"ancestorTitles":["PrismaAuthService (phone normalization)"],"duration":121,"failureDetails":[],"failureMessages":[],"fullName":"PrismaAuthService (phone normalization) login rejects when phone exists and neither email nor phone is verified (OR policy)","invocations":1,"location":null,"numPassingAsserts":1,"retryReasons":[],"status":"passed","title":"login rejects when phone exists and neither email nor phone is verified (OR policy)"},{"ancestorTitles":["PrismaAuthService (phone normalization)"],"duration":117,"failureDetails":[],"failureMessages":[],"fullName":"PrismaAuthService (phone normalization) login succeeds when email verified (and phone verified if present)","invocations":1,"location":null,"numPassingAsserts":3,"retryReasons":[],"status":"passed","title":"login succeeds when email verified (and phone verified if present)"},{"ancestorTitles":["PrismaAuthService (phone normalization)"],"duration":82,"failureDetails":[],"failureMessages":[],"fullName":"PrismaAuthService (phone normalization) signup normalizes messy phone input and stores E.164","invocations":1,"location":null,"numPassingAsserts":3,"retryReasons":[],"status":"passed","title":"signup normalizes messy phone input and stores E.164"},{"ancestorTitles":["PrismaAuthService (phone normalization)"],"duration":0,"failureDetails":[],"failureMessages":[],"fullName":"PrismaAuthService (phone normalization) updates existing unverified user instead of creating duplicate","invocations":1,"location":null,"numPassingAsserts":2,"retryReasons":[],"status":"passed","title":"updates existing unverified user instead of creating duplicate"},{"ancestorTitles":["PrismaAuthService (phone normalization)"],"duration":1,"failureDetails":[],"failureMessages":[],"fullName":"PrismaAuthService (phone normalization) startOtpByPhone normalizes phone before creating OTP","invocations":1,"location":null,"numPassingAsserts":4,"retryReasons":[],"status":"passed","title":"startOtpByPhone normalizes phone before creating OTP"},{"ancestorTitles":["PrismaAuthService (phone normalization)"],"duration":59,"failureDetails":[],"failureMessages":[],"fullName":"PrismaAuthService (phone normalization) login rate limits after repeated failures","invocations":1,"location":null,"numPassingAsserts":3,"retryReasons":[],"status":"passed","title":"login rate limits after repeated failures"}],"endTime":1768727095036,"message":"","name":"C:\\Users\\HomePC\\Desktop\\Haypbooksv9\\Haypbooks\\Backend\\src\\auth\\prisma-auth.service.spec.ts","startTime":1768727094235,"status":"passed","summary":""},{"assertionResults":[{"ancestorTitles":["AuthController refresh debug behaviors"],"duration":3,"failureDetails":[],"failureMessages":[],"fullName":"AuthController refresh debug behaviors debug info returns tokenFromHeader when cookie present","invocations":1,"location":null,"numPassingAsserts":3,"retryReasons":[],"status":"passed","title":"debug info returns tokenFromHeader when cookie present"},{"ancestorTitles":["AuthController refresh debug behaviors"],"duration":2,"failureDetails":[],"failureMessages":[],"fullName":"AuthController refresh debug behaviors debug exec calls authService.refresh and sets cookies when present","invocations":1,"location":null,"numPassingAsserts":6,"retryReasons":[],"status":"passed","title":"debug exec calls authService.refresh and sets cookies when present"}],"endTime":1768727095282,"message":"","name":"C:\\Users\\HomePC\\Desktop\\Haypbooksv9\\Haypbooks\\Backend\\src\\auth\\auth.controller.refresh.spec.ts","startTime":1768727095041,"status":"passed","summary":""},{"assertionResults":[{"ancestorTitles":["AuthService.signup"],"duration":72,"failureDetails":[],"failureMessages":[],"fullName":"AuthService.signup creates an accountant user with preferredHub ACCOUNTANT and isAccountant true","invocations":1,"location":null,"numPassingAsserts":6,"retryReasons":[],"status":"passed","title":"creates an accountant user with preferredHub ACCOUNTANT and isAccountant true"},{"ancestorTitles":["AuthService.signup"],"duration":4,"failureDetails":[],"failureMessages":[],"fullName":"AuthService.signup throws ConflictException when email already exists and is verified","invocations":1,"location":null,"numPassingAsserts":1,"retryReasons":[],"status":"passed","title":"throws ConflictException when email already exists and is verified"},{"ancestorTitles":["AuthService.signup"],"duration":1,"failureDetails":[],"failureMessages":[],"fullName":"AuthService.signup throws ConflictException when email already exists (even if unverified)","invocations":1,"location":null,"numPassingAsserts":3,"retryReasons":[],"status":"passed","title":"throws ConflictException when email already exists (even if unverified)"}],"endTime":1768727095517,"message":"","name":"C:\\Users\\HomePC\\Desktop\\Haypbooksv9\\Haypbooks\\Backend\\src\\auth\\auth.service.spec.ts","startTime":1768727095287,"status":"passed","summary":""},{"assertionResults":[{"ancestorTitles":["OnboardingController"],"duration":4,"failureDetails":[],"failureMessages":[],"fullName":"OnboardingController complete returns company when onboarding service creates a tenant and sets cookies","invocations":1,"location":null,"numPassingAsserts":8,"retryReasons":[],"status":"passed","title":"complete returns company when onboarding service creates a tenant and sets cookies"}],"endTime":1768727095742,"message":"","name":"C:\\Users\\HomePC\\Desktop\\Haypbooksv9\\Haypbooks\\Backend\\src\\onboarding\\onboarding.controller.spec.ts","startTime":1768727095522,"status":"passed","summary":""},{"assertionResults":[{"ancestorTitles":["UsersController"],"duration":0,"failureDetails":[],"failureMessages":[],"fullName":"UsersController updateProfile passes sanitized data to service and returns result (firmName only)","invocations":1,"location":null,"numPassingAsserts":2,"retryReasons":[],"status":"passed","title":"updateProfile passes sanitized data to service and returns result (firmName only)"}],"endTime":1768727095942,"message":"","name":"C:\\Users\\HomePC\\Desktop\\Haypbooksv9\\Haypbooks\\Backend\\src\\users\\users.controller.spec.ts","startTime":1768727095747,"status":"passed","summary":""},{"assertionResults":[{"ancestorTitles":["TestController delete-company"],"duration":1,"failureDetails":[],"failureMessages":[],"fullName":"TestController delete-company deletes test-created company found by email+name and deletes tenant when requested","invocations":1,"location":null,"numPassingAsserts":3,"retryReasons":[],"status":"passed","title":"deletes test-created company found by email+name and deletes tenant when requested"},{"ancestorTitles":["TestController delete-company"],"duration":1,"failureDetails":[],"failureMessages":[],"fullName":"TestController delete-company does not delete non-test companies (safety check)","invocations":1,"location":null,"numPassingAsserts":3,"retryReasons":[],"status":"passed","title":"does not delete non-test companies (safety check)"},{"ancestorTitles":["TestController delete-company"],"duration":0,"failureDetails":[],"failureMessages":[],"fullName":"TestController delete-company delete by companyId deletes when company appears test-created","invocations":1,"location":null,"numPassingAsserts":2,"retryReasons":[],"status":"passed","title":"delete by companyId deletes when company appears test-created"},{"ancestorTitles":["TestController delete-company"],"duration":1,"failureDetails":[],"failureMessages":[],"fullName":"TestController delete-company does not attempt to delete tenant when tenant has system accounts","invocations":1,"location":null,"numPassingAsserts":3,"retryReasons":[],"status":"passed","title":"does not attempt to delete tenant when tenant has system accounts"},{"ancestorTitles":["TestController delete-company"],"duration":0,"failureDetails":[],"failureMessages":[],"fullName":"TestController delete-company swallows tenant.delete errors and continues","invocations":1,"location":null,"numPassingAsserts":3,"retryReasons":[],"status":"passed","title":"swallows tenant.delete errors and continues"},{"ancestorTitles":["TestController delete-company"],"duration":0,"failureDetails":[],"failureMessages":[],"fullName":"TestController delete-company ignores failing company.delete for some companies and returns count of successful deletes","invocations":1,"location":null,"numPassingAsserts":2,"retryReasons":[],"status":"passed","title":"ignores failing company.delete for some companies and returns count of successful deletes"}],"endTime":1768727096134,"message":"","name":"C:\\Users\\HomePC\\Desktop\\Haypbooksv9\\Haypbooks\\Backend\\src\\test\\test.controller.spec.ts","startTime":1768727095947,"status":"passed","summary":""},{"assertionResults":[{"ancestorTitles":["OnboardingService"],"duration":7,"failureDetails":[],"failureMessages":[],"fullName":"OnboardingService throws when completing OWNER onboarding without workspaceName/companyName present","invocations":1,"location":null,"numPassingAsserts":1,"retryReasons":[],"status":"passed","title":"throws when completing OWNER onboarding without workspaceName/companyName present"},{"ancestorTitles":["OnboardingService"],"duration":6,"failureDetails":[],"failureMessages":[],"fullName":"OnboardingService completes OWNER onboarding when workspaceName provided in steps","invocations":1,"location":null,"numPassingAsserts":4,"retryReasons":[],"status":"passed","title":"completes OWNER onboarding when workspaceName provided in steps"},{"ancestorTitles":["OnboardingService"],"duration":0,"failureDetails":[],"failureMessages":[],"fullName":"OnboardingService throws when completing ACCOUNTANT onboarding without firmName","invocations":1,"location":null,"numPassingAsserts":1,"retryReasons":[],"status":"passed","title":"throws when completing ACCOUNTANT onboarding without firmName"},{"ancestorTitles":["OnboardingService"],"duration":0,"failureDetails":[],"failureMessages":[],"fullName":"OnboardingService completes ACCOUNTANT onboarding when firmName provided in profile","invocations":1,"location":null,"numPassingAsserts":3,"retryReasons":[],"status":"passed","title":"completes ACCOUNTANT onboarding when firmName provided in profile"},{"ancestorTitles":["OnboardingService"],"duration":11,"failureDetails":[],"failureMessages":[],"fullName":"OnboardingService increments metric when company creation fails but onboarding still completes","invocations":1,"location":null,"numPassingAsserts":3,"retryReasons":[],"status":"passed","title":"increments metric when company creation fails but onboarding still completes"}],"endTime":1768727096302,"message":"","name":"C:\\Users\\HomePC\\Desktop\\Haypbooksv9\\Haypbooks\\Backend\\src\\onboarding\\onboarding.service.spec.ts","startTime":1768727096138,"status":"passed","summary":""},{"assertionResults":[{"ancestorTitles":["CompanyRepository.createCompanyRecord"],"duration":18,"failureDetails":[],"failureMessages":[],"fullName":"CompanyRepository.createCompanyRecord activates tenant trial when tenant.trialUsed is false","invocations":1,"location":null,"numPassingAsserts":3,"retryReasons":[],"status":"passed","title":"activates tenant trial when tenant.trialUsed is false"},{"ancestorTitles":["CompanyRepository.createCompanyRecord"],"duration":7,"failureDetails":[],"failureMessages":[],"fullName":"CompanyRepository.createCompanyRecord does not activate trial when tenant.trialUsed is true","invocations":1,"location":null,"numPassingAsserts":2,"retryReasons":[],"status":"passed","title":"does not activate trial when tenant.trialUsed is true"},{"ancestorTitles":["CompanyRepository.createCompanyRecord"],"duration":2,"failureDetails":[],"failureMessages":[],"fullName":"CompanyRepository.createCompanyRecord is idempotent: returns existing company if name matches (case-insensitive) and does not create duplicate","invocations":1,"location":null,"numPassingAsserts":3,"retryReasons":[],"status":"passed","title":"is idempotent: returns existing company if name matches (case-insensitive) and does not create duplicate"}],"endTime":1768727096463,"message":"","name":"C:\\Users\\HomePC\\Desktop\\Haypbooksv9\\Haypbooks\\Backend\\src\\companies\\__tests__\\company.create.child.spec.ts","startTime":1768727096306,"status":"passed","summary":""},{"assertionResults":[{"ancestorTitles":["CompanyRepository"],"duration":17,"failureDetails":[],"failureMessages":[],"fullName":"CompanyRepository create activates trial if tenant.trialUsed is false","invocations":1,"location":null,"numPassingAsserts":3,"retryReasons":[],"status":"passed","title":"create activates trial if tenant.trialUsed is false"},{"ancestorTitles":["CompanyRepository"],"duration":4,"failureDetails":[],"failureMessages":[],"fullName":"CompanyRepository findForUser uses owned filter to require isOwner true","invocations":1,"location":null,"numPassingAsserts":6,"retryReasons":[],"status":"passed","title":"findForUser uses owned filter to require isOwner true"},{"ancestorTitles":["CompanyRepository"],"duration":2,"failureDetails":[],"failureMessages":[],"fullName":"CompanyRepository findForUser default (no filter) does not require isOwner","invocations":1,"location":null,"numPassingAsserts":3,"retryReasons":[],"status":"passed","title":"findForUser default (no filter) does not require isOwner"}],"endTime":1768727096621,"message":"","name":"C:\\Users\\HomePC\\Desktop\\Haypbooksv9\\Haypbooks\\Backend\\src\\companies\\__tests__\\company.repository.prisma.spec.ts","startTime":1768727096467,"status":"passed","summary":""},{"assertionResults":[{"ancestorTitles":["VerificationService (email flows only)"],"duration":3,"failureDetails":[],"failureMessages":[],"fullName":"VerificationService (email flows only) sendEmailCode creates otp and calls mail","invocations":1,"location":null,"numPassingAsserts":3,"retryReasons":[],"status":"passed","title":"sendEmailCode creates otp and calls mail"},{"ancestorTitles":["VerificationService (email flows only)"],"duration":24,"failureDetails":[],"failureMessages":[],"fullName":"VerificationService (email flows only) verifyPhoneCode accepts valid code and marks user verified","invocations":1,"location":null,"numPassingAsserts":6,"retryReasons":[],"status":"passed","title":"verifyPhoneCode accepts valid code and marks user verified"},{"ancestorTitles":["VerificationService (email flows only)"],"duration":4,"failureDetails":[],"failureMessages":[],"fullName":"VerificationService (email flows only) verifyPhoneCode does not fail if no user exists for phone","invocations":1,"location":null,"numPassingAsserts":3,"retryReasons":[],"status":"passed","title":"verifyPhoneCode does not fail if no user exists for phone"}],"endTime":1768727096774,"message":"","name":"C:\\Users\\HomePC\\Desktop\\Haypbooksv9\\Haypbooks\\Backend\\src\\auth\\verification.service.spec.ts","startTime":1768727096625,"status":"passed","summary":""},{"assertionResults":[{"ancestorTitles":["CompanyRepository.ensureSubscriptionForCompany"],"duration":1,"failureDetails":[],"failureMessages":[],"fullName":"CompanyRepository.ensureSubscriptionForCompany creates subscription when none exists","invocations":1,"location":null,"numPassingAsserts":3,"retryReasons":[],"status":"passed","title":"creates subscription when none exists"},{"ancestorTitles":["CompanyRepository.ensureSubscriptionForCompany"],"duration":0,"failureDetails":[],"failureMessages":[],"fullName":"CompanyRepository.ensureSubscriptionForCompany returns existing subscription if present","invocations":1,"location":null,"numPassingAsserts":3,"retryReasons":[],"status":"passed","title":"returns existing subscription if present"},{"ancestorTitles":["CompanyRepository.ensureSubscriptionForCompany"],"duration":1,"failureDetails":[],"failureMessages":[],"fullName":"CompanyRepository.ensureSubscriptionForCompany handles race where create fails with P2002 by returning existing","invocations":1,"location":null,"numPassingAsserts":1,"retryReasons":[],"status":"passed","title":"handles race where create fails with P2002 by returning existing"}],"endTime":1768727096916,"message":"","name":"C:\\Users\\HomePC\\Desktop\\Haypbooksv9\\Haypbooks\\Backend\\src\\companies\\__tests__\\subscription.ensure.spec.ts","startTime":1768727096781,"status":"passed","summary":""},{"assertionResults":[{"ancestorTitles":["Redis removal checks"],"duration":87,"failureDetails":[],"failureMessages":[],"fullName":"Redis removal checks no ioredis/redis imports or requires in code files","invocations":1,"location":null,"numPassingAsserts":0,"retryReasons":[],"status":"passed","title":"no ioredis/redis imports or requires in code files"},{"ancestorTitles":["Redis removal checks"],"duration":1,"failureDetails":[],"failureMessages":[],"fullName":"Redis removal checks package.json does not contain ioredis or redis dependencies","invocations":1,"location":null,"numPassingAsserts":0,"retryReasons":[],"status":"passed","title":"package.json does not contain ioredis or redis dependencies"}],"endTime":1768727097046,"message":"","name":"C:\\Users\\HomePC\\Desktop\\Haypbooksv9\\Haypbooks\\Backend\\src\\__tests__\\redis.removal.spec.ts","startTime":1768727096920,"status":"passed","summary":""},{"assertionResults":[{"ancestorTitles":["UsersService"],"duration":1,"failureDetails":[],"failureMessages":[],"fullName":"UsersService setPreferredHub updates and returns user without password","invocations":1,"location":null,"numPassingAsserts":3,"retryReasons":[],"status":"passed","title":"setPreferredHub updates and returns user without password"},{"ancestorTitles":["UsersService"],"duration":1,"failureDetails":[],"failureMessages":[],"fullName":"UsersService updateProfile updates firmName only","invocations":1,"location":null,"numPassingAsserts":2,"retryReasons":[],"status":"passed","title":"updateProfile updates firmName only"}],"endTime":1768727097165,"message":"","name":"C:\\Users\\HomePC\\Desktop\\Haypbooksv9\\Haypbooks\\Backend\\src\\users\\users.service.spec.ts","startTime":1768727097050,"status":"passed","summary":""},{"assertionResults":[{"ancestorTitles":["runIntegrityChecks"],"duration":1,"failureDetails":[],"failureMessages":[],"fullName":"runIntegrityChecks returns no issues when all queries return empty sets","invocations":1,"location":null,"numPassingAsserts":3,"retryReasons":[],"status":"passed","title":"returns no issues when all queries return empty sets"},{"ancestorTitles":["runIntegrityChecks"],"duration":1,"failureDetails":[],"failureMessages":[],"fullName":"runIntegrityChecks detects users_missing_tenant when user.findMany returns rows","invocations":1,"location":null,"numPassingAsserts":3,"retryReasons":[],"status":"passed","title":"detects users_missing_tenant when user.findMany returns rows"},{"ancestorTitles":["runIntegrityChecks"],"duration":0,"failureDetails":[],"failureMessages":[],"fullName":"runIntegrityChecks detects tenants_without_owner when $queryRawUnsafe returns rows for that query","invocations":1,"location":null,"numPassingAsserts":3,"retryReasons":[],"status":"passed","title":"detects tenants_without_owner when $queryRawUnsafe returns rows for that query"}],"endTime":1768727097228,"message":"","name":"C:\\Users\\HomePC\\Desktop\\Haypbooksv9\\Haypbooks\\Backend\\src\\__tests__\\db\\integrity-checks.spec.ts","startTime":1768727097169,"status":"passed","summary":""},{"assertionResults":[{"ancestorTitles":["PendingSignupService (redis integration)"],"duration":null,"failureDetails":[],"failureMessages":[],"fullName":"PendingSignupService (redis integration) skipped — Redis has been removed from this flow","invocations":1,"location":null,"numPassingAsserts":0,"retryReasons":[],"status":"pending","title":"skipped — Redis has been removed from this flow"}],"coverage":{},"endTime":1768727097276,"message":"","name":"C:\\Users\\HomePC\\Desktop\\Haypbooksv9\\Haypbooks\\Backend\\src\\auth\\pending-signup.redis.integration.spec.ts","startTime":1768727097276,"status":"skipped","summary":""}],"wasInterrupted":false}
