{"numFailedTestSuites":0,"numFailedTests":0,"numPassedTestSuites":1,"numPassedTests":1,"numPendingTestSuites":0,"numPendingTests":0,"numRuntimeErrorTestSuites":0,"numTodoTests":0,"numTotalTestSuites":1,"numTotalTests":1,"openHandles":[],"snapshot":{"added":0,"didUpdate":false,"failure":false,"filesAdded":0,"filesRemoved":0,"filesRemovedList":[],"filesUnmatched":0,"filesUpdated":0,"matched":0,"total":0,"unchecked":0,"uncheckedKeysByFile":[],"unmatched":0,"updated":0},"startTime":1773514596878,"success":true,"testResults":[{"assertionResults":[{"ancestorTitles":["Accounting company access (e2e)"],"duration":11710,"failureDetails":[],"failureMessages":[],"fullName":"Accounting company access (e2e) returns only accounts for the requested company (Chart of Accounts isolation)","invocations":1,"location":null,"numPassingAsserts":7,"retryReasons":[],"status":"passed","title":"returns only accounts for the requested company (Chart of Accounts isolation)"}],"endTime":1773514662163,"message":"","name":"C:\\Users\\HomePC\\Desktop\\Haypbooksv9\\Haypbooks\\Backend\\test\\accounting.company-access.e2e-spec.js","startTime":1773514597161,"status":"passed","summary":""}],"wasInterrupted":false}
