{"numFailedTestSuites":4,"numFailedTests":6,"numPassedTestSuites":15,"numPassedTests":28,"numPendingTestSuites":0,"numPendingTests":0,"numRuntimeErrorTestSuites":1,"numTodoTests":0,"numTotalTestSuites":19,"numTotalTests":34,"openHandles":[],"snapshot":{"added":0,"didUpdate":false,"failure":false,"filesAdded":0,"filesRemoved":0,"filesRemovedList":[],"filesUnmatched":0,"filesUpdated":0,"matched":0,"total":0,"unchecked":0,"uncheckedKeysByFile":[],"unmatched":0,"updated":0},"startTime":1765831086128,"success":false,"testResults":[{"assertionResults":[{"ancestorTitles":["Bills API (e2e)","POST /api/bills"],"duration":21,"failureDetails":[],"failureMessages":[],"fullName":"Bills API (e2e) POST /api/bills should create a bill with lines","invocations":1,"location":null,"numPassingAsserts":5,"retryReasons":[],"status":"passed","title":"should create a bill with lines"},{"ancestorTitles":["Bills API (e2e)","POST /api/bills"],"duration":7,"failureDetails":[],"failureMessages":[],"fullName":"Bills API (e2e) POST /api/bills should reject bill without required fields","invocations":1,"location":null,"numPassingAsserts":0,"retryReasons":[],"status":"passed","title":"should reject bill without required fields"},{"ancestorTitles":["Bills API (e2e)","GET /api/bills/:id"],"duration":9,"failureDetails":[],"failureMessages":[],"fullName":"Bills API (e2e) GET /api/bills/:id should retrieve a bill by id with lines","invocations":1,"location":null,"numPassingAsserts":4,"retryReasons":[],"status":"passed","title":"should retrieve a bill by id with lines"},{"ancestorTitles":["Bills API (e2e)","GET /api/bills/:id"],"duration":6,"failureDetails":[],"failureMessages":[],"fullName":"Bills API (e2e) GET /api/bills/:id should return 404 for non-existent bill","invocations":1,"location":null,"numPassingAsserts":0,"retryReasons":[],"status":"passed","title":"should return 404 for non-existent bill"},{"ancestorTitles":["Bills API (e2e)","GET /api/bills"],"duration":8,"failureDetails":[],"failureMessages":[],"fullName":"Bills API (e2e) GET /api/bills should filter bills by status","invocations":1,"location":null,"numPassingAsserts":3,"retryReasons":[],"status":"passed","title":"should filter bills by status"},{"ancestorTitles":["Bills API (e2e)","Bill Payment Application"],"duration":18,"failureDetails":[],"failureMessages":[],"fullName":"Bills API (e2e) Bill Payment Application should apply payment to bill and update balance","invocations":1,"location":null,"numPassingAsserts":3,"retryReasons":[],"status":"passed","title":"should apply payment to bill and update balance"},{"ancestorTitles":["Bills API (e2e)","Bill Payment Application"],"duration":12,"failureDetails":[],"failureMessages":[],"fullName":"Bills API (e2e) Bill Payment Application should mark bill as PAID when fully paid","invocations":1,"location":null,"numPassingAsserts":2,"retryReasons":[],"status":"passed","title":"should mark bill as PAID when fully paid"},{"ancestorTitles":["Bills API (e2e)","Bill Payment Application"],"duration":6,"failureDetails":[],"failureMessages":[],"fullName":"Bills API (e2e) Bill Payment Application should reject overpayment","invocations":1,"location":null,"numPassingAsserts":0,"retryReasons":[],"status":"passed","title":"should reject overpayment"}],"endTime":1765831092025,"message":"","name":"C:\\Users\\HomePC\\Desktop\\Haypbooksv9\\Haypbooks\\Backend\\test\\bills.e2e-spec.ts","startTime":1765831086361,"status":"passed","summary":""},{"assertionResults":[{"ancestorTitles":["Inventory API (e2e)"],"duration":62,"failureDetails":[{}],"failureMessages":["Error: expected 201 \"Created\", got 400 \"Bad Request\"\n    at Object.<anonymous> (C:\\Users\\HomePC\\Desktop\\Haypbooksv9\\Haypbooks\\Backend\\test\\inventory.e2e-spec.ts:78:8)\n    at Promise.then.completed (C:\\Users\\HomePC\\Desktop\\Haypbooksv9\\Haypbooks\\Backend\\node_modules\\jest-circus\\build\\utils.js:298:28)\n    at new Promise (<anonymous>)\n    at callAsyncCircusFn (C:\\Users\\HomePC\\Desktop\\Haypbooksv9\\Haypbooks\\Backend\\node_modules\\jest-circus\\build\\utils.js:231:10)\n    at _callCircusTest (C:\\Users\\HomePC\\Desktop\\Haypbooksv9\\Haypbooks\\Backend\\node_modules\\jest-circus\\build\\run.js:316:40)\n    at processTicksAndRejections (node:internal/process/task_queues:105:5)\n    at _runTest (C:\\Users\\HomePC\\Desktop\\Haypbooksv9\\Haypbooks\\Backend\\node_modules\\jest-circus\\build\\run.js:252:3)\n    at _runTestsForDescribeBlock (C:\\Users\\HomePC\\Desktop\\Haypbooksv9\\Haypbooks\\Backend\\node_modules\\jest-circus\\build\\run.js:126:9)\n    at _runTestsForDescribeBlock (C:\\Users\\HomePC\\Desktop\\Haypbooksv9\\Haypbooks\\Backend\\node_modules\\jest-circus\\build\\run.js:121:9)\n    at run (C:\\Users\\HomePC\\Desktop\\Haypbooksv9\\Haypbooks\\Backend\\node_modules\\jest-circus\\build\\run.js:71:3)\n    at runAndTransformResultsToJestFormat (C:\\Users\\HomePC\\Desktop\\Haypbooksv9\\Haypbooks\\Backend\\node_modules\\jest-circus\\build\\legacy-code-todo-rewrite\\jestAdapterInit.js:122:21)\n    at jestAdapter (C:\\Users\\HomePC\\Desktop\\Haypbooksv9\\Haypbooks\\Backend\\node_modules\\jest-circus\\build\\legacy-code-todo-rewrite\\jestAdapter.js:79:19)\n    at runTestInternal (C:\\Users\\HomePC\\Desktop\\Haypbooksv9\\Haypbooks\\Backend\\node_modules\\jest-runner\\build\\runTest.js:367:16)\n    at runTest (C:\\Users\\HomePC\\Desktop\\Haypbooksv9\\Haypbooks\\Backend\\node_modules\\jest-runner\\build\\runTest.js:444:34)\n----\n    at Test._assertStatus (C:\\Users\\HomePC\\Desktop\\Haypbooksv9\\Haypbooks\\Backend\\node_modules\\supertest\\lib\\test.js:252:14)\n    at C:\\Users\\HomePC\\Desktop\\Haypbooksv9\\Haypbooks\\Backend\\node_modules\\supertest\\lib\\test.js:308:13\n    at Test._assertFunction (C:\\Users\\HomePC\\Desktop\\Haypbooksv9\\Haypbooks\\Backend\\node_modules\\supertest\\lib\\test.js:285:13)\n    at Test.assert (C:\\Users\\HomePC\\Desktop\\Haypbooksv9\\Haypbooks\\Backend\\node_modules\\supertest\\lib\\test.js:164:23)\n    at Server.localAssert (C:\\Users\\HomePC\\Desktop\\Haypbooksv9\\Haypbooks\\Backend\\node_modules\\supertest\\lib\\test.js:120:14)\n    at Object.onceWrapper (node:events:632:28)\n    at Server.emit (node:events:518:28)\n    at emitCloseNT (node:net:2419:8)\n    at processTicksAndRejections (node:internal/process/task_queues:89:21)"],"fullName":"Inventory API (e2e) should receive stock and update levels","invocations":1,"location":null,"numPassingAsserts":0,"retryReasons":[],"status":"failed","title":"should receive stock and update levels"},{"ancestorTitles":["Inventory API (e2e)"],"duration":8,"failureDetails":[{}],"failureMessages":["Error: expected 201 \"Created\", got 400 \"Bad Request\"\n    at Object.<anonymous> (C:\\Users\\HomePC\\Desktop\\Haypbooksv9\\Haypbooks\\Backend\\test\\inventory.e2e-spec.ts:109:8)\n    at Promise.then.completed (C:\\Users\\HomePC\\Desktop\\Haypbooksv9\\Haypbooks\\Backend\\node_modules\\jest-circus\\build\\utils.js:298:28)\n    at new Promise (<anonymous>)\n    at callAsyncCircusFn (C:\\Users\\HomePC\\Desktop\\Haypbooksv9\\Haypbooks\\Backend\\node_modules\\jest-circus\\build\\utils.js:231:10)\n    at _callCircusTest (C:\\Users\\HomePC\\Desktop\\Haypbooksv9\\Haypbooks\\Backend\\node_modules\\jest-circus\\build\\run.js:316:40)\n    at processTicksAndRejections (node:internal/process/task_queues:105:5)\n    at _runTest (C:\\Users\\HomePC\\Desktop\\Haypbooksv9\\Haypbooks\\Backend\\node_modules\\jest-circus\\build\\run.js:252:3)\n    at _runTestsForDescribeBlock (C:\\Users\\HomePC\\Desktop\\Haypbooksv9\\Haypbooks\\Backend\\node_modules\\jest-circus\\build\\run.js:126:9)\n    at _runTestsForDescribeBlock (C:\\Users\\HomePC\\Desktop\\Haypbooksv9\\Haypbooks\\Backend\\node_modules\\jest-circus\\build\\run.js:121:9)\n    at run (C:\\Users\\HomePC\\Desktop\\Haypbooksv9\\Haypbooks\\Backend\\node_modules\\jest-circus\\build\\run.js:71:3)\n    at runAndTransformResultsToJestFormat (C:\\Users\\HomePC\\Desktop\\Haypbooksv9\\Haypbooks\\Backend\\node_modules\\jest-circus\\build\\legacy-code-todo-rewrite\\jestAdapterInit.js:122:21)\n    at jestAdapter (C:\\Users\\HomePC\\Desktop\\Haypbooksv9\\Haypbooks\\Backend\\node_modules\\jest-circus\\build\\legacy-code-todo-rewrite\\jestAdapter.js:79:19)\n    at runTestInternal (C:\\Users\\HomePC\\Desktop\\Haypbooksv9\\Haypbooks\\Backend\\node_modules\\jest-runner\\build\\runTest.js:367:16)\n    at runTest (C:\\Users\\HomePC\\Desktop\\Haypbooksv9\\Haypbooks\\Backend\\node_modules\\jest-runner\\build\\runTest.js:444:34)\n----\n    at Test._assertStatus (C:\\Users\\HomePC\\Desktop\\Haypbooksv9\\Haypbooks\\Backend\\node_modules\\supertest\\lib\\test.js:252:14)\n    at C:\\Users\\HomePC\\Desktop\\Haypbooksv9\\Haypbooks\\Backend\\node_modules\\supertest\\lib\\test.js:308:13\n    at Test._assertFunction (C:\\Users\\HomePC\\Desktop\\Haypbooksv9\\Haypbooks\\Backend\\node_modules\\supertest\\lib\\test.js:285:13)\n    at Test.assert (C:\\Users\\HomePC\\Desktop\\Haypbooksv9\\Haypbooks\\Backend\\node_modules\\supertest\\lib\\test.js:164:23)\n    at Server.localAssert (C:\\Users\\HomePC\\Desktop\\Haypbooksv9\\Haypbooks\\Backend\\node_modules\\supertest\\lib\\test.js:120:14)\n    at Object.onceWrapper (node:events:632:28)\n    at Server.emit (node:events:518:28)\n    at emitCloseNT (node:net:2419:8)\n    at processTicksAndRejections (node:internal/process/task_queues:89:21)"],"fullName":"Inventory API (e2e) should ship stock and decrement levels","invocations":1,"location":null,"numPassingAsserts":0,"retryReasons":[],"status":"failed","title":"should ship stock and decrement levels"},{"ancestorTitles":["Inventory API (e2e)"],"duration":10,"failureDetails":[],"failureMessages":[],"fullName":"Inventory API (e2e) should reject over-shipment","invocations":1,"location":null,"numPassingAsserts":0,"retryReasons":[],"status":"passed","title":"should reject over-shipment"},{"ancestorTitles":["Inventory API (e2e)"],"duration":17,"failureDetails":[{}],"failureMessages":["Error: expected 201 \"Created\", got 400 \"Bad Request\"\n    at Object.<anonymous> (C:\\Users\\HomePC\\Desktop\\Haypbooksv9\\Haypbooks\\Backend\\test\\inventory.e2e-spec.ts:141:136)\n----\n    at Test._assertStatus (C:\\Users\\HomePC\\Desktop\\Haypbooksv9\\Haypbooks\\Backend\\node_modules\\supertest\\lib\\test.js:252:14)\n    at C:\\Users\\HomePC\\Desktop\\Haypbooksv9\\Haypbooks\\Backend\\node_modules\\supertest\\lib\\test.js:308:13\n    at Test._assertFunction (C:\\Users\\HomePC\\Desktop\\Haypbooksv9\\Haypbooks\\Backend\\node_modules\\supertest\\lib\\test.js:285:13)\n    at Test.assert (C:\\Users\\HomePC\\Desktop\\Haypbooksv9\\Haypbooks\\Backend\\node_modules\\supertest\\lib\\test.js:164:23)\n    at Server.localAssert (C:\\Users\\HomePC\\Desktop\\Haypbooksv9\\Haypbooks\\Backend\\node_modules\\supertest\\lib\\test.js:120:14)\n    at Object.onceWrapper (node:events:632:28)\n    at Server.emit (node:events:518:28)\n    at emitCloseNT (node:net:2419:8)\n    at processTicksAndRejections (node:internal/process/task_queues:89:21)"],"fullName":"Inventory API (e2e) should transfer stock between locations","invocations":1,"location":null,"numPassingAsserts":0,"retryReasons":[],"status":"failed","title":"should transfer stock between locations"}],"endTime":1765831093166,"message":"\u001b[1m\u001b[31m  \u001b[1m● \u001b[22m\u001b[1mInventory API (e2e) › should receive stock and update levels\u001b[39m\u001b[22m\n\n    expected 201 \"Created\", got 400 \"Bad Request\"\n\u001b[2m\u001b[22m\n\u001b[2m    \u001b[0m \u001b[90m 76 |\u001b[39m       \u001b[33m.\u001b[39m\u001b[36mset\u001b[39m(\u001b[32m'Authorization'\u001b[39m\u001b[33m,\u001b[39m \u001b[32m`Bearer ${authToken}`\u001b[39m)\u001b[22m\n\u001b[2m     \u001b[90m 77 |\u001b[39m       \u001b[33m.\u001b[39msend(payload)\u001b[22m\n\u001b[2m    \u001b[31m\u001b[1m>\u001b[22m\u001b[2m\u001b[39m\u001b[90m 78 |\u001b[39m       \u001b[33m.\u001b[39mexpect(\u001b[35m201\u001b[39m)\u001b[22m\n\u001b[2m     \u001b[90m    |\u001b[39m        \u001b[31m\u001b[1m^\u001b[22m\u001b[2m\u001b[39m\u001b[22m\n\u001b[2m     \u001b[90m 79 |\u001b[39m\u001b[22m\n\u001b[2m     \u001b[90m 80 |\u001b[39m     expect(res\u001b[33m.\u001b[39mbody)\u001b[33m.\u001b[39mtoHaveProperty(\u001b[32m'id'\u001b[39m)\u001b[22m\n\u001b[2m     \u001b[90m 81 |\u001b[39m\u001b[0m\u001b[22m\n\u001b[2m\u001b[22m\n\u001b[2m      \u001b[2mat Object.<anonymous> (\u001b[22m\u001b[2m\u001b[0m\u001b[36mtest/inventory.e2e-spec.ts\u001b[39m\u001b[0m\u001b[2m:78:8)\u001b[22m\u001b[2m\u001b[22m\n\u001b[2m      ----\u001b[22m\n\u001b[2m      \u001b[2mat Test._assertStatus (\u001b[22m\u001b[2mnode_modules/supertest/lib/test.js\u001b[2m:252:14)\u001b[22m\u001b[2m\u001b[22m\n\u001b[2m      \u001b[2mat \u001b[22m\u001b[2mnode_modules/supertest/lib/test.js\u001b[2m:308:13\u001b[22m\u001b[2m\u001b[22m\n\u001b[2m      \u001b[2mat Test._assertFunction (\u001b[22m\u001b[2mnode_modules/supertest/lib/test.js\u001b[2m:285:13)\u001b[22m\u001b[2m\u001b[22m\n\u001b[2m      \u001b[2mat Test.assert (\u001b[22m\u001b[2mnode_modules/supertest/lib/test.js\u001b[2m:164:23)\u001b[22m\u001b[2m\u001b[22m\n\u001b[2m      \u001b[2mat Server.localAssert (\u001b[22m\u001b[2mnode_modules/supertest/lib/test.js\u001b[2m:120:14)\u001b[22m\u001b[2m\u001b[22m\n\n\u001b[1m\u001b[31m  \u001b[1m● \u001b[22m\u001b[1mInventory API (e2e) › should ship stock and decrement levels\u001b[39m\u001b[22m\n\n    expected 201 \"Created\", got 400 \"Bad Request\"\n\u001b[2m\u001b[22m\n\u001b[2m    \u001b[0m \u001b[90m 107 |\u001b[39m       \u001b[33m.\u001b[39m\u001b[36mset\u001b[39m(\u001b[32m'Authorization'\u001b[39m\u001b[33m,\u001b[39m \u001b[32m`Bearer ${authToken}`\u001b[39m)\u001b[22m\n\u001b[2m     \u001b[90m 108 |\u001b[39m       \u001b[33m.\u001b[39msend(payload)\u001b[22m\n\u001b[2m    \u001b[31m\u001b[1m>\u001b[22m\u001b[2m\u001b[39m\u001b[90m 109 |\u001b[39m       \u001b[33m.\u001b[39mexpect(\u001b[35m201\u001b[39m)\u001b[22m\n\u001b[2m     \u001b[90m     |\u001b[39m        \u001b[31m\u001b[1m^\u001b[22m\u001b[2m\u001b[39m\u001b[22m\n\u001b[2m     \u001b[90m 110 |\u001b[39m\u001b[22m\n\u001b[2m     \u001b[90m 111 |\u001b[39m     expect(res\u001b[33m.\u001b[39mbody)\u001b[33m.\u001b[39mtoHaveProperty(\u001b[32m'id'\u001b[39m)\u001b[22m\n\u001b[2m     \u001b[90m 112 |\u001b[39m\u001b[0m\u001b[22m\n\u001b[2m\u001b[22m\n\u001b[2m      \u001b[2mat Object.<anonymous> (\u001b[22m\u001b[2m\u001b[0m\u001b[36mtest/inventory.e2e-spec.ts\u001b[39m\u001b[0m\u001b[2m:109:8)\u001b[22m\u001b[2m\u001b[22m\n\u001b[2m      ----\u001b[22m\n\u001b[2m      \u001b[2mat Test._assertStatus (\u001b[22m\u001b[2mnode_modules/supertest/lib/test.js\u001b[2m:252:14)\u001b[22m\u001b[2m\u001b[22m\n\u001b[2m      \u001b[2mat \u001b[22m\u001b[2mnode_modules/supertest/lib/test.js\u001b[2m:308:13\u001b[22m\u001b[2m\u001b[22m\n\u001b[2m      \u001b[2mat Test._assertFunction (\u001b[22m\u001b[2mnode_modules/supertest/lib/test.js\u001b[2m:285:13)\u001b[22m\u001b[2m\u001b[22m\n\u001b[2m      \u001b[2mat Test.assert (\u001b[22m\u001b[2mnode_modules/supertest/lib/test.js\u001b[2m:164:23)\u001b[22m\u001b[2m\u001b[22m\n\u001b[2m      \u001b[2mat Server.localAssert (\u001b[22m\u001b[2mnode_modules/supertest/lib/test.js\u001b[2m:120:14)\u001b[22m\u001b[2m\u001b[22m\n\n\u001b[1m\u001b[31m  \u001b[1m● \u001b[22m\u001b[1mInventory API (e2e) › should transfer stock between locations\u001b[39m\u001b[22m\n\n    expected 201 \"Created\", got 400 \"Bad Request\"\n\u001b[2m\u001b[22m\n\u001b[2m    \u001b[0m \u001b[90m 139 |\u001b[39m       lines\u001b[33m:\u001b[39m [{ itemId\u001b[33m,\u001b[39m stockLocationId\u001b[33m:\u001b[39m dest\u001b[33m.\u001b[39mid\u001b[33m,\u001b[39m qty\u001b[33m:\u001b[39m \u001b[35m5\u001b[39m\u001b[33m,\u001b[39m unitCost\u001b[33m:\u001b[39m \u001b[35m5\u001b[39m }]\u001b[22m\n\u001b[2m     \u001b[90m 140 |\u001b[39m     }\u001b[22m\n\u001b[2m    \u001b[31m\u001b[1m>\u001b[22m\u001b[2m\u001b[39m\u001b[90m 141 |\u001b[39m     \u001b[36mawait\u001b[39m request(app\u001b[33m.\u001b[39mgetHttpServer())\u001b[33m.\u001b[39mpost(\u001b[32m'/api/inventory/receive'\u001b[39m)\u001b[33m.\u001b[39m\u001b[36mset\u001b[39m(\u001b[32m'Authorization'\u001b[39m\u001b[33m,\u001b[39m \u001b[32m`Bearer ${authToken}`\u001b[39m)\u001b[33m.\u001b[39msend(payloadReceive)\u001b[33m.\u001b[39mexpect(\u001b[35m201\u001b[39m)\u001b[22m\n\u001b[2m     \u001b[90m     |\u001b[39m                                                                                                                                        \u001b[31m\u001b[1m^\u001b[22m\u001b[2m\u001b[39m\u001b[22m\n\u001b[2m     \u001b[90m 142 |\u001b[39m\u001b[22m\n\u001b[2m     \u001b[90m 143 |\u001b[39m     \u001b[90m// transfer 3 from dest to main\u001b[39m\u001b[22m\n\u001b[2m     \u001b[90m 144 |\u001b[39m     \u001b[36mconst\u001b[39m payloadTransfer \u001b[33m=\u001b[39m {\u001b[0m\u001b[22m\n\u001b[2m\u001b[22m\n\u001b[2m      \u001b[2mat Object.<anonymous> (\u001b[22m\u001b[2m\u001b[0m\u001b[36mtest/inventory.e2e-spec.ts\u001b[39m\u001b[0m\u001b[2m:141:136)\u001b[22m\u001b[2m\u001b[22m\n\u001b[2m      ----\u001b[22m\n\u001b[2m      \u001b[2mat Test._assertStatus (\u001b[22m\u001b[2mnode_modules/supertest/lib/test.js\u001b[2m:252:14)\u001b[22m\u001b[2m\u001b[22m\n\u001b[2m      \u001b[2mat \u001b[22m\u001b[2mnode_modules/supertest/lib/test.js\u001b[2m:308:13\u001b[22m\u001b[2m\u001b[22m\n\u001b[2m      \u001b[2mat Test._assertFunction (\u001b[22m\u001b[2mnode_modules/supertest/lib/test.js\u001b[2m:285:13)\u001b[22m\u001b[2m\u001b[22m\n\u001b[2m      \u001b[2mat Test.assert (\u001b[22m\u001b[2mnode_modules/supertest/lib/test.js\u001b[2m:164:23)\u001b[22m\u001b[2m\u001b[22m\n\u001b[2m      \u001b[2mat Server.localAssert (\u001b[22m\u001b[2mnode_modules/supertest/lib/test.js\u001b[2m:120:14)\u001b[22m\u001b[2m\u001b[22m\n","name":"C:\\Users\\HomePC\\Desktop\\Haypbooksv9\\Haypbooks\\Backend\\test\\inventory.e2e-spec.ts","startTime":1765831092033,"status":"failed","summary":""},{"assertionResults":[{"ancestorTitles":["Purchase Orders (e2e)"],"duration":75,"failureDetails":[{}],"failureMessages":["Error: expected 201 \"Created\", got 400 \"Bad Request\"\n    at Object.<anonymous> (C:\\Users\\HomePC\\Desktop\\Haypbooksv9\\Haypbooks\\Backend\\test\\purchase-orders.e2e-spec.ts:85:160)\n    at processTicksAndRejections (node:internal/process/task_queues:105:5)\n----\n    at Test._assertStatus (C:\\Users\\HomePC\\Desktop\\Haypbooksv9\\Haypbooks\\Backend\\node_modules\\supertest\\lib\\test.js:252:14)\n    at C:\\Users\\HomePC\\Desktop\\Haypbooksv9\\Haypbooks\\Backend\\node_modules\\supertest\\lib\\test.js:308:13\n    at Test._assertFunction (C:\\Users\\HomePC\\Desktop\\Haypbooksv9\\Haypbooks\\Backend\\node_modules\\supertest\\lib\\test.js:285:13)\n    at Test.assert (C:\\Users\\HomePC\\Desktop\\Haypbooksv9\\Haypbooks\\Backend\\node_modules\\supertest\\lib\\test.js:164:23)\n    at Server.localAssert (C:\\Users\\HomePC\\Desktop\\Haypbooksv9\\Haypbooks\\Backend\\node_modules\\supertest\\lib\\test.js:120:14)\n    at Object.onceWrapper (node:events:632:28)\n    at Server.emit (node:events:518:28)\n    at emitCloseNT (node:net:2419:8)\n    at processTicksAndRejections (node:internal/process/task_queues:89:21)"],"fullName":"Purchase Orders (e2e) should create PO and receive it into stock","invocations":1,"location":null,"numPassingAsserts":0,"retryReasons":[],"status":"failed","title":"should create PO and receive it into stock"}],"endTime":1765831094236,"message":"\u001b[1m\u001b[31m  \u001b[1m● \u001b[22m\u001b[1mPurchase Orders (e2e) › should create PO and receive it into stock\u001b[39m\u001b[22m\n\n    expected 201 \"Created\", got 400 \"Bad Request\"\n\u001b[2m\u001b[22m\n\u001b[2m    \u001b[0m \u001b[90m 83 |\u001b[39m     \u001b[90m// receive the PO\u001b[39m\u001b[22m\n\u001b[2m     \u001b[90m 84 |\u001b[39m     \u001b[36mconst\u001b[39m receivePayload \u001b[33m=\u001b[39m { tenantId\u001b[33m,\u001b[39m transactionNumber\u001b[33m:\u001b[39m \u001b[32m'PO-RCPT-001'\u001b[39m\u001b[33m,\u001b[39m stockLocationId\u001b[33m:\u001b[39m locationId }\u001b[22m\n\u001b[2m    \u001b[31m\u001b[1m>\u001b[22m\u001b[2m\u001b[39m\u001b[90m 85 |\u001b[39m     \u001b[36mconst\u001b[39m r \u001b[33m=\u001b[39m \u001b[36mawait\u001b[39m request(app\u001b[33m.\u001b[39mgetHttpServer())\u001b[33m.\u001b[39mpost(\u001b[32m`/api/purchase-orders/${poId}/receive`\u001b[39m)\u001b[33m.\u001b[39m\u001b[36mset\u001b[39m(\u001b[32m'Authorization'\u001b[39m\u001b[33m,\u001b[39m \u001b[32m`Bearer ${authToken}`\u001b[39m)\u001b[33m.\u001b[39msend(receivePayload)\u001b[33m.\u001b[39mexpect(\u001b[35m201\u001b[39m)\u001b[22m\n\u001b[2m     \u001b[90m    |\u001b[39m                                                                                                                                                                \u001b[31m\u001b[1m^\u001b[22m\u001b[2m\u001b[39m\u001b[22m\n\u001b[2m     \u001b[90m 86 |\u001b[39m\u001b[22m\n\u001b[2m     \u001b[90m 87 |\u001b[39m     \u001b[90m// Verify inventory transaction was created and stock levels updated\u001b[39m\u001b[22m\n\u001b[2m     \u001b[90m 88 |\u001b[39m     \u001b[36mconst\u001b[39m sl \u001b[33m=\u001b[39m \u001b[36mawait\u001b[39m prisma\u001b[33m.\u001b[39mstockLevel\u001b[33m.\u001b[39mfindFirst({ where\u001b[33m:\u001b[39m { tenantId\u001b[33m,\u001b[39m itemId } })\u001b[0m\u001b[22m\n\u001b[2m\u001b[22m\n\u001b[2m      \u001b[2mat Object.<anonymous> (\u001b[22m\u001b[2m\u001b[0m\u001b[36mtest/purchase-orders.e2e-spec.ts\u001b[39m\u001b[0m\u001b[2m:85:160)\u001b[22m\u001b[2m\u001b[22m\n\u001b[2m      ----\u001b[22m\n\u001b[2m      \u001b[2mat Test._assertStatus (\u001b[22m\u001b[2mnode_modules/supertest/lib/test.js\u001b[2m:252:14)\u001b[22m\u001b[2m\u001b[22m\n\u001b[2m      \u001b[2mat \u001b[22m\u001b[2mnode_modules/supertest/lib/test.js\u001b[2m:308:13\u001b[22m\u001b[2m\u001b[22m\n\u001b[2m      \u001b[2mat Test._assertFunction (\u001b[22m\u001b[2mnode_modules/supertest/lib/test.js\u001b[2m:285:13)\u001b[22m\u001b[2m\u001b[22m\n\u001b[2m      \u001b[2mat Test.assert (\u001b[22m\u001b[2mnode_modules/supertest/lib/test.js\u001b[2m:164:23)\u001b[22m\u001b[2m\u001b[22m\n\u001b[2m      \u001b[2mat Server.localAssert (\u001b[22m\u001b[2mnode_modules/supertest/lib/test.js\u001b[2m:120:14)\u001b[22m\u001b[2m\u001b[22m\n","name":"C:\\Users\\HomePC\\Desktop\\Haypbooksv9\\Haypbooks\\Backend\\test\\purchase-orders.e2e-spec.ts","startTime":1765831093172,"status":"failed","summary":""},{"assertionResults":[{"ancestorTitles":["Payroll submit flow (e2e)"],"duration":40,"failureDetails":[{}],"failureMessages":["Error: expected 201 \"Created\", got 400 \"Bad Request\"\n    at Object.<anonymous> (C:\\Users\\HomePC\\Desktop\\Haypbooksv9\\Haypbooks\\Backend\\test\\payroll.submit.e2e-spec.ts:46:94)\n    at Promise.then.completed (C:\\Users\\HomePC\\Desktop\\Haypbooksv9\\Haypbooks\\Backend\\node_modules\\jest-circus\\build\\utils.js:298:28)\n    at new Promise (<anonymous>)\n    at callAsyncCircusFn (C:\\Users\\HomePC\\Desktop\\Haypbooksv9\\Haypbooks\\Backend\\node_modules\\jest-circus\\build\\utils.js:231:10)\n    at _callCircusTest (C:\\Users\\HomePC\\Desktop\\Haypbooksv9\\Haypbooks\\Backend\\node_modules\\jest-circus\\build\\run.js:316:40)\n    at _runTest (C:\\Users\\HomePC\\Desktop\\Haypbooksv9\\Haypbooks\\Backend\\node_modules\\jest-circus\\build\\run.js:252:3)\n    at _runTestsForDescribeBlock (C:\\Users\\HomePC\\Desktop\\Haypbooksv9\\Haypbooks\\Backend\\node_modules\\jest-circus\\build\\run.js:126:9)\n    at _runTestsForDescribeBlock (C:\\Users\\HomePC\\Desktop\\Haypbooksv9\\Haypbooks\\Backend\\node_modules\\jest-circus\\build\\run.js:121:9)\n    at run (C:\\Users\\HomePC\\Desktop\\Haypbooksv9\\Haypbooks\\Backend\\node_modules\\jest-circus\\build\\run.js:71:3)\n    at runAndTransformResultsToJestFormat (C:\\Users\\HomePC\\Desktop\\Haypbooksv9\\Haypbooks\\Backend\\node_modules\\jest-circus\\build\\legacy-code-todo-rewrite\\jestAdapterInit.js:122:21)\n    at jestAdapter (C:\\Users\\HomePC\\Desktop\\Haypbooksv9\\Haypbooks\\Backend\\node_modules\\jest-circus\\build\\legacy-code-todo-rewrite\\jestAdapter.js:79:19)\n    at runTestInternal (C:\\Users\\HomePC\\Desktop\\Haypbooksv9\\Haypbooks\\Backend\\node_modules\\jest-runner\\build\\runTest.js:367:16)\n    at runTest (C:\\Users\\HomePC\\Desktop\\Haypbooksv9\\Haypbooks\\Backend\\node_modules\\jest-runner\\build\\runTest.js:444:34)\n----\n    at Test._assertStatus (C:\\Users\\HomePC\\Desktop\\Haypbooksv9\\Haypbooks\\Backend\\node_modules\\supertest\\lib\\test.js:252:14)\n    at C:\\Users\\HomePC\\Desktop\\Haypbooksv9\\Haypbooks\\Backend\\node_modules\\supertest\\lib\\test.js:308:13\n    at Test._assertFunction (C:\\Users\\HomePC\\Desktop\\Haypbooksv9\\Haypbooks\\Backend\\node_modules\\supertest\\lib\\test.js:285:13)\n    at Test.assert (C:\\Users\\HomePC\\Desktop\\Haypbooksv9\\Haypbooks\\Backend\\node_modules\\supertest\\lib\\test.js:164:23)\n    at Server.localAssert (C:\\Users\\HomePC\\Desktop\\Haypbooksv9\\Haypbooks\\Backend\\node_modules\\supertest\\lib\\test.js:120:14)\n    at Object.onceWrapper (node:events:632:28)\n    at Server.emit (node:events:518:28)\n    at emitCloseNT (node:net:2419:8)\n    at processTicksAndRejections (node:internal/process/task_queues:89:21)"],"fullName":"Payroll submit flow (e2e) submits payroll and creates journal entry","invocations":1,"location":null,"numPassingAsserts":0,"retryReasons":[],"status":"failed","title":"submits payroll and creates journal entry"}],"coverage":{},"endTime":1765831167572,"message":"\u001b[1m\u001b[31m  \u001b[1m● \u001b[22m\u001b[1mPayroll submit flow (e2e) › submits payroll and creates journal entry\u001b[39m\u001b[22m\n\n    expected 201 \"Created\", got 400 \"Bad Request\"\n\u001b[2m\u001b[22m\n\u001b[2m    \u001b[0m \u001b[90m 44 |\u001b[39m   it(\u001b[32m'submits payroll and creates journal entry'\u001b[39m\u001b[33m,\u001b[39m \u001b[36masync\u001b[39m () \u001b[33m=>\u001b[39m {\u001b[22m\n\u001b[2m     \u001b[90m 45 |\u001b[39m     \u001b[36mconst\u001b[39m payload \u001b[33m=\u001b[39m { tenantId\u001b[33m,\u001b[39m startDate\u001b[33m:\u001b[39m \u001b[36mnew\u001b[39m \u001b[33mDate\u001b[39m()\u001b[33m.\u001b[39mtoISOString()\u001b[33m,\u001b[39m endDate\u001b[33m:\u001b[39m \u001b[36mnew\u001b[39m \u001b[33mDate\u001b[39m()\u001b[33m.\u001b[39mtoISOString()\u001b[33m,\u001b[39m rows\u001b[33m:\u001b[39m [{ employeeId\u001b[33m,\u001b[39m hours\u001b[33m:\u001b[39m \u001b[35m40\u001b[39m }]\u001b[33m,\u001b[39m description\u001b[33m:\u001b[39m \u001b[32m'Pay run'\u001b[39m }\u001b[22m\n\u001b[2m    \u001b[31m\u001b[1m>\u001b[22m\u001b[2m\u001b[39m\u001b[90m 46 |\u001b[39m     \u001b[36mconst\u001b[39m res \u001b[33m=\u001b[39m \u001b[36mawait\u001b[39m request(app\u001b[33m.\u001b[39mgetHttpServer())\u001b[33m.\u001b[39mpost(\u001b[32m'/api/payroll/submit'\u001b[39m)\u001b[33m.\u001b[39msend(payload)\u001b[33m.\u001b[39mexpect(\u001b[35m201\u001b[39m)\u001b[22m\n\u001b[2m     \u001b[90m    |\u001b[39m                                                                                              \u001b[31m\u001b[1m^\u001b[22m\u001b[2m\u001b[39m\u001b[22m\n\u001b[2m     \u001b[90m 47 |\u001b[39m     expect(res\u001b[33m.\u001b[39mbody\u001b[33m.\u001b[39mpayrollRun)\u001b[33m.\u001b[39mtoBeTruthy()\u001b[22m\n\u001b[2m     \u001b[90m 48 |\u001b[39m     expect(res\u001b[33m.\u001b[39mbody\u001b[33m.\u001b[39mpaychecks\u001b[33m.\u001b[39mlength)\u001b[33m.\u001b[39mtoBe(\u001b[35m1\u001b[39m)\u001b[22m\n\u001b[2m     \u001b[90m 49 |\u001b[39m\u001b[0m\u001b[22m\n\u001b[2m\u001b[22m\n\u001b[2m      \u001b[2mat Object.<anonymous> (\u001b[22m\u001b[2m\u001b[0m\u001b[36mtest/payroll.submit.e2e-spec.ts\u001b[39m\u001b[0m\u001b[2m:46:94)\u001b[22m\u001b[2m\u001b[22m\n\u001b[2m      ----\u001b[22m\n\u001b[2m      \u001b[2mat Test._assertStatus (\u001b[22m\u001b[2mnode_modules/supertest/lib/test.js\u001b[2m:252:14)\u001b[22m\u001b[2m\u001b[22m\n\u001b[2m      \u001b[2mat \u001b[22m\u001b[2mnode_modules/supertest/lib/test.js\u001b[2m:308:13\u001b[22m\u001b[2m\u001b[22m\n\u001b[2m      \u001b[2mat Test._assertFunction (\u001b[22m\u001b[2mnode_modules/supertest/lib/test.js\u001b[2m:285:13)\u001b[22m\u001b[2m\u001b[22m\n\u001b[2m      \u001b[2mat Test.assert (\u001b[22m\u001b[2mnode_modules/supertest/lib/test.js\u001b[2m:164:23)\u001b[22m\u001b[2m\u001b[22m\n\u001b[2m      \u001b[2mat Server.localAssert (\u001b[22m\u001b[2mnode_modules/supertest/lib/test.js\u001b[2m:120:14)\u001b[22m\u001b[2m\u001b[22m\n\n\n  \u001b[1m● \u001b[22mTest suite failed to run\n\n    PrismaClientUnknownRequestError: \n    Invalid `prisma.tenant.deleteMany()` invocation in\n    C:\\Users\\HomePC\\Desktop\\Haypbooksv9\\Haypbooks\\Backend\\test\\payroll.submit.e2e-spec.ts:40:25\n\n      37 await prisma.account.deleteMany({ where: { tenantId } }).catch(() => {})\n      38 await prisma.employee.deleteMany({ where: { tenantId } }).catch(() => {})\n      39 await prisma.taxRate.deleteMany({ where: { tenantId } }).catch(() => {})\n    → 40 await prisma.tenant.deleteMany(\n    Error occurred during query execution:\n    ConnectorError(ConnectorError { user_facing_error: None, kind: QueryError(Error { kind: Db, cause: Some(DbError { severity: \"ERROR\", parsed_severity: Some(Error), code: SqlState(E23001), message: \"update or delete on table \\\"Tenant\\\" violates RESTRICT setting of foreign key constraint \\\"Employee_tenantId_fkey\\\" on table \\\"Employee\\\"\", detail: Some(\"Key (id)=(1c6637fe-eaf1-47b1-bf28-af2709b2f5e3) is referenced from table \\\"Employee\\\".\"), hint: None, position: None, where_: None, schema: Some(\"public\"), table: Some(\"Employee\"), column: None, datatype: None, constraint: Some(\"Employee_tenantId_fkey\"), file: Some(\"ri_triggers.c\"), line: Some(2797), routine: Some(\"ri_ReportViolation\") }) }), transient: false })\n\n    \u001b[0m \u001b[90m 38 |\u001b[39m     \u001b[36mawait\u001b[39m prisma\u001b[33m.\u001b[39memployee\u001b[33m.\u001b[39mdeleteMany({ where\u001b[33m:\u001b[39m { tenantId } })\u001b[33m.\u001b[39m\u001b[36mcatch\u001b[39m(() \u001b[33m=>\u001b[39m {})\n     \u001b[90m 39 |\u001b[39m     \u001b[36mawait\u001b[39m prisma\u001b[33m.\u001b[39mtaxRate\u001b[33m.\u001b[39mdeleteMany({ where\u001b[33m:\u001b[39m { tenantId } })\u001b[33m.\u001b[39m\u001b[36mcatch\u001b[39m(() \u001b[33m=>\u001b[39m {})\n    \u001b[31m\u001b[1m>\u001b[22m\u001b[39m\u001b[90m 40 |\u001b[39m     \u001b[36mawait\u001b[39m prisma\u001b[33m.\u001b[39mtenant\u001b[33m.\u001b[39mdeleteMany({ where\u001b[33m:\u001b[39m { id\u001b[33m:\u001b[39m tenantId } })\n     \u001b[90m    |\u001b[39m     \u001b[31m\u001b[1m^\u001b[22m\u001b[39m\n     \u001b[90m 41 |\u001b[39m     \u001b[36mawait\u001b[39m app\u001b[33m.\u001b[39mclose()\n     \u001b[90m 42 |\u001b[39m   })\n     \u001b[90m 43 |\u001b[39m\u001b[0m\n\n      \u001b[2mat An.handleRequestError (\u001b[22mnode_modules/@prisma/client/runtime/library.js\u001b[2m:174:7103)\u001b[22m\n      \u001b[2mat An.handleAndLogRequestError (\u001b[22mnode_modules/@prisma/client/runtime/library.js\u001b[2m:174:6358)\u001b[22m\n      \u001b[2mat An.request (\u001b[22mnode_modules/@prisma/client/runtime/library.js\u001b[2m:174:6237)\u001b[22m\n      \u001b[2mat Object.<anonymous> (\u001b[22m\u001b[0m\u001b[36mtest/payroll.submit.e2e-spec.ts\u001b[39m\u001b[0m\u001b[2m:40:5)\u001b[22m\n","name":"C:\\Users\\HomePC\\Desktop\\Haypbooksv9\\Haypbooks\\Backend\\test\\payroll.submit.e2e-spec.ts","startTime":1765831167572,"status":"failed","summary":""},{"assertionResults":[{"ancestorTitles":["ProAdvisorPerk basic CRUD"],"duration":367,"failureDetails":[],"failureMessages":[],"fullName":"ProAdvisorPerk basic CRUD creates and reads a ProAdvisorPerk for a user","invocations":1,"location":null,"numPassingAsserts":2,"retryReasons":[],"status":"passed","title":"creates and reads a ProAdvisorPerk for a user"}],"endTime":1765831103913,"message":"","name":"C:\\Users\\HomePC\\Desktop\\Haypbooksv9\\Haypbooks\\Backend\\test\\proadvisor.perks.e2e-spec.ts","startTime":1765831095082,"status":"passed","summary":""},{"assertionResults":[{"ancestorTitles":["Auth e2e"],"duration":682,"failureDetails":[],"failureMessages":[],"fullName":"Auth e2e signup -> login -> session creation","invocations":1,"location":null,"numPassingAsserts":6,"retryReasons":[],"status":"passed","title":"signup -> login -> session creation"},{"ancestorTitles":["Auth e2e"],"duration":93,"failureDetails":[],"failureMessages":[],"fullName":"Auth e2e signup -> verify email OTP -> user verified","invocations":1,"location":null,"numPassingAsserts":5,"retryReasons":[],"status":"passed","title":"signup -> verify email OTP -> user verified"},{"ancestorTitles":["Auth e2e"],"duration":203,"failureDetails":[],"failureMessages":[],"fullName":"Auth e2e forgot -> verify -> reset flows","invocations":1,"location":null,"numPassingAsserts":4,"retryReasons":[],"status":"passed","title":"forgot -> verify -> reset flows"},{"ancestorTitles":["Auth e2e"],"duration":135,"failureDetails":[],"failureMessages":[],"fullName":"Auth e2e logs security events on signup/login and exposes them","invocations":1,"location":null,"numPassingAsserts":3,"retryReasons":[],"status":"passed","title":"logs security events on signup/login and exposes them"}],"endTime":1765831111333,"message":"","name":"C:\\Users\\HomePC\\Desktop\\Haypbooksv9\\Haypbooks\\Backend\\test\\auth.e2e-spec.ts","startTime":1765831103918,"status":"passed","summary":""},{"assertionResults":[{"ancestorTitles":["Bank Reconciliation invariants e2e"],"duration":318,"failureDetails":[],"failureMessages":[],"fullName":"Bank Reconciliation invariants e2e validates reconciliation math invariants for a simple seeded dataset","invocations":1,"location":null,"numPassingAsserts":2,"retryReasons":[],"status":"passed","title":"validates reconciliation math invariants for a simple seeded dataset"}],"endTime":1765831117613,"message":"","name":"C:\\Users\\HomePC\\Desktop\\Haypbooksv9\\Haypbooks\\Backend\\test\\reconciliation.e2e-spec.ts","startTime":1765831111338,"status":"passed","summary":""},{"assertionResults":[{"ancestorTitles":["RLS Phase2"],"duration":5536,"failureDetails":[],"failureMessages":[],"fullName":"RLS Phase2 applies tenant RLS to a larger set of tables","invocations":1,"location":null,"numPassingAsserts":3,"retryReasons":[],"status":"passed","title":"applies tenant RLS to a larger set of tables"}],"endTime":1765831123194,"message":"","name":"C:\\Users\\HomePC\\Desktop\\Haypbooksv9\\Haypbooks\\Backend\\test\\rls-phase2.e2e-spec.ts","startTime":1765831117618,"status":"passed","summary":""},{"assertionResults":[{"ancestorTitles":["Contacts e2e"],"duration":308,"failureDetails":[],"failureMessages":[],"fullName":"Contacts e2e creates contact & contact details with auto-generated IDs","invocations":1,"location":null,"numPassingAsserts":8,"retryReasons":[],"status":"passed","title":"creates contact & contact details with auto-generated IDs"}],"endTime":1765831129637,"message":"","name":"C:\\Users\\HomePC\\Desktop\\Haypbooksv9\\Haypbooks\\Backend\\test\\contacts.e2e-spec.ts","startTime":1765831123201,"status":"passed","summary":""},{"assertionResults":[{"ancestorTitles":["Accountant API (e2e)"],"duration":99,"failureDetails":[],"failureMessages":[],"fullName":"Accountant API (e2e) /api/accountants/clients (POST) -> creates, GET returns it, DELETE removes","invocations":1,"location":null,"numPassingAsserts":1,"retryReasons":[],"status":"passed","title":"/api/accountants/clients (POST) -> creates, GET returns it, DELETE removes"}],"endTime":1765831135698,"message":"","name":"C:\\Users\\HomePC\\Desktop\\Haypbooksv9\\Haypbooks\\Backend\\test\\accountant.api.e2e-spec.ts","startTime":1765831129642,"status":"passed","summary":""},{"assertionResults":[{"ancestorTitles":["DB Integrity"],"duration":5378,"failureDetails":[{"code":"ERR_UNHANDLED_ERROR","context":{"client":{"_events":{},"_eventsCount":1,"connectionParameters":{"user":"postgres","database":"haypbooks_test","port":5432,"host":"localhost","binary":false,"ssl":false,"client_encoding":"","isDomainSocket":false,"statement_timeout":false,"lock_timeout":false,"idle_in_transaction_session_timeout":false,"query_timeout":false,"connect_timeout":0},"user":"postgres","database":"haypbooks_test","port":5432,"host":"localhost","_types":{"_types":{"arrayParser":{},"builtins":{"BOOL":16,"BYTEA":17,"CHAR":18,"INT8":20,"INT2":21,"INT4":23,"REGPROC":24,"TEXT":25,"OID":26,"TID":27,"XID":28,"CID":29,"JSON":114,"XML":142,"PG_NODE_TREE":194,"SMGR":210,"PATH":602,"POLYGON":604,"CIDR":650,"FLOAT4":700,"FLOAT8":701,"ABSTIME":702,"RELTIME":703,"TINTERVAL":704,"CIRCLE":718,"MACADDR8":774,"MONEY":790,"MACADDR":829,"INET":869,"ACLITEM":1033,"BPCHAR":1042,"VARCHAR":1043,"DATE":1082,"TIME":1083,"TIMESTAMP":1114,"TIMESTAMPTZ":1184,"INTERVAL":1186,"TIMETZ":1266,"BIT":1560,"VARBIT":1562,"NUMERIC":1700,"REFCURSOR":1790,"REGPROCEDURE":2202,"REGOPER":2203,"REGOPERATOR":2204,"REGCLASS":2205,"REGTYPE":2206,"UUID":2950,"TXID_SNAPSHOT":2970,"PG_LSN":3220,"PG_NDISTINCT":3361,"PG_DEPENDENCIES":3402,"TSVECTOR":3614,"TSQUERY":3615,"GTSVECTOR":3642,"REGCONFIG":3734,"REGDICTIONARY":3769,"JSONB":3802,"REGNAMESPACE":4089,"REGROLE":4096}},"text":{},"binary":{}},"_ending":true,"_ended":true,"_connecting":false,"_connected":true,"_connectionError":false,"_queryable":false,"enableChannelBinding":false,"connection":{"_events":{},"_eventsCount":23,"stream":{"connecting":false,"_hadError":false,"_parent":null,"_host":"localhost","_closeAfterHandlingError":false,"_events":{"end":[null,null]},"_readableState":{"highWaterMark":16384,"buffer":[],"bufferIndex":0,"length":0,"pipes":[],"awaitDrainWriters":null},"_writableState":{"highWaterMark":16384,"length":0,"corked":0,"writelen":0,"bufferedIndex":0,"pendingcb":0},"allowHalfOpen":false,"_eventsCount":4,"_sockname":null,"_pendingData":null,"_pendingEncoding":"","server":null,"_server":null,"autoSelectFamilyAttemptedAddresses":["::1:5432"]},"_keepAlive":false,"_keepAliveInitialDelayMillis":0,"lastBuffer":false,"parsedStatements":{},"ssl":false,"_ending":true,"_emitMessage":false,"_connecting":true},"queryQueue":[],"binary":false,"processID":24200,"secretKey":-348772417,"ssl":false,"_connectionTimeoutMillis":0,"_connectionCallback":null,"saslSession":null,"activeQuery":null,"readyForQuery":true,"hasExecuted":true,"_poolUseCount":3}}}],"failureMessages":["Error: Unhandled error. (Error: Connection terminated unexpectedly\n    at Connection.<anonymous> (C:\\Users\\HomePC\\Desktop\\Haypbooksv9\\Haypbooks\\Backend\\node_modules\\pg\\lib\\client.js:136:73)\n    at Object.onceWrapper (node:events:632:28)\n    at Connection.emit (node:events:518:28)\n    at Socket.<anonymous> (C:\\Users\\HomePC\\Desktop\\Haypbooksv9\\Haypbooks\\Backend\\node_modules\\pg\\lib\\connection.js:62:12)\n    at Socket.emit (node:events:518:28)\n    at TCP.<anonymous> (node:net:346:12) {\n  client: Client {\n    _events: [Object: null prototype] { error: [Function (anonymous)] },\n    _eventsCount: 1,\n    _maxListeners: undefined,\n    connectionParameters: ConnectionParameters {\n      user: 'postgres',\n      database: 'haypbooks_test',\n      port: 5432,\n      host: 'localhost',\n      binary: false,\n      options: undefined,\n      ssl: false,\n      client_encoding: '',\n      replication: undefined,\n      isDomainSocket: false,\n      application_name: undefined,\n      fallback_application_name: undefined,\n      statement_timeout: false,\n      lock_timeout: false,\n      idle_in_transaction_session_timeout: false,\n      query_timeout: false,\n      connect_timeout: 0\n    },\n    user: 'postgres',\n    database: 'haypbooks_test',\n    port: 5432,\n    host: 'localhost',\n    replication: undefined,\n    _Promise: [Function: Promise],\n    _types: TypeOverrides { _types: [Object], text: {}, binary: {} },\n    _ending: true,\n    _ended: true,\n    _connecting: false,\n    _connected: true,\n    _connectionError: false,\n    _queryable: false,\n    enableChannelBinding: false,\n    connection: Connection {\n      _events: [Object: null prototype],\n      _eventsCount: 23,\n      _maxListeners: undefined,\n      stream: [Socket],\n      _keepAlive: false,\n      _keepAliveInitialDelayMillis: 0,\n      lastBuffer: false,\n      parsedStatements: {},\n      ssl: false,\n      _ending: true,\n      _emitMessage: false,\n      _connecting: true,\n      [Symbol(shapeMode)]: false,\n      [Symbol(kCapture)]: false\n    },\n    queryQueue: [],\n    binary: false,\n    processID: 24200,\n    secretKey: -348772417,\n    ssl: false,\n    _connectionTimeoutMillis: 0,\n    _connectionCallback: null,\n    saslSession: null,\n    release: [Function (anonymous)],\n    activeQuery: null,\n    readyForQuery: true,\n    hasExecuted: true,\n    _poolUseCount: 3,\n    [Symbol(shapeMode)]: false,\n    [Symbol(kCapture)]: false\n  }\n})\n    at BoundPool.emit (node:events:507:17)\n    at Client.idleListener (C:\\Users\\HomePC\\Desktop\\Haypbooksv9\\Haypbooks\\Backend\\node_modules\\pg-pool\\index.js:62:10)\n    at Client.emit (node:events:518:28)\n    at Client._handleErrorEvent (C:\\Users\\HomePC\\Desktop\\Haypbooksv9\\Haypbooks\\Backend\\node_modules\\pg\\lib\\client.js:350:10)\n    at Connection.<anonymous> (C:\\Users\\HomePC\\Desktop\\Haypbooksv9\\Haypbooks\\Backend\\node_modules\\pg\\lib\\client.js:154:16)\n    at Object.onceWrapper (node:events:632:28)\n    at Connection.emit (node:events:518:28)\n    at Socket.<anonymous> (C:\\Users\\HomePC\\Desktop\\Haypbooksv9\\Haypbooks\\Backend\\node_modules\\pg\\lib\\connection.js:62:12)\n    at Socket.emit (node:events:518:28)\n    at TCP.<anonymous> (node:net:346:12)"],"fullName":"DB Integrity checks tenant FKs and tenantId indexes for Phase2 candidates","invocations":1,"location":null,"numPassingAsserts":18,"retryReasons":[],"status":"failed","title":"checks tenant FKs and tenantId indexes for Phase2 candidates"}],"endTime":1765831141125,"message":"\u001b[1m\u001b[31m  \u001b[1m● \u001b[22m\u001b[1mDB Integrity › checks tenant FKs and tenantId indexes for Phase2 candidates\u001b[39m\u001b[22m\n\n    Unhandled error. (Error: Connection terminated unexpectedly\n\u001b[2m\u001b[22m\n\u001b[2m      \u001b[2mat Connection.<anonymous> (\u001b[22m\u001b[2mnode_modules/pg/lib/client.js\u001b[2m:136:73)\u001b[22m\u001b[2m\u001b[22m\n\u001b[2m      \u001b[2mat Socket.<anonymous> (\u001b[22m\u001b[2mnode_modules/pg/lib/connection.js\u001b[2m:62:12)\u001b[22m\u001b[2m\u001b[22m\n\u001b[2m      \u001b[2mat TCP.<anonymous> (\u001b[22m\u001b[2mnode:net\u001b[2m:346:12) {\u001b[22m\u001b[2m\u001b[22m\n\u001b[2m        client: Client {\u001b[22m\n\u001b[2m          _events: [Object: null prototype] { error: [Function (anonymous)] },\u001b[22m\n\u001b[2m          _eventsCount: 1,\u001b[22m\n\u001b[2m          _maxListeners: undefined,\u001b[22m\n\u001b[2m          connectionParameters: ConnectionParameters {\u001b[22m\n\u001b[2m            user: 'postgres',\u001b[22m\n\u001b[2m            database: 'haypbooks_test',\u001b[22m\n\u001b[2m            port: 5432,\u001b[22m\n\u001b[2m            host: 'localhost',\u001b[22m\n\u001b[2m            binary: false,\u001b[22m\n\u001b[2m            options: undefined,\u001b[22m\n\u001b[2m            ssl: false,\u001b[22m\n\u001b[2m            client_encoding: '',\u001b[22m\n\u001b[2m            replication: undefined,\u001b[22m\n\u001b[2m            isDomainSocket: false,\u001b[22m\n\u001b[2m            application_name: undefined,\u001b[22m\n\u001b[2m            fallback_application_name: undefined,\u001b[22m\n\u001b[2m            statement_timeout: false,\u001b[22m\n\u001b[2m            lock_timeout: false,\u001b[22m\n\u001b[2m            idle_in_transaction_session_timeout: false,\u001b[22m\n\u001b[2m            query_timeout: false,\u001b[22m\n\u001b[2m            connect_timeout: 0\u001b[22m\n\u001b[2m          },\u001b[22m\n\u001b[2m          user: 'postgres',\u001b[22m\n\u001b[2m          database: 'haypbooks_test',\u001b[22m\n\u001b[2m          port: 5432,\u001b[22m\n\u001b[2m          host: 'localhost',\u001b[22m\n\u001b[2m          replication: undefined,\u001b[22m\n\u001b[2m          _Promise: [Function: Promise],\u001b[22m\n\u001b[2m          _types: TypeOverrides { _types: [Object], text: {}, binary: {} },\u001b[22m\n\u001b[2m          _ending: true,\u001b[22m\n\u001b[2m          _ended: true,\u001b[22m\n\u001b[2m          _connecting: false,\u001b[22m\n\u001b[2m          _connected: true,\u001b[22m\n\u001b[2m          _connectionError: false,\u001b[22m\n\u001b[2m          _queryable: false,\u001b[22m\n\u001b[2m          enableChannelBinding: false,\u001b[22m\n\u001b[2m          connection: Connection {\u001b[22m\n\u001b[2m            _events: [Object: null prototype],\u001b[22m\n\u001b[2m            _eventsCount: 23,\u001b[22m\n\u001b[2m            _maxListeners: undefined,\u001b[22m\n\u001b[2m            stream: [Socket],\u001b[22m\n\u001b[2m            _keepAlive: false,\u001b[22m\n\u001b[2m            _keepAliveInitialDelayMillis: 0,\u001b[22m\n\u001b[2m            lastBuffer: false,\u001b[22m\n\u001b[2m            parsedStatements: {},\u001b[22m\n\u001b[2m            ssl: false,\u001b[22m\n\u001b[2m            _ending: true,\u001b[22m\n\u001b[2m            _emitMessage: false,\u001b[22m\n\u001b[2m            _connecting: true,\u001b[22m\n\u001b[2m            [Symbol(shapeMode)]: false,\u001b[22m\n\u001b[2m            [Symbol(kCapture)]: false\u001b[22m\n\u001b[2m          },\u001b[22m\n\u001b[2m          queryQueue: [],\u001b[22m\n\u001b[2m          binary: false,\u001b[22m\n\u001b[2m          processID: 24200,\u001b[22m\n\u001b[2m          secretKey: -348772417,\u001b[22m\n\u001b[2m          ssl: false,\u001b[22m\n\u001b[2m          _connectionTimeoutMillis: 0,\u001b[22m\n\u001b[2m          _connectionCallback: null,\u001b[22m\n\u001b[2m          saslSession: null,\u001b[22m\n\u001b[2m          release: [Function (anonymous)],\u001b[22m\n\u001b[2m          activeQuery: null,\u001b[22m\n\u001b[2m          readyForQuery: true,\u001b[22m\n\u001b[2m          hasExecuted: true,\u001b[22m\n\u001b[2m          _poolUseCount: 3,\u001b[22m\n\u001b[2m          [Symbol(shapeMode)]: false,\u001b[22m\n\u001b[2m          [Symbol(kCapture)]: false\u001b[22m\n\u001b[2m        }\u001b[22m\n\u001b[2m      })\u001b[22m\n\u001b[2m      \u001b[2mat Client.idleListener (\u001b[22m\u001b[2mnode_modules/pg-pool/index.js\u001b[2m:62:10)\u001b[22m\u001b[2m\u001b[22m\n\u001b[2m      \u001b[2mat Client._handleErrorEvent (\u001b[22m\u001b[2mnode_modules/pg/lib/client.js\u001b[2m:350:10)\u001b[22m\u001b[2m\u001b[22m\n\u001b[2m      \u001b[2mat Connection.<anonymous> (\u001b[22m\u001b[2mnode_modules/pg/lib/client.js\u001b[2m:154:16)\u001b[22m\u001b[2m\u001b[22m\n\u001b[2m      \u001b[2mat Socket.<anonymous> (\u001b[22m\u001b[2mnode_modules/pg/lib/connection.js\u001b[2m:62:12)\u001b[22m\u001b[2m\u001b[22m\n","name":"C:\\Users\\HomePC\\Desktop\\Haypbooksv9\\Haypbooks\\Backend\\test\\db-integrity.e2e-spec.ts","startTime":1765831135703,"status":"failed","summary":""},{"assertionResults":[{"ancestorTitles":["RLS Enforcement Additional"],"duration":97,"failureDetails":[],"failureMessages":[],"fullName":"RLS Enforcement Additional Attachment is protected and bypass works","invocations":1,"location":null,"numPassingAsserts":2,"retryReasons":[],"status":"passed","title":"Attachment is protected and bypass works"},{"ancestorTitles":["RLS Enforcement Additional"],"duration":86,"failureDetails":[],"failureMessages":[],"fullName":"RLS Enforcement Additional Invoice is protected and bypass works","invocations":1,"location":null,"numPassingAsserts":2,"retryReasons":[],"status":"passed","title":"Invoice is protected and bypass works"}],"endTime":1765831147307,"message":"","name":"C:\\Users\\HomePC\\Desktop\\Haypbooksv9\\Haypbooks\\Backend\\test\\rls-enforcement-additional.e2e-spec.ts","startTime":1765831141132,"status":"passed","summary":""},{"assertionResults":[{"ancestorTitles":["RLS Enforcement"],"duration":5916,"failureDetails":[],"failureMessages":[],"fullName":"RLS Enforcement prevents cross-tenant access but allows bypass","invocations":1,"location":null,"numPassingAsserts":2,"retryReasons":[],"status":"passed","title":"prevents cross-tenant access but allows bypass"}],"endTime":1765831153280,"message":"","name":"C:\\Users\\HomePC\\Desktop\\Haypbooksv9\\Haypbooks\\Backend\\test\\rls-enforcement.e2e-spec.ts","startTime":1765831147312,"status":"passed","summary":""},{"assertionResults":[{"ancestorTitles":["Accountant tenant RLS"],"duration":5536,"failureDetails":[],"failureMessages":[],"fullName":"Accountant tenant RLS ensures RLS applied for accountant tables","invocations":1,"location":null,"numPassingAsserts":2,"retryReasons":[],"status":"passed","title":"ensures RLS applied for accountant tables"}],"endTime":1765831158864,"message":"","name":"C:\\Users\\HomePC\\Desktop\\Haypbooksv9\\Haypbooks\\Backend\\test\\accountant.tenant.e2e-spec.ts","startTime":1765831153283,"status":"passed","summary":""},{"assertionResults":[{"ancestorTitles":["Tasks & Attachments API (e2e)"],"duration":771,"failureDetails":[],"failureMessages":[],"fullName":"Tasks & Attachments API (e2e) archive/unarchive a task via API","invocations":1,"location":null,"numPassingAsserts":2,"retryReasons":[],"status":"passed","title":"archive/unarchive a task via API"},{"ancestorTitles":["Tasks & Attachments API (e2e)"],"duration":19,"failureDetails":[],"failureMessages":[],"fullName":"Tasks & Attachments API (e2e) toggle attachment public flag","invocations":1,"location":null,"numPassingAsserts":2,"retryReasons":[],"status":"passed","title":"toggle attachment public flag"}],"endTime":1765831164450,"message":"","name":"C:\\Users\\HomePC\\Desktop\\Haypbooksv9\\Haypbooks\\Backend\\test\\e2e\\tasks-attachments.e2e-spec.ts","startTime":1765831158868,"status":"passed","summary":""},{"assertionResults":[{"ancestorTitles":["Fixed Assets (e2e)"],"duration":10,"failureDetails":[],"failureMessages":[],"fullName":"Fixed Assets (e2e) creates fixed asset, category and depreciation entries","invocations":1,"location":null,"numPassingAsserts":5,"retryReasons":[],"status":"passed","title":"creates fixed asset, category and depreciation entries"}],"endTime":1765831165217,"message":"","name":"C:\\Users\\HomePC\\Desktop\\Haypbooksv9\\Haypbooks\\Backend\\test\\fixed-assets.e2e-spec.ts","startTime":1765831164454,"status":"passed","summary":""},{"assertionResults":[{"ancestorTitles":["Timesheets (e2e)"],"duration":14,"failureDetails":[],"failureMessages":[],"fullName":"Timesheets (e2e) creates and retrieves timesheets with entries and approvals","invocations":1,"location":null,"numPassingAsserts":6,"retryReasons":[],"status":"passed","title":"creates and retrieves timesheets with entries and approvals"}],"endTime":1765831165994,"message":"","name":"C:\\Users\\HomePC\\Desktop\\Haypbooksv9\\Haypbooks\\Backend\\test\\timesheets.e2e-spec.ts","startTime":1765831165220,"status":"passed","summary":""},{"assertionResults":[{"ancestorTitles":["Payroll API (basic e2e)"],"duration":7,"failureDetails":[],"failureMessages":[],"fullName":"Payroll API (basic e2e) can create an employee and pay schedule","invocations":1,"location":null,"numPassingAsserts":4,"retryReasons":[],"status":"passed","title":"can create an employee and pay schedule"}],"endTime":1765831166752,"message":"","name":"C:\\Users\\HomePC\\Desktop\\Haypbooksv9\\Haypbooks\\Backend\\test\\payroll.e2e-spec.ts","startTime":1765831165997,"status":"passed","summary":""},{"assertionResults":[{"ancestorTitles":["Budgets (e2e)"],"duration":9,"failureDetails":[],"failureMessages":[],"fullName":"Budgets (e2e) creates and retrieves budgets with lines","invocations":1,"location":null,"numPassingAsserts":5,"retryReasons":[],"status":"passed","title":"creates and retrieves budgets with lines"}],"endTime":1765831167566,"message":"","name":"C:\\Users\\HomePC\\Desktop\\Haypbooksv9\\Haypbooks\\Backend\\test\\budgets.e2e-spec.ts","startTime":1765831166755,"status":"passed","summary":""}],"wasInterrupted":false}
